2021-11-07 19:35:09,449 [INFO] Activator:177 - 


2021-11-07 19:35:09,451 [INFO] Activator:178 - !SESSION log4j initialized
2021-11-07 19:35:14,347 [INFO] McuFinderGlobals:39 - Set McuFinder mode to 2 (CubeIDE integrated)
2021-11-07 19:35:14,408 [INFO] ApplicationProperties:181 - Using Application install path: /opt/st/stm32cubeide_1.7.0/plugins/com.st.stm32cube.common.mx_6.3.0.202107141111
2021-11-07 19:35:14,416 [INFO] DbMcusXml:74 - Set database path to: /opt/st/stm32cubeide_1.7.0/plugins/com.st.stm32cube.common.mx_6.3.0.202107141111//db//mcu/
2021-11-07 19:35:14,419 [INFO] DbBoardsPdsc:56 - Set plugin database path to: /opt/st/stm32cubeide_1.7.0/plugins/com.st.stm32cube.common.mx_6.3.0.202107141111//db//plugins/boardmanager/
2021-11-07 19:35:14,419 [INFO] DbMcus:258 - Set plugin images path to: /opt/st/stm32cubeide_1.7.0/plugins/com.st.stm32cube.common.mx_6.3.0.202107141111//db//plugins/mcufinder/images/
2021-11-07 19:35:14,419 [INFO] DbBoards:264 - Set plugin images path to: /opt/st/stm32cubeide_1.7.0/plugins/com.st.stm32cube.common.mx_6.3.0.202107141111//db//plugins/mcufinder/images/
2021-11-07 19:35:14,422 [INFO] DbExamples:333 - Set plugin images path to: /opt/st/stm32cubeide_1.7.0/plugins/com.st.stm32cube.common.mx_6.3.0.202107141111//db//plugins/mcufinder/images/
2021-11-07 19:35:14,424 [INFO] DbMcusAds:119 - Set database path to: /home/dedushka-mazay/.stmcufinder/plugins/mcufinder//mcu/
2021-11-07 19:35:14,424 [INFO] DbMcusDocs:110 - Set database path to: /home/dedushka-mazay/.stmcufinder/plugins/mcufinder//mcu/
2021-11-07 19:35:14,426 [INFO] DbMcusJson:64 - Set database path to: /home/dedushka-mazay/.stmcufinder/plugins/mcufinder//mcu/
2021-11-07 19:35:14,426 [INFO] DbBoardsDocs:110 - Set database path to: /home/dedushka-mazay/.stmcufinder/plugins/mcufinder//mcu/
2021-11-07 19:35:14,427 [INFO] DbBoardsJson:57 - Set database path to: /home/dedushka-mazay/.stmcufinder/plugins/mcufinder//mcu/
2021-11-07 19:35:14,429 [INFO] CrossReferenceDbSqlite:196 - Set database path to: /home/dedushka-mazay/.stmcufinder/plugins/mcufinder//mcu/cs/
2021-11-07 19:35:14,432 [INFO] DbExamplesSqlite:767 - Set database path to: /home/dedushka-mazay/.stmcufinder/plugins/mcufinder//mcu/
2021-11-07 19:35:14,524 [INFO] RulesReader:57 - Compatibility file has been processed (242 Rules)
2021-11-07 19:35:14,580 [INFO] DbMcusXml:74 - Set database path to: /opt/st/stm32cubeide_1.7.0/plugins/com.st.stm32cube.common.mx_6.3.0.202107141111//db//mcu/
2021-11-07 19:35:14,581 [INFO] DbBoardsPdsc:56 - Set plugin database path to: /opt/st/stm32cubeide_1.7.0/plugins/com.st.stm32cube.common.mx_6.3.0.202107141111//db//plugins/boardmanager/
2021-11-07 19:35:14,582 [INFO] DbMcus:258 - Set plugin images path to: /opt/st/stm32cubeide_1.7.0/plugins/com.st.stm32cube.common.mx_6.3.0.202107141111//db//plugins/mcufinder/images/
2021-11-07 19:35:14,582 [INFO] DbBoards:264 - Set plugin images path to: /opt/st/stm32cubeide_1.7.0/plugins/com.st.stm32cube.common.mx_6.3.0.202107141111//db//plugins/mcufinder/images/
2021-11-07 19:35:14,582 [INFO] DbExamples:333 - Set plugin images path to: /opt/st/stm32cubeide_1.7.0/plugins/com.st.stm32cube.common.mx_6.3.0.202107141111//db//plugins/mcufinder/images/
2021-11-07 19:35:14,582 [WARN] DbFile:35 - Overriding database path with different value: /home/dedushka-mazay/.stmcufinder/plugins/mcufinder/ => /home/dedushka-mazay/.stmcufinder/plugins/mcufinder
2021-11-07 19:35:14,582 [INFO] DbMcusAds:119 - Set database path to: /home/dedushka-mazay/.stmcufinder/plugins/mcufinder//mcu/
2021-11-07 19:35:14,582 [WARN] DbFile:35 - Overriding database path with different value: /home/dedushka-mazay/.stmcufinder/plugins/mcufinder/ => /home/dedushka-mazay/.stmcufinder/plugins/mcufinder
2021-11-07 19:35:14,582 [INFO] DbMcusDocs:110 - Set database path to: /home/dedushka-mazay/.stmcufinder/plugins/mcufinder//mcu/
2021-11-07 19:35:14,582 [WARN] DbFile:35 - Overriding database path with different value: /home/dedushka-mazay/.stmcufinder/plugins/mcufinder/ => /home/dedushka-mazay/.stmcufinder/plugins/mcufinder
2021-11-07 19:35:14,583 [INFO] DbMcusJson:64 - Set database path to: /home/dedushka-mazay/.stmcufinder/plugins/mcufinder//mcu/
2021-11-07 19:35:14,583 [WARN] DbFile:35 - Overriding database path with different value: /home/dedushka-mazay/.stmcufinder/plugins/mcufinder/ => /home/dedushka-mazay/.stmcufinder/plugins/mcufinder
2021-11-07 19:35:14,583 [INFO] DbBoardsDocs:110 - Set database path to: /home/dedushka-mazay/.stmcufinder/plugins/mcufinder//mcu/
2021-11-07 19:35:14,583 [WARN] DbFile:35 - Overriding database path with different value: /home/dedushka-mazay/.stmcufinder/plugins/mcufinder/ => /home/dedushka-mazay/.stmcufinder/plugins/mcufinder
2021-11-07 19:35:14,583 [INFO] DbBoardsJson:57 - Set database path to: /home/dedushka-mazay/.stmcufinder/plugins/mcufinder//mcu/
2021-11-07 19:35:14,583 [WARN] DbFile:35 - Overriding database path with different value: /home/dedushka-mazay/.stmcufinder/plugins/mcufinder/ => /home/dedushka-mazay/.stmcufinder/plugins/mcufinder
2021-11-07 19:35:14,583 [WARN] DbFile:35 - Overriding database path with different value: /home/dedushka-mazay/.stmcufinder/plugins/mcufinder/ => /home/dedushka-mazay/.stmcufinder/plugins/mcufinder
2021-11-07 19:35:14,583 [INFO] CrossReferenceDbSqlite:196 - Set database path to: /home/dedushka-mazay/.stmcufinder/plugins/mcufinder//mcu/cs/
2021-11-07 19:35:14,584 [WARN] DbFile:35 - Overriding database path with different value: /home/dedushka-mazay/.stmcufinder/plugins/mcufinder/ => /home/dedushka-mazay/.stmcufinder/plugins/mcufinder
2021-11-07 19:35:14,584 [INFO] DbExamplesSqlite:767 - Set database path to: /home/dedushka-mazay/.stmcufinder/plugins/mcufinder//mcu/
2021-11-07 19:35:14,634 [INFO] MainPanel:214 - HeapMemory: 268435456
2021-11-07 19:35:14,686 [INFO] DbMcusXml:74 - Set database path to: /opt/st/stm32cubeide_1.7.0/plugins/com.st.stm32cube.common.mx_6.3.0.202107141111//db//mcu/
2021-11-07 19:35:14,686 [INFO] DbBoardsPdsc:56 - Set plugin database path to: /opt/st/stm32cubeide_1.7.0/plugins/com.st.stm32cube.common.mx_6.3.0.202107141111//db//plugins/boardmanager/
2021-11-07 19:35:14,686 [INFO] DbMcus:258 - Set plugin images path to: /opt/st/stm32cubeide_1.7.0/plugins/com.st.stm32cube.common.mx_6.3.0.202107141111//db//plugins/mcufinder/images/
2021-11-07 19:35:14,686 [INFO] DbBoards:264 - Set plugin images path to: /opt/st/stm32cubeide_1.7.0/plugins/com.st.stm32cube.common.mx_6.3.0.202107141111//db//plugins/mcufinder/images/
2021-11-07 19:35:14,686 [INFO] DbExamples:333 - Set plugin images path to: /opt/st/stm32cubeide_1.7.0/plugins/com.st.stm32cube.common.mx_6.3.0.202107141111//db//plugins/mcufinder/images/
2021-11-07 19:35:14,686 [WARN] DbFile:35 - Overriding database path with different value: /home/dedushka-mazay/.stmcufinder/plugins/mcufinder/ => /home/dedushka-mazay/.stmcufinder/plugins/mcufinder
2021-11-07 19:35:14,686 [INFO] DbMcusAds:119 - Set database path to: /home/dedushka-mazay/.stmcufinder/plugins/mcufinder//mcu/
2021-11-07 19:35:14,687 [WARN] DbFile:35 - Overriding database path with different value: /home/dedushka-mazay/.stmcufinder/plugins/mcufinder/ => /home/dedushka-mazay/.stmcufinder/plugins/mcufinder
2021-11-07 19:35:14,687 [INFO] DbMcusDocs:110 - Set database path to: /home/dedushka-mazay/.stmcufinder/plugins/mcufinder//mcu/
2021-11-07 19:35:14,687 [WARN] DbFile:35 - Overriding database path with different value: /home/dedushka-mazay/.stmcufinder/plugins/mcufinder/ => /home/dedushka-mazay/.stmcufinder/plugins/mcufinder
2021-11-07 19:35:14,687 [INFO] DbMcusJson:64 - Set database path to: /home/dedushka-mazay/.stmcufinder/plugins/mcufinder//mcu/
2021-11-07 19:35:14,687 [WARN] DbFile:35 - Overriding database path with different value: /home/dedushka-mazay/.stmcufinder/plugins/mcufinder/ => /home/dedushka-mazay/.stmcufinder/plugins/mcufinder
2021-11-07 19:35:14,687 [INFO] DbBoardsDocs:110 - Set database path to: /home/dedushka-mazay/.stmcufinder/plugins/mcufinder//mcu/
2021-11-07 19:35:14,687 [WARN] DbFile:35 - Overriding database path with different value: /home/dedushka-mazay/.stmcufinder/plugins/mcufinder/ => /home/dedushka-mazay/.stmcufinder/plugins/mcufinder
2021-11-07 19:35:14,687 [INFO] DbBoardsJson:57 - Set database path to: /home/dedushka-mazay/.stmcufinder/plugins/mcufinder//mcu/
2021-11-07 19:35:14,687 [WARN] DbFile:35 - Overriding database path with different value: /home/dedushka-mazay/.stmcufinder/plugins/mcufinder/ => /home/dedushka-mazay/.stmcufinder/plugins/mcufinder
2021-11-07 19:35:14,687 [WARN] DbFile:35 - Overriding database path with different value: /home/dedushka-mazay/.stmcufinder/plugins/mcufinder/ => /home/dedushka-mazay/.stmcufinder/plugins/mcufinder
2021-11-07 19:35:14,687 [INFO] CrossReferenceDbSqlite:196 - Set database path to: /home/dedushka-mazay/.stmcufinder/plugins/mcufinder//mcu/cs/
2021-11-07 19:35:14,687 [WARN] DbFile:35 - Overriding database path with different value: /home/dedushka-mazay/.stmcufinder/plugins/mcufinder/ => /home/dedushka-mazay/.stmcufinder/plugins/mcufinder
2021-11-07 19:35:14,688 [INFO] DbExamplesSqlite:767 - Set database path to: /home/dedushka-mazay/.stmcufinder/plugins/mcufinder//mcu/
2021-11-07 19:35:14,698 [INFO] ApplicationProperties:181 - Using Application install path: /opt/st/stm32cubeide_1.7.0/plugins/com.st.stm32cube.common.mx_6.3.0.202107141111
2021-11-07 19:35:14,699 [INFO] PluginManage:188 - Search for loadable plugins [exclusion list=, ]
2021-11-07 19:35:14,700 [INFO] PluginManage:302 - Check plugin analytics
2021-11-07 19:35:14,799 [INFO] AnalyticsPlugin:257 - Accepted Software Licenses: 
2021-11-07 19:35:14,800 [INFO] AnalyticsPlugin:259 - Accepted CMSIS Pack Licenses: 
2021-11-07 19:35:14,800 [INFO] AnalyticsPlugin:261 - Accepted Firmware Licenses: 
2021-11-07 19:35:14,800 [INFO] PluginManage:352 - Loaded plugin analytics (category:tool,tabindex:-1)
2021-11-07 19:35:14,801 [INFO] PluginManage:302 - Check plugin clock
2021-11-07 19:35:14,808 [INFO] PluginManage:352 - Loaded plugin clock (category:base,tabindex:2)
2021-11-07 19:35:14,808 [INFO] PluginManage:302 - Check plugin ddr
2021-11-07 19:35:14,809 [INFO] PluginManage:352 - Loaded plugin ddr (category:tool,tabindex:6)
2021-11-07 19:35:14,810 [INFO] PluginManage:302 - Check plugin filemanager
2021-11-07 19:35:14,893 [INFO] PluginManage:352 - Loaded plugin filemanager (category:base,tabindex:10)
2021-11-07 19:35:14,893 [INFO] PluginManage:302 - Check plugin ipmanager
2021-11-07 19:35:14,899 [INFO] PluginManage:352 - Loaded plugin ipmanager (category:base,tabindex:5)
2021-11-07 19:35:14,899 [INFO] PluginManage:302 - Check plugin pinoutandconfiguration
2021-11-07 19:35:14,904 [INFO] PluginManage:352 - Loaded plugin pinoutandconfiguration (category:base,tabindex:1)
2021-11-07 19:35:14,904 [INFO] PluginManage:302 - Check plugin pinoutconfig
2021-11-07 19:35:14,920 [INFO] PluginManage:352 - Loaded plugin pinoutconfig (category:base,tabindex:0)
2021-11-07 19:35:14,920 [INFO] PluginManage:302 - Check plugin power
2021-11-07 19:35:14,925 [INFO] PluginManage:352 - Loaded plugin power (category:power,tabindex:4)
2021-11-07 19:35:14,925 [INFO] PluginManage:302 - Check plugin projectmanager
2021-11-07 19:35:14,935 [INFO] PluginManage:352 - Loaded plugin projectmanager (category:projectmanager,tabindex:3)
2021-11-07 19:35:14,935 [INFO] PluginManage:302 - Check plugin thirdparty
2021-11-07 19:35:15,013 [WARN] IntegrityCheckThread:78 - waiting for thirdparty lock release [integrity check]
2021-11-07 19:35:15,013 [INFO] IntegrityCheckThread:80 - entering critical section [integrity check]
2021-11-07 19:35:15,013 [INFO] PluginManage:352 - Loaded plugin thirdparty (category:base,tabindex:-1)
2021-11-07 19:35:15,013 [INFO] ThirdPartyUpdaterWithRetryManager:66 - Updater plugin not ready yet. [1/15]
2021-11-07 19:35:15,014 [INFO] PluginManage:302 - Check plugin tools
2021-11-07 19:35:15,015 [INFO] PluginManage:352 - Loaded plugin tools (category:base,tabindex:7)
2021-11-07 19:35:15,015 [INFO] PluginManage:302 - Check plugin tutovideos
2021-11-07 19:35:15,203 [INFO] PluginManage:352 - Loaded plugin tutovideos (category:base,tabindex:-1)
2021-11-07 19:35:15,203 [INFO] PluginManage:302 - Check plugin updater
2021-11-07 19:35:15,220 [INFO] PluginManage:352 - Loaded plugin updater (category:base,tabindex:12)
2021-11-07 19:35:15,221 [INFO] PluginManage:275 - PluginManage : Loaded plugins [13]
2021-11-07 19:35:15,394 [INFO] PinOutPanel:1463 - setPackage(No Configuration,No Configuration)
2021-11-07 19:35:15,450 [INFO] IPUIPlugin:74 - create IPUIPlugin
2021-11-07 19:35:15,451 [INFO] PluginManager:213 - loadIPPluginJar : add i2s
2021-11-07 19:35:15,457 [INFO] IPUIPlugin:74 - create IPUIPlugin
2021-11-07 19:35:15,457 [INFO] PluginManager:213 - loadIPPluginJar : add linkedlist
2021-11-07 19:35:15,460 [INFO] IPUIPlugin:74 - create IPUIPlugin
2021-11-07 19:35:15,460 [INFO] PluginManager:213 - loadIPPluginJar : add ipddr
2021-11-07 19:35:15,466 [INFO] IPUIPlugin:74 - create IPUIPlugin
2021-11-07 19:35:15,466 [INFO] PluginManager:213 - loadIPPluginJar : add adc
2021-11-07 19:35:15,468 [INFO] IPUIPlugin:74 - create IPUIPlugin
2021-11-07 19:35:15,468 [INFO] PluginManager:213 - loadIPPluginJar : add pdm2pcm
2021-11-07 19:35:15,470 [INFO] IPUIPlugin:74 - create IPUIPlugin
2021-11-07 19:35:15,471 [INFO] PluginManager:213 - loadIPPluginJar : add dma3
2021-11-07 19:35:15,475 [INFO] IPUIPlugin:74 - create IPUIPlugin
2021-11-07 19:35:15,475 [INFO] PluginManager:213 - loadIPPluginJar : add gic
2021-11-07 19:35:15,477 [INFO] IPUIPlugin:74 - create IPUIPlugin
2021-11-07 19:35:15,477 [INFO] PluginManager:213 - loadIPPluginJar : add openamp
2021-11-07 19:35:15,479 [INFO] IPUIPlugin:74 - create IPUIPlugin
2021-11-07 19:35:15,480 [INFO] PluginManager:213 - loadIPPluginJar : add i2c
2021-11-07 19:35:15,481 [INFO] IPUIPlugin:74 - create IPUIPlugin
2021-11-07 19:35:15,481 [INFO] PluginManager:213 - loadIPPluginJar : add gfxmmu
2021-11-07 19:35:15,483 [INFO] IPUIPlugin:74 - create IPUIPlugin
2021-11-07 19:35:15,483 [INFO] PluginManager:213 - loadIPPluginJar : add ucpd
2021-11-07 19:35:15,485 [INFO] IPUIPlugin:74 - create IPUIPlugin
2021-11-07 19:35:15,485 [INFO] PluginManager:213 - loadIPPluginJar : add hash
2021-11-07 19:35:15,486 [INFO] IPUIPlugin:74 - create IPUIPlugin
2021-11-07 19:35:15,486 [INFO] PluginManager:213 - loadIPPluginJar : add quadspi
2021-11-07 19:35:15,491 [INFO] IPUIPlugin:74 - create IPUIPlugin
2021-11-07 19:35:15,491 [INFO] PluginManager:213 - loadIPPluginJar : add freertos
2021-11-07 19:35:15,493 [INFO] IPUIPlugin:74 - create IPUIPlugin
2021-11-07 19:35:15,493 [INFO] PluginManager:213 - loadIPPluginJar : add tim
2021-11-07 19:35:15,495 [INFO] IPUIPlugin:74 - create IPUIPlugin
2021-11-07 19:35:15,495 [INFO] PluginManager:213 - loadIPPluginJar : add lorawan
2021-11-07 19:35:15,497 [INFO] IPUIPlugin:74 - create IPUIPlugin
2021-11-07 19:35:15,497 [INFO] PluginManager:213 - loadIPPluginJar : add spi
2021-11-07 19:35:15,501 [INFO] IPUIPlugin:74 - create IPUIPlugin
2021-11-07 19:35:15,501 [INFO] PluginManager:213 - loadIPPluginJar : add stm32_wpan
2021-11-07 19:35:15,503 [INFO] IPUIPlugin:74 - create IPUIPlugin
2021-11-07 19:35:15,503 [INFO] PluginManager:213 - loadIPPluginJar : add usart
2021-11-07 19:35:15,505 [INFO] IPUIPlugin:74 - create IPUIPlugin
2021-11-07 19:35:15,506 [INFO] PluginManager:213 - loadIPPluginJar : add cryp
2021-11-07 19:35:15,510 [INFO] IPUIPlugin:74 - create IPUIPlugin
2021-11-07 19:35:15,511 [INFO] PluginManager:213 - loadIPPluginJar : add dma
2021-11-07 19:35:15,513 [INFO] IPUIPlugin:74 - create IPUIPlugin
2021-11-07 19:35:15,513 [INFO] PluginManager:213 - loadIPPluginJar : add gtzc
2021-11-07 19:35:15,519 [INFO] IPUIPlugin:74 - create IPUIPlugin
2021-11-07 19:35:15,522 [INFO] PluginManager:213 - loadIPPluginJar : add plateformsettings
2021-11-07 19:35:15,527 [INFO] IPUIPlugin:74 - create IPUIPlugin
2021-11-07 19:35:15,527 [INFO] PluginManager:213 - loadIPPluginJar : add fmc
2021-11-07 19:35:15,529 [INFO] IPUIPlugin:74 - create IPUIPlugin
2021-11-07 19:35:15,529 [INFO] PluginManager:213 - loadIPPluginJar : add fatfs
2021-11-07 19:35:15,531 [INFO] IPUIPlugin:74 - create IPUIPlugin
2021-11-07 19:35:15,531 [INFO] PluginManager:213 - loadIPPluginJar : add tracer_emb
2021-11-07 19:35:15,533 [INFO] IPUIPlugin:74 - create IPUIPlugin
2021-11-07 19:35:15,533 [INFO] PluginManager:213 - loadIPPluginJar : add tsc
2021-11-07 19:35:15,535 [INFO] IPUIPlugin:74 - create IPUIPlugin
2021-11-07 19:35:15,535 [INFO] PluginManager:213 - loadIPPluginJar : add can
2021-11-07 19:35:15,537 [INFO] IPUIPlugin:74 - create IPUIPlugin
2021-11-07 19:35:15,537 [INFO] PluginManager:213 - loadIPPluginJar : add ts
2021-11-07 19:35:15,539 [INFO] IPUIPlugin:74 - create IPUIPlugin
2021-11-07 19:35:15,540 [INFO] PluginManager:213 - loadIPPluginJar : add dfsdm
2021-11-07 19:35:15,542 [INFO] IPUIPlugin:74 - create IPUIPlugin
2021-11-07 19:35:15,542 [INFO] PluginManager:213 - loadIPPluginJar : add sai
2021-11-07 19:35:15,545 [INFO] IPUIPlugin:74 - create IPUIPlugin
2021-11-07 19:35:15,545 [INFO] PluginManager:213 - loadIPPluginJar : add nvic
2021-11-07 19:35:15,547 [INFO] IPUIPlugin:74 - create IPUIPlugin
2021-11-07 19:35:15,548 [INFO] PluginManager:213 - loadIPPluginJar : add mdma
2021-11-07 19:35:15,550 [INFO] IPUIPlugin:74 - create IPUIPlugin
2021-11-07 19:35:15,551 [INFO] PluginManager:213 - loadIPPluginJar : add gpio
2021-11-07 19:35:15,552 [INFO] IPUIPlugin:74 - create IPUIPlugin
2021-11-07 19:35:15,552 [INFO] PluginManager:213 - loadIPPluginJar : add comp
2021-11-07 19:35:15,553 [INFO] IPUIPlugin:74 - create IPUIPlugin
2021-11-07 19:35:15,553 [INFO] PluginManager:213 - loadIPPluginJar : add ltdc
2021-11-07 19:35:15,556 [INFO] IPUIPlugin:74 - create IPUIPlugin
2021-11-07 19:35:15,556 [INFO] PluginManager:213 - loadIPPluginJar : add usbx
2021-11-07 19:35:15,557 [INFO] IPUIPlugin:74 - create IPUIPlugin
2021-11-07 19:35:15,557 [INFO] PluginManager:213 - loadIPPluginJar : add genericplugin
2021-11-07 19:35:15,560 [INFO] IPUIPlugin:74 - create IPUIPlugin
2021-11-07 19:35:15,560 [INFO] PluginManager:213 - loadIPPluginJar : add opamp
2021-11-07 19:35:15,561 [INFO] IPUIPlugin:74 - create IPUIPlugin
2021-11-07 19:35:15,562 [INFO] PluginManager:213 - loadIPPluginJar : add aes
2021-11-07 19:35:15,563 [INFO] IPUIPlugin:74 - create IPUIPlugin
2021-11-07 19:35:15,564 [INFO] PluginManager:213 - loadIPPluginJar : add resmgrutility
2021-11-07 19:35:15,566 [INFO] IPUIPlugin:74 - create IPUIPlugin
2021-11-07 19:35:15,566 [INFO] PluginManager:213 - loadIPPluginJar : add touchsensing
2021-11-07 19:35:15,782 [FATAL] Updater:294 - Updater called before beeing initialized
2021-11-07 19:35:15,843 [FATAL] Updater:294 - Updater called before beeing initialized
2021-11-07 19:35:15,846 [INFO] DbMcusAds:47 - JSON generation date=Thu Sep 30 09:55:09 EEST 2021 (1632984909261)
2021-11-07 19:35:15,846 [FATAL] Updater:294 - Updater called before beeing initialized
2021-11-07 19:35:15,871 [WARN] DetailPanel:314 - Failed to get advertising image, set to default
2021-11-07 19:35:15,932 [FATAL] Updater:294 - Updater called before beeing initialized
2021-11-07 19:35:15,933 [FATAL] Updater:294 - Updater called before beeing initialized
2021-11-07 19:35:15,933 [FATAL] Updater:294 - Updater called before beeing initialized
2021-11-07 19:35:15,934 [WARN] DetailPanel:314 - Failed to get advertising image, set to default
2021-11-07 19:35:15,935 [FATAL] Updater:294 - Updater called before beeing initialized
2021-11-07 19:35:15,961 [ERROR] Updater:1075 - MainUpdater not yet initialized. External WinMGr cannot be set.
2021-11-07 19:35:15,963 [INFO] Updater:1012 - Updater Version found : 6.3.0
2021-11-07 19:35:15,974 [INFO] ApplicationProperties:181 - Using Application install path: /opt/st/stm32cubeide_1.7.0/plugins/com.st.stm32cube.common.mx_6.3.0.202107141111
2021-11-07 19:35:16,329 [INFO] MainUpdater:2671 - connection check result : 10
2021-11-07 19:35:16,330 [INFO] MainUpdater:265 - Updater Check For Update Now.
2021-11-07 19:35:16,330 [INFO] MicroXplorer:478 - Change Database Version : DB.6.0.30
2021-11-07 19:35:16,471 [INFO] CheckServerUpdateThread:112 - End of CheckServer Thread
2021-11-07 19:35:16,534 [INFO] MainUpdater:2671 - connection check result : 10
2021-11-07 19:35:16,724 [INFO] McuFinderGlobals:52 - Set McuFinderConnectedMode to false
2021-11-07 19:35:16,781 [INFO] CrossSelectorPresenter:1330 - Cross Selector saved comparison directory: /home/dedushka-mazay/.stmcufinder/plugins/mcufinder/mcu/cs_comparisons_mx
2021-11-07 19:35:16,785 [INFO] MultiScanPanel:197 - Auto-refresh data requested => check proxy status ongoing
2021-11-07 19:35:16,785 [INFO] MultiScanPanel:201 - Proxy status is invalid
2021-11-07 19:35:16,787 [INFO] FinderPluginLoader:87 - Searching for filters in installed packs
2021-11-07 19:35:16,788 [INFO] DbMcusXml:100 - Load MCU database from /opt/st/stm32cubeide_1.7.0/plugins/com.st.stm32cube.common.mx_6.3.0.202107141111//db//mcu/families.xml
2021-11-07 19:35:17,773 [INFO] DbMcusJson:93 - JSON generation date=Fri Oct 29 10:56:29 EEST 2021 (1635494189)
2021-11-07 19:35:18,103 [WARN] PackLoader:238 - Cannot read IP mode file for STMicroelectronics.X-CUBE-BLE1.6.2.1
2021-11-07 19:35:18,109 [WARN] PackLoader:238 - Cannot read IP mode file for STMicroelectronics.X-CUBE-BLE1.6.2.2
2021-11-07 19:35:18,114 [WARN] PackLoader:238 - Cannot read IP mode file for STMicroelectronics.X-CUBE-BLE2.3.2.2
2021-11-07 19:35:18,122 [WARN] PackLoader:238 - Cannot read IP mode file for STMicroelectronics.X-CUBE-NFC4.2.0.3
2021-11-07 19:35:18,128 [WARN] PackLoader:238 - Cannot read IP mode file for wolfSSL.I-CUBE-wolfSSL.4.8.0
2021-11-07 19:35:18,136 [WARN] PackLoader:238 - Cannot read IP mode file for STMicroelectronics.X-CUBE-SFXS2LP1.3.1.0
2021-11-07 19:35:18,165 [WARN] PackLoader:238 - Cannot read IP mode file for STMicroelectronics.X-CUBE-AZRTOS-F4.1.0.0
2021-11-07 19:35:18,205 [WARN] PackLoader:238 - Cannot read IP mode file for STMicroelectronics.X-CUBE-TOF1.2.0.0
2021-11-07 19:35:18,219 [WARN] PackLoader:238 - Cannot read IP mode file for STMicroelectronics.X-CUBE-SUBG2.4.2.0
2021-11-07 19:35:18,247 [WARN] PackLoader:238 - Cannot read IP mode file for STMicroelectronics.X-CUBE-ALGOBUILD.1.2.1
2021-11-07 19:35:18,252 [WARN] PackLoader:238 - Cannot read IP mode file for STMicroelectronics.X-CUBE-DISPLAY.1.0.0
2021-11-07 19:35:18,255 [WARN] PackLoader:238 - Cannot read IP mode file for STMicroelectronics.X-CUBE-TOUCHGFX.4.18.0
2021-11-07 19:35:18,261 [WARN] PackLoader:238 - Cannot read IP mode file for RoweBots.I-CUBE-UNISONRTOS.5.5.0-4
2021-11-07 19:35:18,306 [WARN] PackLoader:238 - Cannot read IP mode file for STMicroelectronics.X-CUBE-MEMS1.9.0.0
2021-11-07 19:35:18,662 [WARN] PackLoader:238 - Cannot read IP mode file for SEGGER.I-CUBE-embOS.1.2.0
2021-11-07 19:35:18,709 [WARN] PackLoader:238 - Cannot read IP mode file for STMicroelectronics.X-CUBE-TOUCHGFX.4.17.0
2021-11-07 19:35:18,725 [WARN] PackLoader:238 - Cannot read IP mode file for STMicroelectronics.X-CUBE-AZRTOS-H7.2.0.0
2021-11-07 19:35:18,754 [WARN] PackLoader:238 - Cannot read IP mode file for STMicroelectronics.X-CUBE-AZRTOS-L4.1.0.0
2021-11-07 19:35:18,807 [WARN] PackLoader:238 - Cannot read IP mode file for STMicroelectronics.X-CUBE-MEMS1.9.1.0
2021-11-07 19:35:18,981 [WARN] PackLoader:238 - Cannot read IP mode file for STMicroelectronics.X-CUBE-ALS.1.0.1
2021-11-07 19:35:18,984 [WARN] PackLoader:238 - Cannot read IP mode file for STMicroelectronics.X-CUBE-AI.7.0.0
2021-11-07 19:35:18,986 [WARN] PackLoader:238 - Cannot read IP mode file for STMicroelectronics.X-CUBE-EEPRMA1.3.1.0
2021-11-07 19:35:18,990 [WARN] PackLoader:238 - Cannot read IP mode file for STMicroelectronics.X-CUBE-GNSS1.5.2.0
2021-11-07 19:35:18,994 [WARN] PackLoader:238 - Cannot read IP mode file for STMicroelectronics.X-CUBE-DISPLAY.2.0.0
2021-11-07 19:35:18,995 [INFO] ThirdParty:915 - Integrity check success = true
2021-11-07 19:35:18,995 [INFO] IntegrityCheckThread:94 - exiting critical section [integrity check]
2021-11-07 19:35:18,995 [INFO] IntegrityCheckThread:97 - End integrity checks thread
2021-11-07 19:35:19,020 [INFO] DbMcus:175 - Found 1951 MCUs (1903 are supported by CubeMX, 1905 are visible in CubeMX)
2021-11-07 19:35:19,021 [INFO] ApiDb:251 - Load user favorites file /home/dedushka-mazay/.stm32cubeide/favorites.mcus.txt: 1 item(s)
2021-11-07 19:35:19,021 [INFO] ApiDb:255 - User favorites MCUs=[STM32F407VGTx]
2021-11-07 19:35:19,021 [INFO] DbMcus:187 - Set 1 / 1 favorites MCUs
2021-11-07 19:35:19,478 [INFO] DetailPanel:309 - Set advertising image to /home/dedushka-mazay/STM32Cube/Repository//en.Prom_NBSTM32U50921.jpg
2021-11-07 19:35:19,882 [INFO] DbBoardsPdsc:90 - Found 9 items
2021-11-07 19:35:19,884 [INFO] DbBoardsPdsc:90 - Found 5 items
2021-11-07 19:35:19,885 [INFO] DbBoardsPdsc:90 - Found 2 items
2021-11-07 19:35:19,886 [INFO] DbBoardsPdsc:90 - Found 1 items
2021-11-07 19:35:19,888 [INFO] DbBoardsPdsc:90 - Found 25 items
2021-11-07 19:35:19,893 [INFO] DbBoardsPdsc:90 - Found 48 items
2021-11-07 19:35:19,895 [INFO] DbBoardsPdsc:90 - Found 33 items
2021-11-07 19:35:19,899 [INFO] DbBoardsPdsc:90 - Found 43 items
2021-11-07 19:35:19,904 [WARN] DbBoardsPdsc:254 - Board STM32H7B3I-DK: unknown feature type=Audio, name=, username=Audio stereo codec with Headphone Amp (CS42L51-CNZ), n=1
2021-11-07 19:35:19,904 [WARN] DbBoardsPdsc:254 - Board STM32H735G-DK: unknown feature type=Audio, name=, username=Audio stereo codec with Headphone Amp (WM8994ECS/R), n=1
2021-11-07 19:35:19,907 [WARN] DbBoardsPdsc:254 - Board STM32H7B3I-EVAL: unknown feature type=Audio, name=, username=Multi-Channel Audio Codec (CS42L51-CNZ), n=1
2021-11-07 19:35:19,908 [WARN] DbBoardsPdsc:254 - Board STM32H7B3I-EVAL: unknown feature type=Meter, name=, username=Power-metering and Temperature-monitoring with sigma-delta modulators, n=1
2021-11-07 19:35:19,908 [WARN] DbBoardsPdsc:254 - Board STM32H7B3I-EVAL: unknown feature type=Motor, name=, username=Motor Control, n=1
2021-11-07 19:35:19,908 [WARN] DbBoardsPdsc:254 - Board STM32U575I-EV: unknown feature type=joystick, name=, username=4-direction joystick with selection button, n=1
2021-11-07 19:35:19,926 [INFO] DbBoardsJson:86 - JSON generation date=Fri Oct 29 10:56:29 EEST 2021 (1635494189)
2021-11-07 19:35:19,933 [INFO] DbBoards:117 - Found 167 boards (163 are supported by CubeMX)
2021-11-07 19:35:19,935 [INFO] DbBoardsDocs:143 - JSON generation date=Fri Oct 29 10:56:29 EEST 2021 (1635494189)
2021-11-07 19:35:19,941 [INFO] DbBoardsDocs:79 - Found 209 boards documents
2021-11-07 19:35:19,941 [WARN] DbBoards:127 - board B-L475E-IOT01A2 has no document id list !
2021-11-07 19:35:19,943 [WARN] DbBoards:127 - board NUCLEO-H743ZI has no document id list !
2021-11-07 19:35:19,944 [WARN] DbBoards:127 - board NUCLEO-WL55JC2 has no document id list !
2021-11-07 19:35:19,944 [WARN] DbBoards:127 - board P-NUCLEO-WB55-Nucleo has no document id list !
2021-11-07 19:35:19,944 [WARN] DbBoards:127 - board P-NUCLEO-WB55-USBDongle has no document id list !
2021-11-07 19:35:19,944 [WARN] DbBoards:127 - board STEVAL-BFA001V1B has no document id list !
2021-11-07 19:35:19,944 [WARN] DbBoards:127 - board STEVAL-BFA001V2B has no document id list !
2021-11-07 19:35:19,944 [WARN] DbBoards:127 - board STEVAL-IDP005V1 has no document id list !
2021-11-07 19:35:19,944 [WARN] DbBoards:127 - board STEVAL-IDP005V2 has no document id list !
2021-11-07 19:35:19,944 [WARN] DbBoards:127 - board STEVAL-MKSBOX1V1 has no document id list !
2021-11-07 19:35:19,944 [WARN] DbBoards:127 - board STEVAL-STWINKT1 has no document id list !
2021-11-07 19:35:19,945 [WARN] DbBoards:127 - board STEVAL-STWINKT1B has no document id list !
2021-11-07 19:35:19,945 [WARN] DbBoards:127 - board STM32439I-EVAL2 has no document id list !
2021-11-07 19:35:19,945 [WARN] DbBoards:127 - board STM32F401C-DISCO has no document id list !
2021-11-07 19:35:19,946 [WARN] DbBoards:127 - board STM32F769I-DISC1 has no document id list !
2021-11-07 19:35:19,946 [WARN] DbBoards:127 - board STM32G474E-EVAL1 has no document id list !
2021-11-07 19:35:19,946 [WARN] DbBoards:127 - board STM32H743I-EVAL2 has no document id list !
2021-11-07 19:35:19,947 [WARN] DbBoards:127 - board STM32H747I-DISC1 has no document id list !
2021-11-07 19:35:19,947 [WARN] DbBoards:127 - board STM32H753I-EVAL2 has no document id list !
2021-11-07 19:35:19,947 [WARN] DbBoards:127 - board STM32L-DISCOVERY has no document id list !
2021-11-07 19:35:20,143 [ERROR] DbBoards:189 - Image file not found for board B-U585I-IOT02A: /opt/st/stm32cubeide_1.7.0/plugins/com.st.stm32cube.common.mx_6.3.0.202107141111//db//plugins/mcufinder/images/boards/B-U585I-IOT02A_small.jpg
2021-11-07 19:35:21,224 [ERROR] DbBoards:189 - Image file not found for board STM32U575I-EV: /opt/st/stm32cubeide_1.7.0/plugins/com.st.stm32cube.common.mx_6.3.0.202107141111//db//plugins/mcufinder/images/boards/stm32u575i-ev_small.jpg
2021-11-07 19:35:21,271 [INFO] ApiDb:251 - Load user favorites file /home/dedushka-mazay/.stm32cubeide/favorites.boards.txt: 0 item(s)
2021-11-07 19:35:21,271 [INFO] ApiDb:255 - User favorites Boards=[]
2021-11-07 19:35:21,271 [INFO] DbBoards:206 - Set 0 / 0 favorites Boards
2021-11-07 19:36:47,322 [INFO] DbMcusDocs:143 - JSON generation date=Fri Oct 29 10:56:29 EEST 2021 (1635494189)
2021-11-07 19:36:47,542 [INFO] DbMcusDocs:79 - Found 682 MCUs documents
2021-11-07 19:36:57,378 [INFO] MainUpdater:2671 - connection check result : 10
2021-11-07 19:36:57,379 [INFO] MainUpdater:2671 - connection check result : 10
2021-11-07 19:36:57,433 [INFO] MicroXplorer:448 - Change Database Path : 
2021-11-07 19:36:57,433 [INFO] MicroXplorer:478 - Change Database Version : DB.6.0.30
2021-11-07 19:36:57,433 [WARN] ThirdParty:813 - waiting for thirdparty lock release [close project]
2021-11-07 19:36:57,433 [INFO] ThirdParty:815 - entering critical section [close project]
2021-11-07 19:36:57,434 [INFO] ThirdParty:825 - exiting critical section [close project]
2021-11-07 19:36:57,437 [INFO] PinOutPanel:1463 - setPackage(No Configuration,No Configuration)
2021-11-07 19:36:57,438 [INFO] UtilMem:74 - Begin LoadConfig() Used Memory: 393861632 Bytes (532676608)
2021-11-07 19:36:57,439 [INFO] MicroXplorer:448 - Change Database Path : 
2021-11-07 19:36:57,439 [INFO] MicroXplorer:478 - Change Database Version : DB.6.0.30
2021-11-07 19:36:57,439 [INFO] OpenFileManager:313 - Change cursor
2021-11-07 19:36:58,807 [INFO] Context:592 - Trying to add GPIOservice into a context  which must be forbidden
2021-11-07 19:36:59,326 [INFO] ImportTextPane:167 - (OptionalMessage_ERROR) Unable to find key (Mcu.ThirdPartyNb) in loaded IOC file
2021-11-07 19:36:59,326 [INFO] ImportTextPane:167 - (OptionalMessage_ERROR) Unable to find key (Mcu.PinsNb) in loaded IOC file
2021-11-07 19:36:59,326 [INFO] ImportTextPane:167 - (OptionalMessage_ERROR) Unable to find key (Mcu.IPNb) in loaded IOC file
2021-11-07 19:36:59,384 [WARN] ApiManager:304 - Cannot register API 'Board Extension:S2868A1' from pack STMicroelectronics.X-CUBE-SFXS2LP1.3.1.0: no header file found
2021-11-07 19:36:59,384 [WARN] ApiManager:304 - Cannot register API 'Board Extension:S2868A2' from pack STMicroelectronics.X-CUBE-SFXS2LP1.3.1.0: no header file found
2021-11-07 19:36:59,384 [WARN] ApiManager:304 - Cannot register API 'Board Extension:S2915A1' from pack STMicroelectronics.X-CUBE-SFXS2LP1.3.1.0: no header file found
2021-11-07 19:36:59,399 [WARN] ModelIntegratedComponent:60 - No mode defined for component null
2021-11-07 19:36:59,400 [WARN] ModelIntegratedComponent:60 - No mode defined for component null
2021-11-07 19:36:59,400 [WARN] ModelIntegratedComponent:60 - No mode defined for component null
2021-11-07 19:36:59,400 [WARN] ModelIntegratedComponent:60 - No mode defined for component null
2021-11-07 19:36:59,400 [WARN] ModelIntegratedComponent:60 - No mode defined for component null
2021-11-07 19:36:59,400 [WARN] ModelIntegratedComponent:60 - No mode defined for component null
2021-11-07 19:36:59,400 [WARN] ModelIntegratedComponent:60 - No mode defined for component null
2021-11-07 19:36:59,400 [WARN] ModelIntegratedComponent:60 - No mode defined for component null
2021-11-07 19:36:59,400 [WARN] ModelIntegratedComponent:60 - No mode defined for component null
2021-11-07 19:36:59,400 [WARN] ModelIntegratedComponent:60 - No mode defined for component null
2021-11-07 19:36:59,400 [WARN] ModelIntegratedComponent:60 - No mode defined for component null
2021-11-07 19:36:59,401 [WARN] ModelIntegratedComponent:60 - No mode defined for component null
2021-11-07 19:36:59,401 [WARN] ModelIntegratedComponent:60 - No mode defined for component null
2021-11-07 19:36:59,401 [WARN] ModelIntegratedComponent:60 - No mode defined for component null
2021-11-07 19:36:59,401 [WARN] ModelIntegratedComponent:60 - No mode defined for component null
2021-11-07 19:36:59,401 [WARN] ModelIntegratedComponent:60 - No mode defined for component null
2021-11-07 19:36:59,401 [WARN] ModelIntegratedComponent:60 - No mode defined for component null
2021-11-07 19:36:59,401 [WARN] ModelIntegratedComponent:60 - No mode defined for component null
2021-11-07 19:36:59,401 [WARN] ModelIntegratedComponent:60 - No mode defined for component null
2021-11-07 19:36:59,401 [WARN] ModelIntegratedComponent:60 - No mode defined for component null
2021-11-07 19:36:59,401 [WARN] ModelIntegratedComponent:60 - No mode defined for component null
2021-11-07 19:36:59,401 [WARN] ModelIntegratedComponent:60 - No mode defined for component null
2021-11-07 19:36:59,401 [WARN] ModelIntegratedComponent:60 - No mode defined for component null
2021-11-07 19:36:59,401 [WARN] ModelIntegratedComponent:60 - No mode defined for component null
2021-11-07 19:36:59,402 [WARN] ModelIntegratedComponent:60 - No mode defined for component null
2021-11-07 19:36:59,402 [WARN] ModelIntegratedComponent:60 - No mode defined for component null
2021-11-07 19:36:59,402 [WARN] ModelIntegratedComponent:60 - No mode defined for component null
2021-11-07 19:36:59,402 [WARN] ModelIntegratedComponent:60 - No mode defined for component null
2021-11-07 19:36:59,402 [WARN] ModelIntegratedComponent:60 - No mode defined for component null
2021-11-07 19:36:59,402 [WARN] ModelIntegratedComponent:60 - No mode defined for component null
2021-11-07 19:36:59,402 [WARN] ModelIntegratedComponent:60 - No mode defined for component null
2021-11-07 19:36:59,507 [WARN] ApiManager:304 - Cannot register API 'Board Extension:IKS01A3' from pack STMicroelectronics.X-CUBE-MEMS1.9.0.0: no header file found
2021-11-07 19:36:59,507 [WARN] ApiManager:304 - Cannot register API 'Board Extension:IKS01A2' from pack STMicroelectronics.X-CUBE-MEMS1.9.0.0: no header file found
2021-11-07 19:36:59,507 [WARN] ApiManager:304 - Cannot register API 'Board Extension:IKS02A1' from pack STMicroelectronics.X-CUBE-MEMS1.9.0.0: no header file found
2021-11-07 19:36:59,514 [WARN] ApiManager:304 - Cannot register API 'Board Extension:S2868A1' from pack STMicroelectronics.X-CUBE-SUBG2.4.2.0: no header file found
2021-11-07 19:36:59,515 [WARN] ApiManager:304 - Cannot register API 'Board Extension:S2868A2' from pack STMicroelectronics.X-CUBE-SUBG2.4.2.0: no header file found
2021-11-07 19:36:59,515 [WARN] ApiManager:304 - Cannot register API 'Board Extension:S2915A1' from pack STMicroelectronics.X-CUBE-SUBG2.4.2.0: no header file found
2021-11-07 19:36:59,564 [WARN] ApiManager:304 - Cannot register API 'Board Extension:IKS01A3' from pack STMicroelectronics.X-CUBE-MEMS1.9.1.0: no header file found
2021-11-07 19:36:59,564 [WARN] ApiManager:304 - Cannot register API 'Board Extension:IKS01A2' from pack STMicroelectronics.X-CUBE-MEMS1.9.1.0: no header file found
2021-11-07 19:36:59,564 [WARN] ApiManager:304 - Cannot register API 'Board Extension:IKS02A1' from pack STMicroelectronics.X-CUBE-MEMS1.9.1.0: no header file found
2021-11-07 19:36:59,569 [INFO] RtosManager:484 - Registered RTOS mode: class=CMSIS, group=RTOS, mode=CMSIS_V1, owner=FREERTOS
2021-11-07 19:36:59,569 [INFO] RtosManager:484 - Registered RTOS mode: class=CMSIS, group=RTOS2, mode=CMSIS_V2, owner=FREERTOS
2021-11-07 19:36:59,569 [INFO] RtosManager:484 - Registered RTOS mode: class=RTOS, group=Core, mode=CMSIS_V1, owner=FREERTOS
2021-11-07 19:36:59,569 [INFO] RtosManager:484 - Registered RTOS mode: class=RTOS, group=Core, mode=CMSIS_V2, owner=FREERTOS
2021-11-07 19:36:59,569 [WARN] ModelIntegratedComponent:181 - Missing modes for component STMicroelectronics:FreeRTOS:0.0.1:STMicroelectronics:RTOS:FreeRTOS:Core:::10.2.0:
2021-11-07 19:36:59,573 [WARN] ApiManager:304 - Cannot register API 'Board Extension:EEPRMA1' from pack STMicroelectronics.X-CUBE-EEPRMA1.3.1.0: no header file found
2021-11-07 19:36:59,573 [WARN] ApiManager:304 - Cannot register API 'Board Extension:EEPRMA2' from pack STMicroelectronics.X-CUBE-EEPRMA1.3.1.0: no header file found
2021-11-07 19:36:59,573 [WARN] ApiManager:304 - Cannot register API 'Board Extension:GNSS1A1' from pack STMicroelectronics.X-CUBE-GNSS1.5.2.0: no header file found
2021-11-07 19:36:59,573 [WARN] ApiManager:304 - Cannot register API 'Board Support:Custom' from pack STMicroelectronics.X-CUBE-GNSS1.5.2.0: no header file found
2021-11-07 19:36:59,574 [WARN] ApiManager:304 - Cannot register API 'Data Exchange:lib_gnss' from pack STMicroelectronics.X-CUBE-GNSS1.5.2.0: no header file found
2021-11-07 19:36:59,574 [WARN] ApiManager:304 - Cannot register API 'Wireless:BlueNRG-MS' from pack STMicroelectronics.X-CUBE-BLE1.6.2.1: no header file found
2021-11-07 19:36:59,574 [WARN] ApiManager:304 - Cannot register API 'Wireless:BlueNRG-MS' from pack STMicroelectronics.X-CUBE-BLE1.6.2.2: no header file found
2021-11-07 19:36:59,575 [WARN] ApiManager:304 - Cannot register API 'Wireless:BlueNRG-2' from pack STMicroelectronics.X-CUBE-BLE2.3.2.2: no header file found
2021-11-07 19:36:59,576 [WARN] ApiManager:304 - Cannot register API 'Board Extension:NFC04A1' from pack STMicroelectronics.X-CUBE-NFC4.2.0.3: no header file found
2021-11-07 19:37:00,176 [INFO] UtilMem:74 - End LoadConfig() Used Memory: 436200240 Bytes (583008256)
2021-11-07 19:37:00,178 [WARN] ThirdParty:779 - waiting for thirdparty lock release [change project]
2021-11-07 19:37:00,179 [INFO] ThirdParty:781 - entering critical section [change project]
2021-11-07 19:37:00,179 [INFO] ThirdParty:967 - CMSIS Pack Vendor :STMicroelectronics X-CUBE-SFXS2LP1 3.1.0
2021-11-07 19:37:00,179 [INFO] ThirdParty:967 - CMSIS Pack Vendor :RoweBots I-CUBE-UNISONRTOS 5.5.0-4
2021-11-07 19:37:00,179 [INFO] ThirdParty:967 - CMSIS Pack Vendor :STMicroelectronics X-CUBE-AZRTOS-F4 1.0.0
2021-11-07 19:37:00,179 [INFO] ThirdParty:967 - CMSIS Pack Vendor :STMicroelectronics USB_HOST 2.0.0
2021-11-07 19:37:00,179 [INFO] ThirdParty:967 - CMSIS Pack Vendor :STMicroelectronics X-CUBE-AZRTOS-H7 2.0.0
2021-11-07 19:37:00,179 [INFO] ThirdParty:967 - CMSIS Pack Vendor :STMicroelectronics X-CUBE-AZRTOS-L4 1.0.0
2021-11-07 19:37:00,179 [INFO] ThirdParty:967 - CMSIS Pack Vendor :STMicroelectronics USB_DEVICE 3.0.0
2021-11-07 19:37:00,179 [INFO] ThirdParty:967 - CMSIS Pack Vendor :STMicroelectronics X-CUBE-TOF1 2.0.0
2021-11-07 19:37:00,179 [INFO] ThirdParty:967 - CMSIS Pack Vendor :STMicroelectronics HAL Drivers 0.0.0
2021-11-07 19:37:00,179 [INFO] ThirdParty:967 - CMSIS Pack Vendor :STMicroelectronics MBEDTLS 2.16.2
2021-11-07 19:37:00,179 [INFO] ThirdParty:967 - CMSIS Pack Vendor :STMicroelectronics MBEDTLS 2.14.1
2021-11-07 19:37:00,179 [INFO] ThirdParty:967 - CMSIS Pack Vendor :STMicroelectronics X-CUBE-MEMS1 9.0.0
2021-11-07 19:37:00,179 [INFO] ThirdParty:967 - CMSIS Pack Vendor :STMicroelectronics X-CUBE-SUBG2 4.2.0
2021-11-07 19:37:00,180 [INFO] ThirdParty:967 - CMSIS Pack Vendor :STMicroelectronics X-CUBE-MEMS1 9.1.0
2021-11-07 19:37:00,180 [INFO] ThirdParty:967 - CMSIS Pack Vendor :STMicroelectronics X-CUBE-ALS 1.0.1
2021-11-07 19:37:00,180 [INFO] ThirdParty:967 - CMSIS Pack Vendor :STMicroelectronics USB_DEVICE 2.0.0
2021-11-07 19:37:00,180 [INFO] ThirdParty:967 - CMSIS Pack Vendor :STMicroelectronics X-CUBE-AI 7.0.0
2021-11-07 19:37:00,180 [INFO] ThirdParty:967 - CMSIS Pack Vendor :STMicroelectronics X-CUBE-ALGOBUILD 1.2.1
2021-11-07 19:37:00,180 [INFO] ThirdParty:967 - CMSIS Pack Vendor :STMicroelectronics X-CUBE-DISPLAY 1.0.0
2021-11-07 19:37:00,180 [INFO] ThirdParty:967 - CMSIS Pack Vendor :STMicroelectronics FreeRTOS 0.0.1
2021-11-07 19:37:00,180 [INFO] ThirdParty:967 - CMSIS Pack Vendor :STMicroelectronics USB_DEVICE 1.0.0
2021-11-07 19:37:00,180 [INFO] ThirdParty:967 - CMSIS Pack Vendor :SEGGER I-CUBE-embOS 1.2.0
2021-11-07 19:37:00,180 [INFO] ThirdParty:967 - CMSIS Pack Vendor :STMicroelectronics X-CUBE-EEPRMA1 3.1.0
2021-11-07 19:37:00,180 [INFO] ThirdParty:967 - CMSIS Pack Vendor :STMicroelectronics X-CUBE-GNSS1 5.2.0
2021-11-07 19:37:00,180 [INFO] ThirdParty:967 - CMSIS Pack Vendor :STMicroelectronics ThreadX 0.0.2
2021-11-07 19:37:00,180 [INFO] ThirdParty:967 - CMSIS Pack Vendor :STMicroelectronics lwIP 2.0.3
2021-11-07 19:37:00,180 [INFO] ThirdParty:967 - CMSIS Pack Vendor :STMicroelectronics lwIP 2.1.2
2021-11-07 19:37:00,180 [INFO] ThirdParty:967 - CMSIS Pack Vendor :STMicroelectronics X-CUBE-BLE1 6.2.1
2021-11-07 19:37:00,180 [INFO] ThirdParty:967 - CMSIS Pack Vendor :STMicroelectronics X-CUBE-BLE1 6.2.2
2021-11-07 19:37:00,180 [INFO] ThirdParty:967 - CMSIS Pack Vendor :STMicroelectronics X-CUBE-BLE2 3.2.2
2021-11-07 19:37:00,180 [INFO] ThirdParty:967 - CMSIS Pack Vendor :STMicroelectronics X-CUBE-DISPLAY 2.0.0
2021-11-07 19:37:00,181 [INFO] ThirdParty:967 - CMSIS Pack Vendor :STMicroelectronics USB_HOST 1.0.0
2021-11-07 19:37:00,181 [INFO] ThirdParty:967 - CMSIS Pack Vendor :STMicroelectronics X-CUBE-NFC4 2.0.3
2021-11-07 19:37:00,181 [INFO] ThirdParty:967 - CMSIS Pack Vendor :wolfSSL I-CUBE-wolfSSL 4.8.0
2021-11-07 19:37:00,181 [INFO] ThirdParty:967 - CMSIS Pack Vendor :STMicroelectronics X-CUBE-TOUCHGFX 4.17.0
2021-11-07 19:37:00,181 [INFO] ThirdParty:967 - CMSIS Pack Vendor :STMicroelectronics PDM2PCM 3.1.0
2021-11-07 19:37:00,181 [INFO] ThirdParty:967 - CMSIS Pack Vendor :STMicroelectronics PDM2PCM 3.2.0
2021-11-07 19:37:00,181 [INFO] ThirdParty:967 - CMSIS Pack Vendor :STMicroelectronics PDM2PCM 3.3.0
2021-11-07 19:37:00,181 [INFO] ThirdParty:967 - CMSIS Pack Vendor :STMicroelectronics X-CUBE-TOUCHGFX 4.18.0
2021-11-07 19:37:00,181 [INFO] ThirdParty:787 - exiting critical section [change project]
2021-11-07 19:37:00,566 [INFO] PinOutPanel:1463 - setPackage(No Configuration,No Configuration)
2021-11-07 19:37:00,567 [INFO] PinOutPanel:1463 - setPackage(STM32F407VGTx,LQFP100)
2021-11-07 19:37:01,009 [INFO] UtilMem:74 - Before build in PCC Used Memory: 392583968 Bytes (583008256)
2021-11-07 19:37:01,544 [INFO] UtilMem:74 - After build in PCC Used Memory: 448684832 Bytes (583008256)
2021-11-07 19:37:01,571 [INFO] IPUIPlugin:74 - create IPUIPlugin
2021-11-07 19:37:01,571 [INFO] IPUIPlugin:74 - create IPUIPlugin
2021-11-07 19:37:01,571 [INFO] IPUIPlugin:74 - create IPUIPlugin
2021-11-07 19:37:01,571 [INFO] IPUIPlugin:74 - create IPUIPlugin
2021-11-07 19:37:01,571 [INFO] IPUIPlugin:74 - create IPUIPlugin
2021-11-07 19:37:01,572 [INFO] IPUIPlugin:74 - create IPUIPlugin
2021-11-07 19:37:01,572 [INFO] IPUIPlugin:74 - create IPUIPlugin
2021-11-07 19:37:01,572 [INFO] IPUIPlugin:74 - create IPUIPlugin
2021-11-07 19:37:01,572 [INFO] IPUIPlugin:74 - create IPUIPlugin
2021-11-07 19:37:01,572 [INFO] IPUIPlugin:74 - create IPUIPlugin
2021-11-07 19:37:01,572 [INFO] IPUIPlugin:74 - create IPUIPlugin
2021-11-07 19:37:01,573 [INFO] IPUIPlugin:74 - create IPUIPlugin
2021-11-07 19:37:01,573 [INFO] IPUIPlugin:74 - create IPUIPlugin
2021-11-07 19:37:01,573 [INFO] IPUIPlugin:74 - create IPUIPlugin
2021-11-07 19:37:01,573 [INFO] IPUIPlugin:74 - create IPUIPlugin
2021-11-07 19:37:01,573 [INFO] IPUIPlugin:74 - create IPUIPlugin
2021-11-07 19:37:01,573 [INFO] IPUIPlugin:74 - create IPUIPlugin
2021-11-07 19:37:01,573 [INFO] IPUIPlugin:74 - create IPUIPlugin
2021-11-07 19:37:01,574 [INFO] IPUIPlugin:74 - create IPUIPlugin
2021-11-07 19:37:01,574 [INFO] IPUIPlugin:74 - create IPUIPlugin
2021-11-07 19:37:01,574 [INFO] IPUIPlugin:74 - create IPUIPlugin
2021-11-07 19:37:01,574 [INFO] IPUIPlugin:74 - create IPUIPlugin
2021-11-07 19:37:01,574 [INFO] IPUIPlugin:74 - create IPUIPlugin
2021-11-07 19:37:01,575 [INFO] IPUIPlugin:74 - create IPUIPlugin
2021-11-07 19:37:01,575 [INFO] IPUIPlugin:74 - create IPUIPlugin
2021-11-07 19:37:01,575 [INFO] IPUIPlugin:74 - create IPUIPlugin
2021-11-07 19:37:01,575 [INFO] IPUIPlugin:74 - create IPUIPlugin
2021-11-07 19:37:01,575 [INFO] IPUIPlugin:74 - create IPUIPlugin
2021-11-07 19:37:01,576 [INFO] IPUIPlugin:74 - create IPUIPlugin
2021-11-07 19:37:01,576 [INFO] IPUIPlugin:74 - create IPUIPlugin
2021-11-07 19:37:01,576 [INFO] IPUIPlugin:74 - create IPUIPlugin
2021-11-07 19:37:01,576 [INFO] IPUIPlugin:74 - create IPUIPlugin
2021-11-07 19:37:01,576 [INFO] IPUIPlugin:74 - create IPUIPlugin
2021-11-07 19:37:01,576 [INFO] IPUIPlugin:74 - create IPUIPlugin
2021-11-07 19:37:01,576 [INFO] IPUIPlugin:74 - create IPUIPlugin
2021-11-07 19:37:01,576 [INFO] IPUIPlugin:74 - create IPUIPlugin
2021-11-07 19:37:01,577 [INFO] IPUIPlugin:74 - create IPUIPlugin
2021-11-07 19:37:01,577 [INFO] IPUIPlugin:74 - create IPUIPlugin
2021-11-07 19:37:01,577 [INFO] IPUIPlugin:74 - create IPUIPlugin
2021-11-07 19:37:01,577 [INFO] IPUIPlugin:74 - create IPUIPlugin
2021-11-07 19:37:01,577 [INFO] IPUIPlugin:74 - create IPUIPlugin
2021-11-07 19:37:01,577 [INFO] IPUIPlugin:74 - create IPUIPlugin
2021-11-07 19:37:01,577 [INFO] IPUIPlugin:74 - create IPUIPlugin
2021-11-07 19:37:01,577 [INFO] IPUIPlugin:74 - create IPUIPlugin
2021-11-07 19:37:01,577 [INFO] IPUIPlugin:74 - create IPUIPlugin
2021-11-07 19:37:01,578 [INFO] IPUIPlugin:74 - create IPUIPlugin
2021-11-07 19:37:01,578 [INFO] IPUIPlugin:74 - create IPUIPlugin
2021-11-07 19:37:01,578 [INFO] IPUIPlugin:74 - create IPUIPlugin
2021-11-07 19:37:01,578 [INFO] IPUIPlugin:74 - create IPUIPlugin
2021-11-07 19:37:01,578 [INFO] IPUIPlugin:74 - create IPUIPlugin
2021-11-07 19:37:01,579 [INFO] IPUIPlugin:74 - create IPUIPlugin
2021-11-07 19:37:01,579 [INFO] IPUIPlugin:74 - create IPUIPlugin
2021-11-07 19:37:01,579 [INFO] IPUIPlugin:74 - create IPUIPlugin
2021-11-07 19:37:01,579 [INFO] IPUIPlugin:74 - create IPUIPlugin
2021-11-07 19:37:01,580 [INFO] IPUIPlugin:74 - create IPUIPlugin
2021-11-07 19:37:01,580 [INFO] IPUIPlugin:74 - create IPUIPlugin
2021-11-07 19:37:01,580 [INFO] IPUIPlugin:74 - create IPUIPlugin
2021-11-07 19:37:01,580 [INFO] IPUIPlugin:74 - create IPUIPlugin
2021-11-07 19:37:01,609 [INFO] ApiDbMcu:468 - Load IP Config File for PDM2PCM
2021-11-07 19:37:01,689 [INFO] OpenFileManager:333 - Restore cursor
2021-11-07 19:37:01,929 [INFO] UtilMem:74 - End SaveConfig() Used Memory: 421737472 Bytes (583008256)
2021-11-07 19:37:01,971 [INFO] UtilMem:74 - End SaveConfig() Used Memory: 442740656 Bytes (583008256)
2021-11-07 19:37:02,491 [INFO] BlockDiagram:2740 - set Specific Code input for plugin: SYS
2021-11-07 19:37:02,491 [INFO] BlockDiagram:2740 - set Specific Code input for plugin: RCC
2021-11-07 19:37:02,491 [INFO] BlockDiagram:2740 - set Specific Code input for plugin: NVIC
2021-11-07 19:37:02,491 [INFO] CodeGenerator:663 - code generatio: config db path: /opt/st/stm32cubeide_1.7.0/plugins/com.st.stm32cube.common.mx_6.3.0.202107141111//db/
2021-11-07 19:37:02,879 [INFO] CodeEngine:239 - oldGeneratedFile, /home/dedushka-mazay/GIT/RMuravka_C-Embedded_BaseCamp/myFourthProject/ADC/MXTmpFiles/license.tmp_save
2021-11-07 19:37:03,210 [INFO] CodeEngine:257 - Generated code: /home/dedushka-mazay/GIT/RMuravka_C-Embedded_BaseCamp/myFourthProject/ADC/MXTmpFiles/license.tmp
2021-11-07 19:37:03,250 [INFO] CodeEngine:239 - oldGeneratedFile, /home/dedushka-mazay/GIT/RMuravka_C-Embedded_BaseCamp/myFourthProject/ADC/Core/Src/stm32f4xx_it.c_save
2021-11-07 19:37:03,363 [INFO] CodeEngine:257 - Generated code: /home/dedushka-mazay/GIT/RMuravka_C-Embedded_BaseCamp/myFourthProject/ADC/Core/Src/stm32f4xx_it.c
2021-11-07 19:37:03,364 [INFO] CodeEngine:239 - oldGeneratedFile, /home/dedushka-mazay/GIT/RMuravka_C-Embedded_BaseCamp/myFourthProject/ADC/Core/Inc/stm32f4xx_it.h_save
2021-11-07 19:37:03,472 [INFO] CodeEngine:257 - Generated code: /home/dedushka-mazay/GIT/RMuravka_C-Embedded_BaseCamp/myFourthProject/ADC/Core/Inc/stm32f4xx_it.h
2021-11-07 19:37:03,475 [INFO] CodeEngine:239 - oldGeneratedFile, /home/dedushka-mazay/GIT/RMuravka_C-Embedded_BaseCamp/myFourthProject/ADC/Core/Src/stm32f4xx_hal_msp.c_save
2021-11-07 19:37:03,583 [INFO] CodeEngine:257 - Generated code: /home/dedushka-mazay/GIT/RMuravka_C-Embedded_BaseCamp/myFourthProject/ADC/Core/Src/stm32f4xx_hal_msp.c
2021-11-07 19:37:03,584 [INFO] CodeEngine:239 - oldGeneratedFile, /home/dedushka-mazay/GIT/RMuravka_C-Embedded_BaseCamp/myFourthProject/ADC/MXTmpFiles/system.tmp_save
2021-11-07 19:37:03,680 [INFO] CodeEngine:257 - Generated code: /home/dedushka-mazay/GIT/RMuravka_C-Embedded_BaseCamp/myFourthProject/ADC/MXTmpFiles/system.tmp
2021-11-07 19:37:03,683 [INFO] CodeEngine:239 - oldGeneratedFile, /home/dedushka-mazay/GIT/RMuravka_C-Embedded_BaseCamp/myFourthProject/ADC/Core/Inc/stm32f4xx_hal_conf.h_save
2021-11-07 19:37:03,761 [INFO] CodeEngine:257 - Generated code: /home/dedushka-mazay/GIT/RMuravka_C-Embedded_BaseCamp/myFourthProject/ADC/Core/Inc/stm32f4xx_hal_conf.h
2021-11-07 19:37:03,800 [INFO] CodeEngine:239 - oldGeneratedFile, /home/dedushka-mazay/GIT/RMuravka_C-Embedded_BaseCamp/myFourthProject/ADC/Core/Inc/main.h_save
2021-11-07 19:37:03,877 [INFO] CodeEngine:257 - Generated code: /home/dedushka-mazay/GIT/RMuravka_C-Embedded_BaseCamp/myFourthProject/ADC/Core/Inc/main.h
2021-11-07 19:37:03,878 [INFO] CodeEngine:239 - oldGeneratedFile, /home/dedushka-mazay/GIT/RMuravka_C-Embedded_BaseCamp/myFourthProject/ADC/Core/Src/main.c_save
2021-11-07 19:37:03,995 [INFO] CodeEngine:257 - Generated code: /home/dedushka-mazay/GIT/RMuravka_C-Embedded_BaseCamp/myFourthProject/ADC/Core/Src/main.c
2021-11-07 19:37:04,528 [INFO] ProjectBuilder:2578 - Time for Copy HAL[1] : 15mS.
2021-11-07 19:37:04,531 [INFO] ProjectBuilder:3622 - Project Generator version: 3.14.1
2021-11-07 19:37:04,903 [INFO] ConfigFileManager:1271 - The Die is : DIE413
2021-11-07 19:37:04,909 [INFO] ApiDbMcu:468 - Load IP Config File for FATFS
2021-11-07 19:37:04,913 [INFO] ApiDbMcu:468 - Load IP Config File for FREERTOS
2021-11-07 19:37:04,914 [INFO] ApiDbMcu:468 - Load IP Config File for LIBJPEG
2021-11-07 19:37:04,923 [INFO] ApiDbMcu:468 - Load IP Config File for LWIP
2021-11-07 19:37:04,927 [INFO] ApiDbMcu:468 - Load IP Config File for MBEDTLS
2021-11-07 19:37:04,934 [INFO] ApiDbMcu:468 - Load IP Config File for USB_DEVICE
2021-11-07 19:37:04,937 [INFO] ApiDbMcu:468 - Load IP Config File for USB_HOST
2021-11-07 19:37:07,494 [INFO] ProjectBuilder:3789 - Time for Generating toolchain IDE Files: 2963mS.
2021-11-07 19:37:07,494 [INFO] ProjectBuilder:2457 - Time for Copy CMSIS : 0mS.
2021-11-07 19:37:07,495 [INFO] ProjectBuilder:2457 - Time for Copy CMSIS : 0mS.
2021-11-07 19:37:07,888 [INFO] McuFinderGlobals:52 - Set McuFinderConnectedMode to true
2021-11-07 19:37:07,889 [INFO] ApiDb:276 - Save user favorites file /home/dedushka-mazay/.stm32cubeide/favorites.mcus.txt: 1 item(s)
2021-11-07 19:37:07,889 [INFO] ApiDb:280 - User favorites MCUs=[STM32F407VGTx]
2021-11-07 19:43:27,306 [INFO] ParamManager:825 - [Generic UI] PropertyChangeEvent: TAB_STATUS_CHANGED , "dont care", "never mind"
2021-11-07 19:43:27,408 [INFO] ParamManager:825 - [Generic UI] PropertyChangeEvent: TAB_STATUS_CHANGED , "dont care", "never mind"
2021-11-07 19:43:27,707 [INFO] ADCParametersView:103 -                Rank 1 : false
2021-11-07 19:43:35,258 [INFO] ADCParametersView:103 -                Rank 1 : false
2021-11-07 19:43:35,263 [INFO] ADCParametersView:103 -                Rank 1 : false
2021-11-07 19:43:35,264 [INFO] ADCParametersView:103 -                Rank 1 : false
2021-11-07 19:43:35,264 [INFO] ADCParametersView:103 -                Rank 1 : false
2021-11-07 19:43:35,265 [INFO] ADCParametersView:103 -                Rank 1 : false
2021-11-07 19:43:35,265 [INFO] ADCParametersView:103 -                Rank 1 : false
2021-11-07 19:43:35,265 [INFO] ADCParametersView:103 -                Rank 1 : false
2021-11-07 19:43:35,266 [INFO] ADCParametersView:103 -                Rank 1 : false
2021-11-07 19:43:35,266 [INFO] ADCParametersView:103 -                Rank 1 : false
2021-11-07 19:43:35,266 [INFO] ADCParametersView:103 -                Rank 1 : false
2021-11-07 19:43:35,266 [INFO] ADCParametersView:103 -                Rank 1 : false
2021-11-07 19:43:35,267 [INFO] ADCParametersView:103 -                Rank 1 : false
2021-11-07 19:43:35,267 [INFO] ADCParametersView:103 -                Rank 1 : false
2021-11-07 19:43:35,267 [INFO] ADCParametersView:103 -                Rank 1 : false
2021-11-07 19:43:35,283 [INFO] ADCParametersView:103 -                Rank 1 : false
2021-11-07 19:43:35,371 [INFO] ADCParametersView:103 -                Rank 1 : false
2021-11-07 19:43:35,372 [INFO] ADCParametersView:103 -                Rank 1 : false
2021-11-07 19:43:35,373 [INFO] ADCParametersView:103 -                Rank 1 : false
2021-11-07 19:43:35,373 [INFO] ADCParametersView:103 -                Rank 1 : false
2021-11-07 19:43:35,373 [INFO] ADCParametersView:103 -                Rank 1 : false
2021-11-07 19:43:35,373 [INFO] ADCParametersView:103 -                Rank 1 : false
2021-11-07 19:43:35,373 [INFO] ADCParametersView:103 -                Rank 1 : false
2021-11-07 19:43:35,374 [INFO] ADCParametersView:103 -                Rank 1 : false
2021-11-07 19:43:35,374 [INFO] ADCParametersView:103 -                Rank 1 : false
2021-11-07 19:43:35,374 [INFO] ADCParametersView:103 -                Rank 1 : false
2021-11-07 19:43:35,374 [INFO] ADCParametersView:103 -                Rank 1 : false
2021-11-07 19:43:35,374 [INFO] ADCParametersView:103 -                Rank 1 : false
2021-11-07 19:43:35,374 [INFO] ADCParametersView:103 -                Rank 1 : false
2021-11-07 19:43:35,375 [INFO] ADCParametersView:103 -                Rank 1 : false
2021-11-07 19:43:35,405 [INFO] ADCParametersView:103 -                Rank 1 : false
2021-11-07 19:43:39,363 [INFO] ADCParametersView:103 -                Rank 1 : false
2021-11-07 19:43:39,366 [INFO] ADCParametersView:103 -                Rank 1 : false
2021-11-07 19:43:39,366 [INFO] ADCParametersView:103 -                Rank 1 : false
2021-11-07 19:43:39,367 [INFO] ADCParametersView:103 -                Rank 1 : false
2021-11-07 19:43:39,367 [INFO] ADCParametersView:103 -                Rank 1 : false
2021-11-07 19:43:39,367 [INFO] ADCParametersView:103 -                Rank 1 : false
2021-11-07 19:43:39,368 [INFO] ADCParametersView:103 -                Rank 1 : false
2021-11-07 19:43:39,368 [INFO] ADCParametersView:103 -                Rank 1 : false
2021-11-07 19:43:39,368 [INFO] ADCParametersView:103 -                Rank 1 : false
2021-11-07 19:43:39,368 [INFO] ADCParametersView:103 -                Rank 1 : false
2021-11-07 19:43:39,368 [INFO] ADCParametersView:103 -                Rank 1 : false
2021-11-07 19:43:39,369 [INFO] ADCParametersView:103 -                Rank 1 : false
2021-11-07 19:43:39,369 [INFO] ADCParametersView:103 -                Rank 1 : false
2021-11-07 19:43:39,369 [INFO] ADCParametersView:103 -                Rank 1 : false
2021-11-07 19:43:39,399 [INFO] ADCParametersView:103 -                Rank 1 : false
2021-11-07 19:43:50,343 [INFO] ADCParametersView:103 -                Rank 1 : true
2021-11-07 19:43:53,382 [INFO] ADCParametersView:103 -                Rank 1 : true
2021-11-07 19:43:53,387 [INFO] ADCParametersView:103 -                Rank 1 : true
2021-11-07 19:43:53,387 [INFO] ADCParametersView:103 -                Rank 1 : true
2021-11-07 19:43:53,387 [INFO] ADCParametersView:103 -                Rank 1 : true
2021-11-07 19:43:53,388 [INFO] ADCParametersView:103 -                Rank 1 : true
2021-11-07 19:43:53,388 [INFO] ADCParametersView:103 -                Rank 1 : true
2021-11-07 19:43:53,388 [INFO] ADCParametersView:103 -                Rank 1 : true
2021-11-07 19:43:53,389 [INFO] ADCParametersView:103 -                Rank 1 : true
2021-11-07 19:43:53,389 [INFO] ADCParametersView:103 -                Rank 1 : true
2021-11-07 19:43:53,389 [INFO] ADCParametersView:103 -                Rank 1 : true
2021-11-07 19:43:53,389 [INFO] ADCParametersView:103 -                Rank 1 : true
2021-11-07 19:43:53,389 [INFO] ADCParametersView:103 -                Rank 1 : true
2021-11-07 19:43:53,390 [INFO] ADCParametersView:103 -                Rank 1 : true
2021-11-07 19:43:53,390 [INFO] ADCParametersView:103 -                Rank 1 : true
2021-11-07 19:43:53,420 [INFO] ADCParametersView:103 -                Rank 1 : true
2021-11-07 19:44:14,710 [INFO] ADCParametersView:103 -                Rank 1 : true
2021-11-07 19:44:14,712 [INFO] ADCParametersView:103 -                Rank 1 : true
2021-11-07 19:44:14,712 [INFO] ADCParametersView:103 -                Rank 1 : true
2021-11-07 19:44:14,713 [INFO] ADCParametersView:103 -                Rank 1 : true
2021-11-07 19:44:14,713 [INFO] ADCParametersView:103 -                Rank 1 : true
2021-11-07 19:44:14,713 [INFO] ADCParametersView:103 -                Rank 1 : true
2021-11-07 19:44:14,713 [INFO] ADCParametersView:103 -                Rank 1 : true
2021-11-07 19:44:14,713 [INFO] ADCParametersView:103 -                Rank 1 : true
2021-11-07 19:44:14,713 [INFO] ADCParametersView:103 -                Rank 1 : true
2021-11-07 19:44:14,713 [INFO] ADCParametersView:103 -                Rank 1 : true
2021-11-07 19:44:14,713 [INFO] ADCParametersView:103 -                Rank 1 : true
2021-11-07 19:44:14,713 [INFO] ADCParametersView:103 -                Rank 1 : true
2021-11-07 19:44:14,713 [INFO] ADCParametersView:103 -                Rank 1 : true
2021-11-07 19:44:14,713 [INFO] ADCParametersView:103 -                Rank 1 : true
2021-11-07 19:44:14,734 [INFO] ADCParametersView:103 -                Rank 1 : true
2021-11-07 19:44:17,616 [INFO] ADCParametersView:103 -                Rank 1 : true
2021-11-07 19:44:17,617 [INFO] ADCParametersView:103 -                Rank 1 : true
2021-11-07 19:44:17,617 [INFO] ADCParametersView:103 -                Rank 1 : true
2021-11-07 19:44:17,618 [INFO] ADCParametersView:103 -                Rank 1 : true
2021-11-07 19:44:17,618 [INFO] ADCParametersView:103 -                Rank 1 : true
2021-11-07 19:44:17,618 [INFO] ADCParametersView:103 -                Rank 1 : true
2021-11-07 19:44:17,618 [INFO] ADCParametersView:103 -                Rank 1 : true
2021-11-07 19:44:17,618 [INFO] ADCParametersView:103 -                Rank 1 : true
2021-11-07 19:44:17,618 [INFO] ADCParametersView:103 -                Rank 1 : true
2021-11-07 19:44:17,618 [INFO] ADCParametersView:103 -                Rank 1 : true
2021-11-07 19:44:17,618 [INFO] ADCParametersView:103 -                Rank 1 : true
2021-11-07 19:44:17,618 [INFO] ADCParametersView:103 -                Rank 1 : true
2021-11-07 19:44:17,618 [INFO] ADCParametersView:103 -                Rank 1 : true
2021-11-07 19:44:17,619 [INFO] ADCParametersView:103 -                Rank 1 : true
2021-11-07 19:44:17,637 [INFO] ADCParametersView:103 -                Rank 1 : true
2021-11-07 19:44:21,200 [INFO] ADCParametersView:103 -                Rank 1 : true
2021-11-07 19:44:21,201 [INFO] ADCParametersView:103 -                Rank 1 : true
2021-11-07 19:44:21,201 [INFO] ADCParametersView:103 -                Rank 1 : true
2021-11-07 19:44:21,201 [INFO] ADCParametersView:103 -                Rank 1 : true
2021-11-07 19:44:21,201 [INFO] ADCParametersView:103 -                Rank 1 : true
2021-11-07 19:44:21,202 [INFO] ADCParametersView:103 -                Rank 1 : true
2021-11-07 19:44:21,202 [INFO] ADCParametersView:103 -                Rank 1 : true
2021-11-07 19:44:21,202 [INFO] ADCParametersView:103 -                Rank 1 : true
2021-11-07 19:44:21,202 [INFO] ADCParametersView:103 -                Rank 1 : true
2021-11-07 19:44:21,202 [INFO] ADCParametersView:103 -                Rank 1 : true
2021-11-07 19:44:21,202 [INFO] ADCParametersView:103 -                Rank 1 : true
2021-11-07 19:44:21,203 [INFO] ADCParametersView:103 -                Rank 1 : true
2021-11-07 19:44:21,203 [INFO] ADCParametersView:103 -                Rank 1 : true
2021-11-07 19:44:21,203 [INFO] ADCParametersView:103 -                Rank 1 : true
2021-11-07 19:44:21,225 [INFO] ADCParametersView:103 -                Rank 1 : true
2021-11-07 19:44:23,062 [INFO] ADCParametersView:103 -                Rank 1 : true
2021-11-07 19:44:23,064 [INFO] ADCParametersView:103 -                Rank 1 : true
2021-11-07 19:44:23,064 [INFO] ADCParametersView:103 -                Rank 1 : true
2021-11-07 19:44:23,064 [INFO] ADCParametersView:103 -                Rank 1 : true
2021-11-07 19:44:23,064 [INFO] ADCParametersView:103 -                Rank 1 : true
2021-11-07 19:44:23,064 [INFO] ADCParametersView:103 -                Rank 1 : true
2021-11-07 19:44:23,064 [INFO] ADCParametersView:103 -                Rank 1 : true
2021-11-07 19:44:23,064 [INFO] ADCParametersView:103 -                Rank 1 : true
2021-11-07 19:44:23,064 [INFO] ADCParametersView:103 -                Rank 1 : true
2021-11-07 19:44:23,064 [INFO] ADCParametersView:103 -                Rank 1 : true
2021-11-07 19:44:23,064 [INFO] ADCParametersView:103 -                Rank 1 : true
2021-11-07 19:44:23,065 [INFO] ADCParametersView:103 -                Rank 1 : true
2021-11-07 19:44:23,065 [INFO] ADCParametersView:103 -                Rank 1 : true
2021-11-07 19:44:23,065 [INFO] ADCParametersView:103 -                Rank 1 : true
2021-11-07 19:44:23,082 [INFO] ADCParametersView:103 -                Rank 1 : true
2021-11-07 19:44:25,996 [INFO] UtilMem:74 - End SaveConfig() Used Memory: 454515576 Bytes (838860800)
2021-11-07 19:44:26,879 [INFO] UtilMem:74 - End SaveConfig() Used Memory: 598170488 Bytes (838860800)
2021-11-07 19:44:28,409 [INFO] UtilMem:74 - End SaveConfig() Used Memory: 720856832 Bytes (838860800)
2021-11-07 19:44:28,627 [INFO] BlockDiagram:2740 - set Specific Code input for plugin: SYS
2021-11-07 19:44:28,627 [INFO] BlockDiagram:2740 - set Specific Code input for plugin: ADC
2021-11-07 19:44:28,627 [INFO] BlockDiagram:2740 - set Specific Code input for plugin: RCC
2021-11-07 19:44:28,627 [INFO] BlockDiagram:2740 - set Specific Code input for plugin: NVIC
2021-11-07 19:44:28,628 [INFO] BlockDiagram:2740 - set Specific Code input for plugin: GPIO
2021-11-07 19:44:28,628 [INFO] CodeGenerator:663 - code generatio: config db path: /opt/st/stm32cubeide_1.7.0/plugins/com.st.stm32cube.common.mx_6.3.0.202107141111//db/
2021-11-07 19:44:28,875 [INFO] CodeEngine:239 - oldGeneratedFile, /home/dedushka-mazay/GIT/RMuravka_C-Embedded_BaseCamp/myFourthProject/ADC/MXTmpFiles/license.tmp_save
2021-11-07 19:44:28,936 [INFO] CodeEngine:257 - Generated code: /home/dedushka-mazay/GIT/RMuravka_C-Embedded_BaseCamp/myFourthProject/ADC/MXTmpFiles/license.tmp
2021-11-07 19:44:28,963 [INFO] CodeEngine:239 - oldGeneratedFile, /home/dedushka-mazay/GIT/RMuravka_C-Embedded_BaseCamp/myFourthProject/ADC/MXTmpFiles/gpio.tmp_save
2021-11-07 19:44:29,030 [INFO] CodeEngine:257 - Generated code: /home/dedushka-mazay/GIT/RMuravka_C-Embedded_BaseCamp/myFourthProject/ADC/MXTmpFiles/gpio.tmp
2021-11-07 19:44:29,087 [INFO] CodeEngine:239 - oldGeneratedFile, /home/dedushka-mazay/GIT/RMuravka_C-Embedded_BaseCamp/myFourthProject/ADC/Core/Src/stm32f4xx_it.c_save
2021-11-07 19:44:29,177 [INFO] CodeEngine:257 - Generated code: /home/dedushka-mazay/GIT/RMuravka_C-Embedded_BaseCamp/myFourthProject/ADC/Core/Src/stm32f4xx_it.c
2021-11-07 19:44:29,179 [INFO] CodeEngine:239 - oldGeneratedFile, /home/dedushka-mazay/GIT/RMuravka_C-Embedded_BaseCamp/myFourthProject/ADC/Core/Inc/stm32f4xx_it.h_save
2021-11-07 19:44:29,247 [INFO] CodeEngine:257 - Generated code: /home/dedushka-mazay/GIT/RMuravka_C-Embedded_BaseCamp/myFourthProject/ADC/Core/Inc/stm32f4xx_it.h
2021-11-07 19:44:29,250 [INFO] CodeEngine:239 - oldGeneratedFile, /home/dedushka-mazay/GIT/RMuravka_C-Embedded_BaseCamp/myFourthProject/ADC/Core/Src/stm32f4xx_hal_msp.c_save
2021-11-07 19:44:29,393 [INFO] CodeEngine:257 - Generated code: /home/dedushka-mazay/GIT/RMuravka_C-Embedded_BaseCamp/myFourthProject/ADC/Core/Src/stm32f4xx_hal_msp.c
2021-11-07 19:44:29,394 [INFO] CodeEngine:239 - oldGeneratedFile, /home/dedushka-mazay/GIT/RMuravka_C-Embedded_BaseCamp/myFourthProject/ADC/MXTmpFiles/system.tmp_save
2021-11-07 19:44:29,449 [INFO] CodeEngine:257 - Generated code: /home/dedushka-mazay/GIT/RMuravka_C-Embedded_BaseCamp/myFourthProject/ADC/MXTmpFiles/system.tmp
2021-11-07 19:44:29,451 [INFO] CodeEngine:239 - oldGeneratedFile, /home/dedushka-mazay/GIT/RMuravka_C-Embedded_BaseCamp/myFourthProject/ADC/Core/Inc/stm32f4xx_hal_conf.h_save
2021-11-07 19:44:29,527 [INFO] CodeEngine:257 - Generated code: /home/dedushka-mazay/GIT/RMuravka_C-Embedded_BaseCamp/myFourthProject/ADC/Core/Inc/stm32f4xx_hal_conf.h
2021-11-07 19:44:29,546 [INFO] CodeEngine:239 - oldGeneratedFile, /home/dedushka-mazay/GIT/RMuravka_C-Embedded_BaseCamp/myFourthProject/ADC/Core/Inc/main.h_save
2021-11-07 19:44:29,618 [INFO] CodeEngine:257 - Generated code: /home/dedushka-mazay/GIT/RMuravka_C-Embedded_BaseCamp/myFourthProject/ADC/Core/Inc/main.h
2021-11-07 19:44:29,619 [INFO] CodeEngine:239 - oldGeneratedFile, /home/dedushka-mazay/GIT/RMuravka_C-Embedded_BaseCamp/myFourthProject/ADC/Core/Src/main.c_save
2021-11-07 19:44:29,714 [INFO] CodeEngine:257 - Generated code: /home/dedushka-mazay/GIT/RMuravka_C-Embedded_BaseCamp/myFourthProject/ADC/Core/Src/main.c
2021-11-07 19:44:30,103 [INFO] ProjectBuilder:2578 - Time for Copy HAL[1] : 20mS.
2021-11-07 19:44:30,107 [INFO] ProjectBuilder:3622 - Project Generator version: 3.14.1
2021-11-07 19:44:30,483 [INFO] ConfigFileManager:1271 - The Die is : DIE413
2021-11-07 19:44:31,868 [INFO] ProjectBuilder:3789 - Time for Generating toolchain IDE Files: 1761mS.
2021-11-07 19:44:31,868 [INFO] ProjectBuilder:2457 - Time for Copy CMSIS : 0mS.
2021-11-07 19:44:31,869 [INFO] ProjectBuilder:2457 - Time for Copy CMSIS : 0mS.
2021-11-07 20:13:55,170 [INFO] ParamManager:825 - [Generic UI] PropertyChangeEvent: TAB_STATUS_CHANGED , "dont care", "never mind"
2021-11-07 20:13:55,178 [INFO] ADCParametersView:103 -                Rank 1 : true
2021-11-07 20:13:55,179 [INFO] ADCParametersView:103 -                Rank 1 : true
2021-11-07 20:13:55,180 [INFO] ADCParametersView:103 -                Rank 1 : true
2021-11-07 20:13:55,180 [INFO] ADCParametersView:103 -                Rank 1 : true
2021-11-07 20:13:55,180 [INFO] ADCParametersView:103 -                Rank 1 : true
2021-11-07 20:13:55,180 [INFO] ADCParametersView:103 -                Rank 1 : true
2021-11-07 20:13:55,180 [INFO] ADCParametersView:103 -                Rank 1 : true
2021-11-07 20:13:55,181 [INFO] ADCParametersView:103 -                Rank 1 : true
2021-11-07 20:13:55,181 [INFO] ADCParametersView:103 -                Rank 1 : true
2021-11-07 20:13:55,181 [INFO] ADCParametersView:103 -                Rank 1 : true
2021-11-07 20:13:55,181 [INFO] ADCParametersView:103 -                Rank 1 : true
2021-11-07 20:13:55,181 [INFO] ADCParametersView:103 -                Rank 1 : true
2021-11-07 20:13:55,181 [INFO] ADCParametersView:103 -                Rank 1 : true
2021-11-07 20:13:55,182 [INFO] ADCParametersView:103 -                Rank 1 : true
2021-11-07 20:13:55,194 [INFO] ParamManager:825 - [Generic UI] PropertyChangeEvent: TAB_STATUS_CHANGED , "dont care", "never mind"
2021-11-07 20:13:55,208 [INFO] ADCParametersView:103 -                Rank 1 : false
2021-11-07 20:13:55,690 [INFO] ADCParametersView:103 -                Rank 1 : false
2021-11-07 20:13:55,692 [INFO] ADCParametersView:103 -                Rank 1 : false
2021-11-07 20:13:55,692 [INFO] ADCParametersView:103 -                Rank 1 : false
2021-11-07 20:13:55,692 [INFO] ADCParametersView:103 -                Rank 1 : false
2021-11-07 20:13:55,692 [INFO] ADCParametersView:103 -                Rank 1 : false
2021-11-07 20:13:55,692 [INFO] ADCParametersView:103 -                Rank 1 : false
2021-11-07 20:13:55,692 [INFO] ADCParametersView:103 -                Rank 1 : false
2021-11-07 20:13:55,693 [INFO] ADCParametersView:103 -                Rank 1 : false
2021-11-07 20:13:55,693 [INFO] ADCParametersView:103 -                Rank 1 : false
2021-11-07 20:13:55,693 [INFO] ADCParametersView:103 -                Rank 1 : false
2021-11-07 20:13:55,693 [INFO] ADCParametersView:103 -                Rank 1 : false
2021-11-07 20:13:55,693 [INFO] ADCParametersView:103 -                Rank 1 : false
2021-11-07 20:13:55,693 [INFO] ADCParametersView:103 -                Rank 1 : false
2021-11-07 20:13:55,693 [INFO] ADCParametersView:103 -                Rank 1 : false
2021-11-07 20:13:55,724 [INFO] ADCParametersView:103 -                Rank 1 : false
2021-11-07 20:13:59,366 [INFO] ParamManager:825 - [Generic UI] PropertyChangeEvent: TAB_STATUS_CHANGED , "dont care", "never mind"
2021-11-07 20:13:59,378 [INFO] ADCParametersView:103 -                Rank 1 : false
2021-11-07 20:13:59,378 [INFO] ADCParametersView:103 -                Rank 1 : false
2021-11-07 20:13:59,379 [INFO] ADCParametersView:103 -                Rank 1 : false
2021-11-07 20:13:59,379 [INFO] ADCParametersView:103 -                Rank 1 : false
2021-11-07 20:13:59,379 [INFO] ADCParametersView:103 -                Rank 1 : false
2021-11-07 20:13:59,379 [INFO] ADCParametersView:103 -                Rank 1 : false
2021-11-07 20:13:59,379 [INFO] ADCParametersView:103 -                Rank 1 : false
2021-11-07 20:13:59,379 [INFO] ADCParametersView:103 -                Rank 1 : false
2021-11-07 20:13:59,379 [INFO] ADCParametersView:103 -                Rank 1 : false
2021-11-07 20:13:59,379 [INFO] ADCParametersView:103 -                Rank 1 : false
2021-11-07 20:13:59,379 [INFO] ADCParametersView:103 -                Rank 1 : false
2021-11-07 20:13:59,379 [INFO] ADCParametersView:103 -                Rank 1 : false
2021-11-07 20:13:59,379 [INFO] ADCParametersView:103 -                Rank 1 : false
2021-11-07 20:13:59,379 [INFO] ADCParametersView:103 -                Rank 1 : false
2021-11-07 20:13:59,386 [INFO] ParamManager:825 - [Generic UI] PropertyChangeEvent: TAB_STATUS_CHANGED , "dont care", "never mind"
2021-11-07 20:13:59,399 [INFO] ADCParametersView:103 -                Rank 1 : false
2021-11-07 20:13:59,696 [INFO] ADCParametersView:103 -                Rank 1 : false
2021-11-07 20:13:59,697 [INFO] ADCParametersView:103 -                Rank 1 : false
2021-11-07 20:13:59,697 [INFO] ADCParametersView:103 -                Rank 1 : false
2021-11-07 20:13:59,697 [INFO] ADCParametersView:103 -                Rank 1 : false
2021-11-07 20:13:59,697 [INFO] ADCParametersView:103 -                Rank 1 : false
2021-11-07 20:13:59,698 [INFO] ADCParametersView:103 -                Rank 1 : false
2021-11-07 20:13:59,698 [INFO] ADCParametersView:103 -                Rank 1 : false
2021-11-07 20:13:59,698 [INFO] ADCParametersView:103 -                Rank 1 : false
2021-11-07 20:13:59,698 [INFO] ADCParametersView:103 -                Rank 1 : false
2021-11-07 20:13:59,698 [INFO] ADCParametersView:103 -                Rank 1 : false
2021-11-07 20:13:59,698 [INFO] ADCParametersView:103 -                Rank 1 : false
2021-11-07 20:13:59,698 [INFO] ADCParametersView:103 -                Rank 1 : false
2021-11-07 20:13:59,698 [INFO] ADCParametersView:103 -                Rank 1 : false
2021-11-07 20:13:59,698 [INFO] ADCParametersView:103 -                Rank 1 : false
2021-11-07 20:13:59,725 [INFO] ADCParametersView:103 -                Rank 1 : false
2021-11-07 20:14:06,637 [INFO] ADCParametersView:103 -                Rank 1 : false
2021-11-07 20:14:06,639 [INFO] ADCParametersView:103 -                Rank 1 : false
2021-11-07 20:14:06,640 [INFO] ADCParametersView:103 -                Rank 1 : false
2021-11-07 20:14:06,640 [INFO] ADCParametersView:103 -                Rank 1 : false
2021-11-07 20:14:06,640 [INFO] ADCParametersView:103 -                Rank 1 : false
2021-11-07 20:14:06,640 [INFO] ADCParametersView:103 -                Rank 1 : false
2021-11-07 20:14:06,640 [INFO] ADCParametersView:103 -                Rank 1 : false
2021-11-07 20:14:06,640 [INFO] ADCParametersView:103 -                Rank 1 : false
2021-11-07 20:14:06,640 [INFO] ADCParametersView:103 -                Rank 1 : false
2021-11-07 20:14:06,640 [INFO] ADCParametersView:103 -                Rank 1 : false
2021-11-07 20:14:06,640 [INFO] ADCParametersView:103 -                Rank 1 : false
2021-11-07 20:14:06,641 [INFO] ADCParametersView:103 -                Rank 1 : false
2021-11-07 20:14:06,641 [INFO] ADCParametersView:103 -                Rank 1 : false
2021-11-07 20:14:06,641 [INFO] ADCParametersView:103 -                Rank 1 : false
2021-11-07 20:14:06,649 [INFO] ADCParametersView:103 -                Rank 1 : false
2021-11-07 20:14:06,694 [INFO] ADCParametersView:103 -                Rank 1 : false
2021-11-07 20:14:06,695 [INFO] ADCParametersView:103 -                Rank 1 : false
2021-11-07 20:14:06,695 [INFO] ADCParametersView:103 -                Rank 1 : false
2021-11-07 20:14:06,695 [INFO] ADCParametersView:103 -                Rank 1 : false
2021-11-07 20:14:06,695 [INFO] ADCParametersView:103 -                Rank 1 : false
2021-11-07 20:14:06,695 [INFO] ADCParametersView:103 -                Rank 1 : false
2021-11-07 20:14:06,695 [INFO] ADCParametersView:103 -                Rank 1 : false
2021-11-07 20:14:06,695 [INFO] ADCParametersView:103 -                Rank 1 : false
2021-11-07 20:14:06,695 [INFO] ADCParametersView:103 -                Rank 1 : false
2021-11-07 20:14:06,695 [INFO] ADCParametersView:103 -                Rank 1 : false
2021-11-07 20:14:06,695 [INFO] ADCParametersView:103 -                Rank 1 : false
2021-11-07 20:14:06,695 [INFO] ADCParametersView:103 -                Rank 1 : false
2021-11-07 20:14:06,696 [INFO] ADCParametersView:103 -                Rank 1 : false
2021-11-07 20:14:06,696 [INFO] ADCParametersView:103 -                Rank 1 : false
2021-11-07 20:14:06,713 [INFO] ADCParametersView:103 -                Rank 1 : false
2021-11-07 20:14:13,500 [INFO] ADCParametersView:103 -                Rank 1 : true
2021-11-07 20:14:14,720 [INFO] ADCParametersView:103 -                Rank 1 : true
2021-11-07 20:14:14,723 [INFO] ADCParametersView:103 -                Rank 1 : true
2021-11-07 20:14:14,724 [INFO] ADCParametersView:103 -                Rank 1 : true
2021-11-07 20:14:14,724 [INFO] ADCParametersView:103 -                Rank 1 : true
2021-11-07 20:14:14,724 [INFO] ADCParametersView:103 -                Rank 1 : true
2021-11-07 20:14:14,724 [INFO] ADCParametersView:103 -                Rank 1 : true
2021-11-07 20:14:14,724 [INFO] ADCParametersView:103 -                Rank 1 : true
2021-11-07 20:14:14,724 [INFO] ADCParametersView:103 -                Rank 1 : true
2021-11-07 20:14:14,724 [INFO] ADCParametersView:103 -                Rank 1 : true
2021-11-07 20:14:14,725 [INFO] ADCParametersView:103 -                Rank 1 : true
2021-11-07 20:14:14,725 [INFO] ADCParametersView:103 -                Rank 1 : true
2021-11-07 20:14:14,725 [INFO] ADCParametersView:103 -                Rank 1 : true
2021-11-07 20:14:14,726 [INFO] ADCParametersView:103 -                Rank 1 : true
2021-11-07 20:14:14,726 [INFO] ADCParametersView:103 -                Rank 1 : true
2021-11-07 20:14:14,751 [INFO] ADCParametersView:103 -                Rank 1 : true
2021-11-07 20:14:18,081 [INFO] UtilMem:74 - End SaveConfig() Used Memory: 642317640 Bytes (956301312)
2021-11-07 20:14:19,050 [INFO] UtilMem:74 - End SaveConfig() Used Memory: 665912648 Bytes (956301312)
2021-11-07 20:14:19,799 [INFO] UtilMem:74 - End SaveConfig() Used Memory: 706807112 Bytes (956301312)
2021-11-07 20:14:20,030 [INFO] BlockDiagram:2740 - set Specific Code input for plugin: SYS
2021-11-07 20:14:20,030 [INFO] BlockDiagram:2740 - set Specific Code input for plugin: ADC
2021-11-07 20:14:20,030 [INFO] BlockDiagram:2740 - set Specific Code input for plugin: RCC
2021-11-07 20:14:20,030 [INFO] BlockDiagram:2740 - set Specific Code input for plugin: NVIC
2021-11-07 20:14:20,031 [INFO] BlockDiagram:2740 - set Specific Code input for plugin: GPIO
2021-11-07 20:14:20,031 [INFO] CodeGenerator:663 - code generatio: config db path: /opt/st/stm32cubeide_1.7.0/plugins/com.st.stm32cube.common.mx_6.3.0.202107141111//db/
2021-11-07 20:14:20,372 [INFO] CodeEngine:239 - oldGeneratedFile, /home/dedushka-mazay/GIT/RMuravka_C-Embedded_BaseCamp/myFourthProject/ADC/MXTmpFiles/license.tmp_save
2021-11-07 20:14:20,422 [INFO] CodeEngine:257 - Generated code: /home/dedushka-mazay/GIT/RMuravka_C-Embedded_BaseCamp/myFourthProject/ADC/MXTmpFiles/license.tmp
2021-11-07 20:14:20,431 [INFO] CodeEngine:239 - oldGeneratedFile, /home/dedushka-mazay/GIT/RMuravka_C-Embedded_BaseCamp/myFourthProject/ADC/MXTmpFiles/gpio.tmp_save
2021-11-07 20:14:20,497 [INFO] CodeEngine:257 - Generated code: /home/dedushka-mazay/GIT/RMuravka_C-Embedded_BaseCamp/myFourthProject/ADC/MXTmpFiles/gpio.tmp
2021-11-07 20:14:20,526 [INFO] CodeEngine:239 - oldGeneratedFile, /home/dedushka-mazay/GIT/RMuravka_C-Embedded_BaseCamp/myFourthProject/ADC/Core/Src/stm32f4xx_it.c_save
2021-11-07 20:14:20,576 [INFO] CodeEngine:257 - Generated code: /home/dedushka-mazay/GIT/RMuravka_C-Embedded_BaseCamp/myFourthProject/ADC/Core/Src/stm32f4xx_it.c
2021-11-07 20:14:20,577 [INFO] CodeEngine:239 - oldGeneratedFile, /home/dedushka-mazay/GIT/RMuravka_C-Embedded_BaseCamp/myFourthProject/ADC/Core/Inc/stm32f4xx_it.h_save
2021-11-07 20:14:20,613 [INFO] CodeEngine:257 - Generated code: /home/dedushka-mazay/GIT/RMuravka_C-Embedded_BaseCamp/myFourthProject/ADC/Core/Inc/stm32f4xx_it.h
2021-11-07 20:14:20,615 [INFO] CodeEngine:239 - oldGeneratedFile, /home/dedushka-mazay/GIT/RMuravka_C-Embedded_BaseCamp/myFourthProject/ADC/Core/Src/stm32f4xx_hal_msp.c_save
2021-11-07 20:14:20,678 [INFO] CodeEngine:257 - Generated code: /home/dedushka-mazay/GIT/RMuravka_C-Embedded_BaseCamp/myFourthProject/ADC/Core/Src/stm32f4xx_hal_msp.c
2021-11-07 20:14:20,679 [INFO] CodeEngine:239 - oldGeneratedFile, /home/dedushka-mazay/GIT/RMuravka_C-Embedded_BaseCamp/myFourthProject/ADC/MXTmpFiles/system.tmp_save
2021-11-07 20:14:20,714 [INFO] CodeEngine:257 - Generated code: /home/dedushka-mazay/GIT/RMuravka_C-Embedded_BaseCamp/myFourthProject/ADC/MXTmpFiles/system.tmp
2021-11-07 20:14:20,716 [INFO] CodeEngine:239 - oldGeneratedFile, /home/dedushka-mazay/GIT/RMuravka_C-Embedded_BaseCamp/myFourthProject/ADC/Core/Inc/stm32f4xx_hal_conf.h_save
2021-11-07 20:14:20,767 [INFO] CodeEngine:257 - Generated code: /home/dedushka-mazay/GIT/RMuravka_C-Embedded_BaseCamp/myFourthProject/ADC/Core/Inc/stm32f4xx_hal_conf.h
2021-11-07 20:14:20,778 [INFO] CodeEngine:239 - oldGeneratedFile, /home/dedushka-mazay/GIT/RMuravka_C-Embedded_BaseCamp/myFourthProject/ADC/Core/Inc/main.h_save
2021-11-07 20:14:20,816 [INFO] CodeEngine:257 - Generated code: /home/dedushka-mazay/GIT/RMuravka_C-Embedded_BaseCamp/myFourthProject/ADC/Core/Inc/main.h
2021-11-07 20:14:20,816 [INFO] CodeEngine:239 - oldGeneratedFile, /home/dedushka-mazay/GIT/RMuravka_C-Embedded_BaseCamp/myFourthProject/ADC/Core/Src/main.c_save
2021-11-07 20:14:20,886 [INFO] CodeEngine:257 - Generated code: /home/dedushka-mazay/GIT/RMuravka_C-Embedded_BaseCamp/myFourthProject/ADC/Core/Src/main.c
2021-11-07 20:14:21,178 [INFO] ProjectBuilder:2578 - Time for Copy HAL[1] : 10mS.
2021-11-07 20:14:21,179 [INFO] ProjectBuilder:3622 - Project Generator version: 3.14.1
2021-11-07 20:14:21,363 [INFO] ConfigFileManager:1271 - The Die is : DIE413
2021-11-07 20:14:22,354 [INFO] ProjectBuilder:3789 - Time for Generating toolchain IDE Files: 1175mS.
2021-11-07 20:14:22,354 [INFO] ProjectBuilder:2457 - Time for Copy CMSIS : 0mS.
2021-11-07 20:14:22,355 [INFO] ProjectBuilder:2457 - Time for Copy CMSIS : 1mS.
2021-11-07 20:47:54,281 [INFO] ADCParametersView:103 -                Rank 1 : true
2021-11-07 20:47:54,284 [INFO] ADCParametersView:103 -                Rank 1 : true
2021-11-07 20:47:54,285 [INFO] ADCParametersView:103 -                Rank 1 : true
2021-11-07 20:47:54,285 [INFO] ADCParametersView:103 -                Rank 1 : true
2021-11-07 20:47:54,285 [INFO] ADCParametersView:103 -                Rank 1 : true
2021-11-07 20:47:54,285 [INFO] ADCParametersView:103 -                Rank 1 : true
2021-11-07 20:47:54,285 [INFO] ADCParametersView:103 -                Rank 1 : true
2021-11-07 20:47:54,285 [INFO] ADCParametersView:103 -                Rank 1 : true
2021-11-07 20:47:54,286 [INFO] ADCParametersView:103 -                Rank 1 : true
2021-11-07 20:47:54,286 [INFO] ADCParametersView:103 -                Rank 1 : true
2021-11-07 20:47:54,286 [INFO] ADCParametersView:103 -                Rank 1 : true
2021-11-07 20:47:54,286 [INFO] ADCParametersView:103 -                Rank 1 : true
2021-11-07 20:47:54,286 [INFO] ADCParametersView:103 -                Rank 1 : true
2021-11-07 20:47:54,286 [INFO] ADCParametersView:103 -                Rank 1 : true
2021-11-07 20:47:54,308 [INFO] ADCParametersView:103 -                Rank 1 : true
2021-11-07 20:48:10,095 [INFO] UtilMem:74 - End SaveConfig() Used Memory: 695131816 Bytes (961544192)
2021-11-07 20:48:11,547 [INFO] UtilMem:74 - End SaveConfig() Used Memory: 726588448 Bytes (961544192)
2021-11-07 20:48:12,619 [INFO] UtilMem:74 - End SaveConfig() Used Memory: 773362416 Bytes (961544192)
2021-11-07 20:48:12,805 [INFO] BlockDiagram:2740 - set Specific Code input for plugin: SYS
2021-11-07 20:48:12,806 [INFO] BlockDiagram:2740 - set Specific Code input for plugin: ADC
2021-11-07 20:48:12,806 [INFO] BlockDiagram:2740 - set Specific Code input for plugin: RCC
2021-11-07 20:48:12,806 [INFO] BlockDiagram:2740 - set Specific Code input for plugin: NVIC
2021-11-07 20:48:12,806 [INFO] BlockDiagram:2740 - set Specific Code input for plugin: GPIO
2021-11-07 20:48:12,806 [INFO] CodeGenerator:663 - code generatio: config db path: /opt/st/stm32cubeide_1.7.0/plugins/com.st.stm32cube.common.mx_6.3.0.202107141111//db/
2021-11-07 20:48:12,992 [INFO] CodeEngine:239 - oldGeneratedFile, /home/dedushka-mazay/GIT/RMuravka_C-Embedded_BaseCamp/myFourthProject/ADC/MXTmpFiles/license.tmp_save
2021-11-07 20:48:13,025 [INFO] CodeEngine:257 - Generated code: /home/dedushka-mazay/GIT/RMuravka_C-Embedded_BaseCamp/myFourthProject/ADC/MXTmpFiles/license.tmp
2021-11-07 20:48:13,032 [INFO] CodeEngine:239 - oldGeneratedFile, /home/dedushka-mazay/GIT/RMuravka_C-Embedded_BaseCamp/myFourthProject/ADC/MXTmpFiles/gpio.tmp_save
2021-11-07 20:48:13,065 [INFO] CodeEngine:257 - Generated code: /home/dedushka-mazay/GIT/RMuravka_C-Embedded_BaseCamp/myFourthProject/ADC/MXTmpFiles/gpio.tmp
2021-11-07 20:48:13,092 [INFO] CodeEngine:239 - oldGeneratedFile, /home/dedushka-mazay/GIT/RMuravka_C-Embedded_BaseCamp/myFourthProject/ADC/Core/Src/stm32f4xx_it.c_save
2021-11-07 20:48:13,144 [INFO] CodeEngine:257 - Generated code: /home/dedushka-mazay/GIT/RMuravka_C-Embedded_BaseCamp/myFourthProject/ADC/Core/Src/stm32f4xx_it.c
2021-11-07 20:48:13,145 [INFO] CodeEngine:239 - oldGeneratedFile, /home/dedushka-mazay/GIT/RMuravka_C-Embedded_BaseCamp/myFourthProject/ADC/Core/Inc/stm32f4xx_it.h_save
2021-11-07 20:48:13,180 [INFO] CodeEngine:257 - Generated code: /home/dedushka-mazay/GIT/RMuravka_C-Embedded_BaseCamp/myFourthProject/ADC/Core/Inc/stm32f4xx_it.h
2021-11-07 20:48:13,182 [INFO] CodeEngine:239 - oldGeneratedFile, /home/dedushka-mazay/GIT/RMuravka_C-Embedded_BaseCamp/myFourthProject/ADC/Core/Src/stm32f4xx_hal_msp.c_save
2021-11-07 20:48:13,240 [INFO] CodeEngine:257 - Generated code: /home/dedushka-mazay/GIT/RMuravka_C-Embedded_BaseCamp/myFourthProject/ADC/Core/Src/stm32f4xx_hal_msp.c
2021-11-07 20:48:13,241 [INFO] CodeEngine:239 - oldGeneratedFile, /home/dedushka-mazay/GIT/RMuravka_C-Embedded_BaseCamp/myFourthProject/ADC/MXTmpFiles/system.tmp_save
2021-11-07 20:48:13,274 [INFO] CodeEngine:257 - Generated code: /home/dedushka-mazay/GIT/RMuravka_C-Embedded_BaseCamp/myFourthProject/ADC/MXTmpFiles/system.tmp
2021-11-07 20:48:13,275 [INFO] CodeEngine:239 - oldGeneratedFile, /home/dedushka-mazay/GIT/RMuravka_C-Embedded_BaseCamp/myFourthProject/ADC/Core/Inc/stm32f4xx_hal_conf.h_save
2021-11-07 20:48:13,323 [INFO] CodeEngine:257 - Generated code: /home/dedushka-mazay/GIT/RMuravka_C-Embedded_BaseCamp/myFourthProject/ADC/Core/Inc/stm32f4xx_hal_conf.h
2021-11-07 20:48:13,335 [INFO] CodeEngine:239 - oldGeneratedFile, /home/dedushka-mazay/GIT/RMuravka_C-Embedded_BaseCamp/myFourthProject/ADC/Core/Inc/main.h_save
2021-11-07 20:48:13,371 [INFO] CodeEngine:257 - Generated code: /home/dedushka-mazay/GIT/RMuravka_C-Embedded_BaseCamp/myFourthProject/ADC/Core/Inc/main.h
2021-11-07 20:48:13,372 [INFO] CodeEngine:239 - oldGeneratedFile, /home/dedushka-mazay/GIT/RMuravka_C-Embedded_BaseCamp/myFourthProject/ADC/Core/Src/main.c_save
2021-11-07 20:48:13,434 [INFO] CodeEngine:257 - Generated code: /home/dedushka-mazay/GIT/RMuravka_C-Embedded_BaseCamp/myFourthProject/ADC/Core/Src/main.c
2021-11-07 20:48:13,706 [INFO] ProjectBuilder:2578 - Time for Copy HAL[1] : 9mS.
2021-11-07 20:48:13,707 [INFO] ProjectBuilder:3622 - Project Generator version: 3.14.1
2021-11-07 20:48:13,870 [INFO] ConfigFileManager:1271 - The Die is : DIE413
2021-11-07 20:48:14,873 [INFO] ProjectBuilder:3789 - Time for Generating toolchain IDE Files: 1166mS.
2021-11-07 20:48:14,874 [INFO] ProjectBuilder:2457 - Time for Copy CMSIS : 0mS.
2021-11-07 20:48:14,874 [INFO] ProjectBuilder:2457 - Time for Copy CMSIS : 0mS.
