2021-11-01 01:00:22,551 [INFO] Activator:177 - 


2021-11-01 01:00:22,553 [INFO] Activator:178 - !SESSION log4j initialized
2021-11-01 01:01:34,063 [INFO] Activator:177 - 


2021-11-01 01:01:34,064 [INFO] Activator:178 - !SESSION log4j initialized
2021-11-01 01:02:27,059 [ERROR] ApiDbMcu:1508 - Can't use Application install path:
2021-11-01 01:02:27,060 [WARN] RulesReader:59 - Compatibility file://mcu/compatibility.xml not found
2021-11-01 01:03:36,781 [INFO] McuFinderGlobals:39 - Set McuFinder mode to 2 (CubeIDE integrated)
2021-11-01 01:03:36,838 [INFO] ApplicationProperties:181 - Using Application install path: /opt/st/stm32cubeide_1.7.0/plugins/com.st.stm32cube.common.mx_6.3.0.202107141111
2021-11-01 01:03:36,842 [INFO] DbMcusXml:74 - Set database path to: /opt/st/stm32cubeide_1.7.0/plugins/com.st.stm32cube.common.mx_6.3.0.202107141111//db//mcu/
2021-11-01 01:03:36,845 [INFO] DbBoardsPdsc:56 - Set plugin database path to: /opt/st/stm32cubeide_1.7.0/plugins/com.st.stm32cube.common.mx_6.3.0.202107141111//db//plugins/boardmanager/
2021-11-01 01:03:36,845 [INFO] DbMcus:258 - Set plugin images path to: /opt/st/stm32cubeide_1.7.0/plugins/com.st.stm32cube.common.mx_6.3.0.202107141111//db//plugins/mcufinder/images/
2021-11-01 01:03:36,845 [INFO] DbBoards:264 - Set plugin images path to: /opt/st/stm32cubeide_1.7.0/plugins/com.st.stm32cube.common.mx_6.3.0.202107141111//db//plugins/mcufinder/images/
2021-11-01 01:03:36,847 [INFO] DbExamples:333 - Set plugin images path to: /opt/st/stm32cubeide_1.7.0/plugins/com.st.stm32cube.common.mx_6.3.0.202107141111//db//plugins/mcufinder/images/
2021-11-01 01:03:36,849 [INFO] DbMcusAds:119 - Set database path to: /home/dedushka-mazay/.stmcufinder/plugins/mcufinder//mcu/
2021-11-01 01:03:36,849 [INFO] DbMcusDocs:110 - Set database path to: /home/dedushka-mazay/.stmcufinder/plugins/mcufinder//mcu/
2021-11-01 01:03:36,851 [INFO] DbMcusJson:64 - Set database path to: /home/dedushka-mazay/.stmcufinder/plugins/mcufinder//mcu/
2021-11-01 01:03:36,851 [INFO] DbBoardsDocs:110 - Set database path to: /home/dedushka-mazay/.stmcufinder/plugins/mcufinder//mcu/
2021-11-01 01:03:36,852 [INFO] DbBoardsJson:57 - Set database path to: /home/dedushka-mazay/.stmcufinder/plugins/mcufinder//mcu/
2021-11-01 01:03:39,298 [INFO] CrossReferenceDbSqlite:196 - Set database path to: /home/dedushka-mazay/.stmcufinder/plugins/mcufinder//mcu/cs/
2021-11-01 01:03:39,313 [INFO] DbExamplesSqlite:767 - Set database path to: /home/dedushka-mazay/.stmcufinder/plugins/mcufinder//mcu/
2021-11-01 01:03:39,378 [INFO] DbMcusXml:74 - Set database path to: /opt/st/stm32cubeide_1.7.0/plugins/com.st.stm32cube.common.mx_6.3.0.202107141111//db//mcu/
2021-11-01 01:03:39,378 [INFO] DbBoardsPdsc:56 - Set plugin database path to: /opt/st/stm32cubeide_1.7.0/plugins/com.st.stm32cube.common.mx_6.3.0.202107141111//db//plugins/boardmanager/
2021-11-01 01:03:39,378 [INFO] DbMcus:258 - Set plugin images path to: /opt/st/stm32cubeide_1.7.0/plugins/com.st.stm32cube.common.mx_6.3.0.202107141111//db//plugins/mcufinder/images/
2021-11-01 01:03:39,379 [INFO] DbBoards:264 - Set plugin images path to: /opt/st/stm32cubeide_1.7.0/plugins/com.st.stm32cube.common.mx_6.3.0.202107141111//db//plugins/mcufinder/images/
2021-11-01 01:03:39,379 [INFO] DbExamples:333 - Set plugin images path to: /opt/st/stm32cubeide_1.7.0/plugins/com.st.stm32cube.common.mx_6.3.0.202107141111//db//plugins/mcufinder/images/
2021-11-01 01:03:39,379 [WARN] DbFile:35 - Overriding database path with different value: /home/dedushka-mazay/.stmcufinder/plugins/mcufinder/ => /home/dedushka-mazay/.stmcufinder/plugins/mcufinder
2021-11-01 01:03:39,379 [INFO] DbMcusAds:119 - Set database path to: /home/dedushka-mazay/.stmcufinder/plugins/mcufinder//mcu/
2021-11-01 01:03:39,379 [WARN] DbFile:35 - Overriding database path with different value: /home/dedushka-mazay/.stmcufinder/plugins/mcufinder/ => /home/dedushka-mazay/.stmcufinder/plugins/mcufinder
2021-11-01 01:03:39,379 [INFO] DbMcusDocs:110 - Set database path to: /home/dedushka-mazay/.stmcufinder/plugins/mcufinder//mcu/
2021-11-01 01:03:39,379 [WARN] DbFile:35 - Overriding database path with different value: /home/dedushka-mazay/.stmcufinder/plugins/mcufinder/ => /home/dedushka-mazay/.stmcufinder/plugins/mcufinder
2021-11-01 01:03:39,379 [INFO] DbMcusJson:64 - Set database path to: /home/dedushka-mazay/.stmcufinder/plugins/mcufinder//mcu/
2021-11-01 01:03:39,379 [WARN] DbFile:35 - Overriding database path with different value: /home/dedushka-mazay/.stmcufinder/plugins/mcufinder/ => /home/dedushka-mazay/.stmcufinder/plugins/mcufinder
2021-11-01 01:03:39,380 [INFO] DbBoardsDocs:110 - Set database path to: /home/dedushka-mazay/.stmcufinder/plugins/mcufinder//mcu/
2021-11-01 01:03:39,380 [WARN] DbFile:35 - Overriding database path with different value: /home/dedushka-mazay/.stmcufinder/plugins/mcufinder/ => /home/dedushka-mazay/.stmcufinder/plugins/mcufinder
2021-11-01 01:03:39,380 [INFO] DbBoardsJson:57 - Set database path to: /home/dedushka-mazay/.stmcufinder/plugins/mcufinder//mcu/
2021-11-01 01:03:39,380 [WARN] DbFile:35 - Overriding database path with different value: /home/dedushka-mazay/.stmcufinder/plugins/mcufinder/ => /home/dedushka-mazay/.stmcufinder/plugins/mcufinder
2021-11-01 01:03:39,380 [WARN] DbFile:35 - Overriding database path with different value: /home/dedushka-mazay/.stmcufinder/plugins/mcufinder/ => /home/dedushka-mazay/.stmcufinder/plugins/mcufinder
2021-11-01 01:03:39,380 [INFO] CrossReferenceDbSqlite:196 - Set database path to: /home/dedushka-mazay/.stmcufinder/plugins/mcufinder//mcu/cs/
2021-11-01 01:03:39,381 [WARN] DbFile:35 - Overriding database path with different value: /home/dedushka-mazay/.stmcufinder/plugins/mcufinder/ => /home/dedushka-mazay/.stmcufinder/plugins/mcufinder
2021-11-01 01:03:39,381 [INFO] DbExamplesSqlite:767 - Set database path to: /home/dedushka-mazay/.stmcufinder/plugins/mcufinder//mcu/
2021-11-01 01:03:39,423 [INFO] MainPanel:214 - HeapMemory: 268435456
2021-11-01 01:03:39,471 [INFO] DbMcusXml:74 - Set database path to: /opt/st/stm32cubeide_1.7.0/plugins/com.st.stm32cube.common.mx_6.3.0.202107141111//db//mcu/
2021-11-01 01:03:39,471 [INFO] DbBoardsPdsc:56 - Set plugin database path to: /opt/st/stm32cubeide_1.7.0/plugins/com.st.stm32cube.common.mx_6.3.0.202107141111//db//plugins/boardmanager/
2021-11-01 01:03:39,471 [INFO] DbMcus:258 - Set plugin images path to: /opt/st/stm32cubeide_1.7.0/plugins/com.st.stm32cube.common.mx_6.3.0.202107141111//db//plugins/mcufinder/images/
2021-11-01 01:03:39,471 [INFO] DbBoards:264 - Set plugin images path to: /opt/st/stm32cubeide_1.7.0/plugins/com.st.stm32cube.common.mx_6.3.0.202107141111//db//plugins/mcufinder/images/
2021-11-01 01:03:39,471 [INFO] DbExamples:333 - Set plugin images path to: /opt/st/stm32cubeide_1.7.0/plugins/com.st.stm32cube.common.mx_6.3.0.202107141111//db//plugins/mcufinder/images/
2021-11-01 01:03:39,472 [WARN] DbFile:35 - Overriding database path with different value: /home/dedushka-mazay/.stmcufinder/plugins/mcufinder/ => /home/dedushka-mazay/.stmcufinder/plugins/mcufinder
2021-11-01 01:03:39,472 [INFO] DbMcusAds:119 - Set database path to: /home/dedushka-mazay/.stmcufinder/plugins/mcufinder//mcu/
2021-11-01 01:03:39,472 [WARN] DbFile:35 - Overriding database path with different value: /home/dedushka-mazay/.stmcufinder/plugins/mcufinder/ => /home/dedushka-mazay/.stmcufinder/plugins/mcufinder
2021-11-01 01:03:39,472 [INFO] DbMcusDocs:110 - Set database path to: /home/dedushka-mazay/.stmcufinder/plugins/mcufinder//mcu/
2021-11-01 01:03:39,473 [WARN] DbFile:35 - Overriding database path with different value: /home/dedushka-mazay/.stmcufinder/plugins/mcufinder/ => /home/dedushka-mazay/.stmcufinder/plugins/mcufinder
2021-11-01 01:03:39,473 [INFO] DbMcusJson:64 - Set database path to: /home/dedushka-mazay/.stmcufinder/plugins/mcufinder//mcu/
2021-11-01 01:03:39,473 [WARN] DbFile:35 - Overriding database path with different value: /home/dedushka-mazay/.stmcufinder/plugins/mcufinder/ => /home/dedushka-mazay/.stmcufinder/plugins/mcufinder
2021-11-01 01:03:39,473 [INFO] DbBoardsDocs:110 - Set database path to: /home/dedushka-mazay/.stmcufinder/plugins/mcufinder//mcu/
2021-11-01 01:03:39,473 [WARN] DbFile:35 - Overriding database path with different value: /home/dedushka-mazay/.stmcufinder/plugins/mcufinder/ => /home/dedushka-mazay/.stmcufinder/plugins/mcufinder
2021-11-01 01:03:39,473 [INFO] DbBoardsJson:57 - Set database path to: /home/dedushka-mazay/.stmcufinder/plugins/mcufinder//mcu/
2021-11-01 01:03:39,474 [WARN] DbFile:35 - Overriding database path with different value: /home/dedushka-mazay/.stmcufinder/plugins/mcufinder/ => /home/dedushka-mazay/.stmcufinder/plugins/mcufinder
2021-11-01 01:03:39,474 [WARN] DbFile:35 - Overriding database path with different value: /home/dedushka-mazay/.stmcufinder/plugins/mcufinder/ => /home/dedushka-mazay/.stmcufinder/plugins/mcufinder
2021-11-01 01:03:39,474 [INFO] CrossReferenceDbSqlite:196 - Set database path to: /home/dedushka-mazay/.stmcufinder/plugins/mcufinder//mcu/cs/
2021-11-01 01:03:39,474 [WARN] DbFile:35 - Overriding database path with different value: /home/dedushka-mazay/.stmcufinder/plugins/mcufinder/ => /home/dedushka-mazay/.stmcufinder/plugins/mcufinder
2021-11-01 01:03:39,474 [INFO] DbExamplesSqlite:767 - Set database path to: /home/dedushka-mazay/.stmcufinder/plugins/mcufinder//mcu/
2021-11-01 01:03:39,489 [INFO] ApplicationProperties:181 - Using Application install path: /opt/st/stm32cubeide_1.7.0/plugins/com.st.stm32cube.common.mx_6.3.0.202107141111
2021-11-01 01:03:39,490 [INFO] PluginManage:188 - Search for loadable plugins [exclusion list=, ]
2021-11-01 01:03:39,491 [INFO] PluginManage:302 - Check plugin analytics
2021-11-01 01:03:39,590 [INFO] AnalyticsPlugin:257 - Accepted Software Licenses: 
2021-11-01 01:03:39,590 [INFO] AnalyticsPlugin:259 - Accepted CMSIS Pack Licenses: 
2021-11-01 01:03:39,591 [INFO] AnalyticsPlugin:261 - Accepted Firmware Licenses: 
2021-11-01 01:03:39,591 [INFO] PluginManage:352 - Loaded plugin analytics (category:tool,tabindex:-1)
2021-11-01 01:03:39,592 [INFO] PluginManage:302 - Check plugin clock
2021-11-01 01:03:39,600 [INFO] PluginManage:352 - Loaded plugin clock (category:base,tabindex:2)
2021-11-01 01:03:39,600 [INFO] PluginManage:302 - Check plugin ddr
2021-11-01 01:03:39,601 [INFO] PluginManage:352 - Loaded plugin ddr (category:tool,tabindex:6)
2021-11-01 01:03:39,602 [INFO] PluginManage:302 - Check plugin filemanager
2021-11-01 01:03:39,691 [INFO] PluginManage:352 - Loaded plugin filemanager (category:base,tabindex:10)
2021-11-01 01:03:39,692 [INFO] PluginManage:302 - Check plugin ipmanager
2021-11-01 01:03:39,696 [INFO] PluginManage:352 - Loaded plugin ipmanager (category:base,tabindex:5)
2021-11-01 01:03:39,696 [INFO] PluginManage:302 - Check plugin pinoutandconfiguration
2021-11-01 01:03:39,702 [INFO] PluginManage:352 - Loaded plugin pinoutandconfiguration (category:base,tabindex:1)
2021-11-01 01:03:39,702 [INFO] PluginManage:302 - Check plugin pinoutconfig
2021-11-01 01:03:39,720 [INFO] PluginManage:352 - Loaded plugin pinoutconfig (category:base,tabindex:0)
2021-11-01 01:03:39,720 [INFO] PluginManage:302 - Check plugin power
2021-11-01 01:03:39,726 [INFO] PluginManage:352 - Loaded plugin power (category:power,tabindex:4)
2021-11-01 01:03:39,727 [INFO] PluginManage:302 - Check plugin projectmanager
2021-11-01 01:03:39,740 [INFO] PluginManage:352 - Loaded plugin projectmanager (category:projectmanager,tabindex:3)
2021-11-01 01:03:39,741 [INFO] PluginManage:302 - Check plugin thirdparty
2021-11-01 01:03:39,844 [WARN] IntegrityCheckThread:78 - waiting for thirdparty lock release [integrity check]
2021-11-01 01:03:39,844 [INFO] PluginManage:352 - Loaded plugin thirdparty (category:base,tabindex:-1)
2021-11-01 01:03:39,845 [INFO] IntegrityCheckThread:80 - entering critical section [integrity check]
2021-11-01 01:03:39,845 [INFO] PluginManage:302 - Check plugin tools
2021-11-01 01:03:39,845 [INFO] ThirdPartyUpdaterWithRetryManager:66 - Updater plugin not ready yet. [1/15]
2021-11-01 01:03:39,846 [INFO] PluginManage:352 - Loaded plugin tools (category:base,tabindex:7)
2021-11-01 01:03:39,847 [INFO] PluginManage:302 - Check plugin tutovideos
2021-11-01 01:03:39,986 [INFO] PluginManage:352 - Loaded plugin tutovideos (category:base,tabindex:-1)
2021-11-01 01:03:39,986 [INFO] PluginManage:302 - Check plugin updater
2021-11-01 01:03:39,995 [INFO] PluginManage:352 - Loaded plugin updater (category:base,tabindex:12)
2021-11-01 01:03:39,996 [INFO] PluginManage:275 - PluginManage : Loaded plugins [13]
2021-11-01 01:03:40,163 [INFO] PinOutPanel:1463 - setPackage(No Configuration,No Configuration)
2021-11-01 01:03:40,220 [INFO] IPUIPlugin:74 - create IPUIPlugin
2021-11-01 01:03:40,220 [INFO] PluginManager:213 - loadIPPluginJar : add i2s
2021-11-01 01:03:40,226 [INFO] IPUIPlugin:74 - create IPUIPlugin
2021-11-01 01:03:40,226 [INFO] PluginManager:213 - loadIPPluginJar : add linkedlist
2021-11-01 01:03:40,229 [INFO] IPUIPlugin:74 - create IPUIPlugin
2021-11-01 01:03:40,229 [INFO] PluginManager:213 - loadIPPluginJar : add ipddr
2021-11-01 01:03:40,234 [INFO] IPUIPlugin:74 - create IPUIPlugin
2021-11-01 01:03:40,234 [INFO] PluginManager:213 - loadIPPluginJar : add adc
2021-11-01 01:03:40,237 [INFO] IPUIPlugin:74 - create IPUIPlugin
2021-11-01 01:03:40,237 [INFO] PluginManager:213 - loadIPPluginJar : add pdm2pcm
2021-11-01 01:03:40,240 [INFO] IPUIPlugin:74 - create IPUIPlugin
2021-11-01 01:03:40,241 [INFO] PluginManager:213 - loadIPPluginJar : add dma3
2021-11-01 01:03:40,246 [INFO] IPUIPlugin:74 - create IPUIPlugin
2021-11-01 01:03:40,246 [INFO] PluginManager:213 - loadIPPluginJar : add gic
2021-11-01 01:03:40,249 [INFO] IPUIPlugin:74 - create IPUIPlugin
2021-11-01 01:03:40,249 [INFO] PluginManager:213 - loadIPPluginJar : add openamp
2021-11-01 01:03:40,251 [INFO] IPUIPlugin:74 - create IPUIPlugin
2021-11-01 01:03:40,251 [INFO] PluginManager:213 - loadIPPluginJar : add i2c
2021-11-01 01:03:40,253 [INFO] IPUIPlugin:74 - create IPUIPlugin
2021-11-01 01:03:40,253 [INFO] PluginManager:213 - loadIPPluginJar : add gfxmmu
2021-11-01 01:03:40,255 [INFO] IPUIPlugin:74 - create IPUIPlugin
2021-11-01 01:03:40,255 [INFO] PluginManager:213 - loadIPPluginJar : add ucpd
2021-11-01 01:03:40,258 [INFO] IPUIPlugin:74 - create IPUIPlugin
2021-11-01 01:03:40,258 [INFO] PluginManager:213 - loadIPPluginJar : add hash
2021-11-01 01:03:40,260 [INFO] IPUIPlugin:74 - create IPUIPlugin
2021-11-01 01:03:40,260 [INFO] PluginManager:213 - loadIPPluginJar : add quadspi
2021-11-01 01:03:40,266 [INFO] IPUIPlugin:74 - create IPUIPlugin
2021-11-01 01:03:40,266 [INFO] PluginManager:213 - loadIPPluginJar : add freertos
2021-11-01 01:03:40,268 [INFO] IPUIPlugin:74 - create IPUIPlugin
2021-11-01 01:03:40,268 [INFO] PluginManager:213 - loadIPPluginJar : add tim
2021-11-01 01:03:40,270 [INFO] IPUIPlugin:74 - create IPUIPlugin
2021-11-01 01:03:40,271 [INFO] PluginManager:213 - loadIPPluginJar : add lorawan
2021-11-01 01:03:40,272 [INFO] IPUIPlugin:74 - create IPUIPlugin
2021-11-01 01:03:40,273 [INFO] PluginManager:213 - loadIPPluginJar : add spi
2021-11-01 01:03:40,276 [INFO] IPUIPlugin:74 - create IPUIPlugin
2021-11-01 01:03:40,276 [INFO] PluginManager:213 - loadIPPluginJar : add stm32_wpan
2021-11-01 01:03:40,278 [INFO] IPUIPlugin:74 - create IPUIPlugin
2021-11-01 01:03:40,278 [INFO] PluginManager:213 - loadIPPluginJar : add usart
2021-11-01 01:03:40,280 [INFO] IPUIPlugin:74 - create IPUIPlugin
2021-11-01 01:03:40,280 [INFO] PluginManager:213 - loadIPPluginJar : add cryp
2021-11-01 01:03:40,285 [INFO] IPUIPlugin:74 - create IPUIPlugin
2021-11-01 01:03:40,285 [INFO] PluginManager:213 - loadIPPluginJar : add dma
2021-11-01 01:03:40,286 [INFO] IPUIPlugin:74 - create IPUIPlugin
2021-11-01 01:03:40,286 [INFO] PluginManager:213 - loadIPPluginJar : add gtzc
2021-11-01 01:03:40,290 [INFO] IPUIPlugin:74 - create IPUIPlugin
2021-11-01 01:03:40,293 [INFO] PluginManager:213 - loadIPPluginJar : add plateformsettings
2021-11-01 01:03:40,297 [INFO] IPUIPlugin:74 - create IPUIPlugin
2021-11-01 01:03:40,297 [INFO] PluginManager:213 - loadIPPluginJar : add fmc
2021-11-01 01:03:40,298 [INFO] IPUIPlugin:74 - create IPUIPlugin
2021-11-01 01:03:40,298 [INFO] PluginManager:213 - loadIPPluginJar : add fatfs
2021-11-01 01:03:40,300 [INFO] IPUIPlugin:74 - create IPUIPlugin
2021-11-01 01:03:40,300 [INFO] PluginManager:213 - loadIPPluginJar : add tracer_emb
2021-11-01 01:03:40,301 [INFO] IPUIPlugin:74 - create IPUIPlugin
2021-11-01 01:03:40,301 [INFO] PluginManager:213 - loadIPPluginJar : add tsc
2021-11-01 01:03:40,303 [INFO] IPUIPlugin:74 - create IPUIPlugin
2021-11-01 01:03:40,303 [INFO] PluginManager:213 - loadIPPluginJar : add can
2021-11-01 01:03:40,305 [INFO] IPUIPlugin:74 - create IPUIPlugin
2021-11-01 01:03:40,305 [INFO] PluginManager:213 - loadIPPluginJar : add ts
2021-11-01 01:03:40,307 [INFO] IPUIPlugin:74 - create IPUIPlugin
2021-11-01 01:03:40,307 [INFO] PluginManager:213 - loadIPPluginJar : add dfsdm
2021-11-01 01:03:40,309 [INFO] IPUIPlugin:74 - create IPUIPlugin
2021-11-01 01:03:40,309 [INFO] PluginManager:213 - loadIPPluginJar : add sai
2021-11-01 01:03:40,312 [INFO] IPUIPlugin:74 - create IPUIPlugin
2021-11-01 01:03:40,312 [INFO] PluginManager:213 - loadIPPluginJar : add nvic
2021-11-01 01:03:40,315 [INFO] IPUIPlugin:74 - create IPUIPlugin
2021-11-01 01:03:40,316 [INFO] PluginManager:213 - loadIPPluginJar : add mdma
2021-11-01 01:03:40,319 [INFO] IPUIPlugin:74 - create IPUIPlugin
2021-11-01 01:03:40,319 [INFO] PluginManager:213 - loadIPPluginJar : add gpio
2021-11-01 01:03:40,320 [INFO] IPUIPlugin:74 - create IPUIPlugin
2021-11-01 01:03:40,320 [INFO] PluginManager:213 - loadIPPluginJar : add comp
2021-11-01 01:03:40,321 [INFO] IPUIPlugin:74 - create IPUIPlugin
2021-11-01 01:03:40,322 [INFO] PluginManager:213 - loadIPPluginJar : add ltdc
2021-11-01 01:03:40,324 [INFO] IPUIPlugin:74 - create IPUIPlugin
2021-11-01 01:03:40,324 [INFO] PluginManager:213 - loadIPPluginJar : add usbx
2021-11-01 01:03:40,325 [INFO] IPUIPlugin:74 - create IPUIPlugin
2021-11-01 01:03:40,325 [INFO] PluginManager:213 - loadIPPluginJar : add genericplugin
2021-11-01 01:03:40,327 [INFO] IPUIPlugin:74 - create IPUIPlugin
2021-11-01 01:03:40,328 [INFO] PluginManager:213 - loadIPPluginJar : add opamp
2021-11-01 01:03:40,329 [INFO] IPUIPlugin:74 - create IPUIPlugin
2021-11-01 01:03:40,330 [INFO] PluginManager:213 - loadIPPluginJar : add aes
2021-11-01 01:03:40,332 [INFO] IPUIPlugin:74 - create IPUIPlugin
2021-11-01 01:03:40,332 [INFO] PluginManager:213 - loadIPPluginJar : add resmgrutility
2021-11-01 01:03:40,334 [INFO] IPUIPlugin:74 - create IPUIPlugin
2021-11-01 01:03:40,334 [INFO] PluginManager:213 - loadIPPluginJar : add touchsensing
2021-11-01 01:03:40,548 [FATAL] Updater:294 - Updater called before beeing initialized
2021-11-01 01:03:40,625 [FATAL] Updater:294 - Updater called before beeing initialized
2021-11-01 01:03:40,628 [INFO] DbMcusAds:47 - JSON generation date=Thu Sep 30 09:56:37 EEST 2021 (1632984997303)
2021-11-01 01:03:40,629 [FATAL] Updater:294 - Updater called before beeing initialized
2021-11-01 01:03:40,657 [WARN] DetailPanel:314 - Failed to get advertising image, set to default
2021-11-01 01:03:40,717 [FATAL] Updater:294 - Updater called before beeing initialized
2021-11-01 01:03:40,719 [FATAL] Updater:294 - Updater called before beeing initialized
2021-11-01 01:03:40,719 [FATAL] Updater:294 - Updater called before beeing initialized
2021-11-01 01:03:40,719 [WARN] DetailPanel:314 - Failed to get advertising image, set to default
2021-11-01 01:03:40,720 [FATAL] Updater:294 - Updater called before beeing initialized
2021-11-01 01:03:40,747 [ERROR] Updater:1075 - MainUpdater not yet initialized. External WinMGr cannot be set.
2021-11-01 01:03:40,748 [INFO] Updater:1012 - Updater Version found : 6.3.0
2021-11-01 01:03:40,761 [INFO] ApplicationProperties:181 - Using Application install path: /opt/st/stm32cubeide_1.7.0/plugins/com.st.stm32cube.common.mx_6.3.0.202107141111
2021-11-01 01:03:42,809 [WARN] ServerAccessManage:1053 - Warning during Server Connexion :  timeout connect timed out
2021-11-01 01:03:42,845 [INFO] ThirdPartyUpdaterWithRetryManager:66 - Updater plugin not ready yet. [2/15]
2021-11-01 01:03:44,816 [WARN] ServerAccessManage:1053 - Warning during Server Connexion :  timeout connect timed out
2021-11-01 01:03:45,847 [FATAL] Updater:294 - Updater called before beeing initialized
2021-11-01 01:03:45,848 [ERROR] IntegrityCheckThread:124 - Cannot retrieve database content from updater: error 21
2021-11-01 01:03:45,848 [INFO] ThirdParty:915 - Integrity check success = false
2021-11-01 01:03:45,848 [INFO] IntegrityCheckThread:94 - exiting critical section [integrity check]
2021-11-01 01:03:45,848 [INFO] IntegrityCheckThread:97 - End integrity checks thread
2021-11-01 01:03:49,571 [INFO] MainUpdater:2671 - connection check result : 10
2021-11-01 01:03:49,573 [INFO] MainUpdater:265 - Updater Check For Update Now.
2021-11-01 01:03:49,574 [INFO] MicroXplorer:478 - Change Database Version : DB.6.0.30
2021-11-01 01:03:49,735 [INFO] CheckServerUpdateThread:112 - End of CheckServer Thread
2021-11-01 01:03:49,786 [INFO] MainUpdater:2671 - connection check result : 10
2021-11-01 01:03:49,980 [INFO] McuFinderGlobals:52 - Set McuFinderConnectedMode to false
2021-11-01 01:03:50,042 [INFO] CrossSelectorPresenter:1330 - Cross Selector saved comparison directory: /home/dedushka-mazay/.stmcufinder/plugins/mcufinder/mcu/cs_comparisons_mx
2021-11-01 01:03:50,046 [INFO] MultiScanPanel:197 - Auto-refresh data requested => check proxy status ongoing
2021-11-01 01:03:50,046 [INFO] MultiScanPanel:201 - Proxy status is invalid
2021-11-01 01:03:50,049 [INFO] FinderPluginLoader:87 - Searching for filters in installed packs
2021-11-01 01:03:50,050 [INFO] DbMcusXml:100 - Load MCU database from /opt/st/stm32cubeide_1.7.0/plugins/com.st.stm32cube.common.mx_6.3.0.202107141111//db//mcu/families.xml
2021-11-01 01:03:50,912 [INFO] DbMcusJson:93 - JSON generation date=Fri Oct 29 10:56:29 EEST 2021 (1635494189)
2021-11-01 01:03:51,821 [INFO] DbMcus:175 - Found 1951 MCUs (1903 are supported by CubeMX, 1905 are visible in CubeMX)
2021-11-01 01:03:51,822 [INFO] ApiDb:251 - Load user favorites file /home/dedushka-mazay/.stm32cubeide/favorites.mcus.txt: 1 item(s)
2021-11-01 01:03:51,822 [INFO] ApiDb:255 - User favorites MCUs=[STM32F407VGTx]
2021-11-01 01:03:51,822 [INFO] DbMcus:187 - Set 1 / 1 favorites MCUs
2021-11-01 01:03:52,262 [INFO] DetailPanel:309 - Set advertising image to /home/dedushka-mazay/STM32Cube/Repository//en.Prom_NBSTM32U50921.jpg
2021-11-01 01:03:52,634 [INFO] DbBoardsPdsc:90 - Found 9 items
2021-11-01 01:03:52,637 [INFO] DbBoardsPdsc:90 - Found 5 items
2021-11-01 01:03:52,638 [INFO] DbBoardsPdsc:90 - Found 2 items
2021-11-01 01:03:52,639 [INFO] DbBoardsPdsc:90 - Found 1 items
2021-11-01 01:03:52,642 [INFO] DbBoardsPdsc:90 - Found 25 items
2021-11-01 01:03:52,648 [INFO] DbBoardsPdsc:90 - Found 48 items
2021-11-01 01:03:52,651 [INFO] DbBoardsPdsc:90 - Found 33 items
2021-11-01 01:03:52,658 [INFO] DbBoardsPdsc:90 - Found 43 items
2021-11-01 01:03:52,663 [WARN] DbBoardsPdsc:254 - Board STM32H7B3I-DK: unknown feature type=Audio, name=, username=Audio stereo codec with Headphone Amp (CS42L51-CNZ), n=1
2021-11-01 01:03:52,663 [WARN] DbBoardsPdsc:254 - Board STM32H735G-DK: unknown feature type=Audio, name=, username=Audio stereo codec with Headphone Amp (WM8994ECS/R), n=1
2021-11-01 01:03:52,667 [WARN] DbBoardsPdsc:254 - Board STM32H7B3I-EVAL: unknown feature type=Audio, name=, username=Multi-Channel Audio Codec (CS42L51-CNZ), n=1
2021-11-01 01:03:52,667 [WARN] DbBoardsPdsc:254 - Board STM32H7B3I-EVAL: unknown feature type=Meter, name=, username=Power-metering and Temperature-monitoring with sigma-delta modulators, n=1
2021-11-01 01:03:52,667 [WARN] DbBoardsPdsc:254 - Board STM32H7B3I-EVAL: unknown feature type=Motor, name=, username=Motor Control, n=1
2021-11-01 01:03:52,668 [WARN] DbBoardsPdsc:254 - Board STM32U575I-EV: unknown feature type=joystick, name=, username=4-direction joystick with selection button, n=1
2021-11-01 01:03:52,689 [INFO] DbBoardsJson:86 - JSON generation date=Fri Oct 29 10:56:29 EEST 2021 (1635494189)
2021-11-01 01:03:52,695 [INFO] DbBoards:117 - Found 167 boards (163 are supported by CubeMX)
2021-11-01 01:03:52,696 [INFO] DbBoardsDocs:143 - JSON generation date=Fri Oct 29 10:56:29 EEST 2021 (1635494189)
2021-11-01 01:03:52,701 [INFO] DbBoardsDocs:79 - Found 209 boards documents
2021-11-01 01:03:52,702 [WARN] DbBoards:127 - board B-L475E-IOT01A2 has no document id list !
2021-11-01 01:03:52,703 [WARN] DbBoards:127 - board NUCLEO-H743ZI has no document id list !
2021-11-01 01:03:52,705 [WARN] DbBoards:127 - board NUCLEO-WL55JC2 has no document id list !
2021-11-01 01:03:52,705 [WARN] DbBoards:127 - board P-NUCLEO-WB55-Nucleo has no document id list !
2021-11-01 01:03:52,705 [WARN] DbBoards:127 - board P-NUCLEO-WB55-USBDongle has no document id list !
2021-11-01 01:03:52,706 [WARN] DbBoards:127 - board STEVAL-BFA001V1B has no document id list !
2021-11-01 01:03:52,706 [WARN] DbBoards:127 - board STEVAL-BFA001V2B has no document id list !
2021-11-01 01:03:52,706 [WARN] DbBoards:127 - board STEVAL-IDP005V1 has no document id list !
2021-11-01 01:03:52,706 [WARN] DbBoards:127 - board STEVAL-IDP005V2 has no document id list !
2021-11-01 01:03:52,706 [WARN] DbBoards:127 - board STEVAL-MKSBOX1V1 has no document id list !
2021-11-01 01:03:52,706 [WARN] DbBoards:127 - board STEVAL-STWINKT1 has no document id list !
2021-11-01 01:03:52,706 [WARN] DbBoards:127 - board STEVAL-STWINKT1B has no document id list !
2021-11-01 01:03:52,706 [WARN] DbBoards:127 - board STM32439I-EVAL2 has no document id list !
2021-11-01 01:03:52,707 [WARN] DbBoards:127 - board STM32F401C-DISCO has no document id list !
2021-11-01 01:03:52,707 [WARN] DbBoards:127 - board STM32F769I-DISC1 has no document id list !
2021-11-01 01:03:52,708 [WARN] DbBoards:127 - board STM32G474E-EVAL1 has no document id list !
2021-11-01 01:03:52,708 [WARN] DbBoards:127 - board STM32H743I-EVAL2 has no document id list !
2021-11-01 01:03:52,708 [WARN] DbBoards:127 - board STM32H747I-DISC1 has no document id list !
2021-11-01 01:03:52,709 [WARN] DbBoards:127 - board STM32H753I-EVAL2 has no document id list !
2021-11-01 01:03:52,709 [WARN] DbBoards:127 - board STM32L-DISCOVERY has no document id list !
2021-11-01 01:03:52,851 [ERROR] DbBoards:189 - Image file not found for board B-U585I-IOT02A: /opt/st/stm32cubeide_1.7.0/plugins/com.st.stm32cube.common.mx_6.3.0.202107141111//db//plugins/mcufinder/images/boards/B-U585I-IOT02A_small.jpg
2021-11-01 01:03:53,797 [ERROR] DbBoards:189 - Image file not found for board STM32U575I-EV: /opt/st/stm32cubeide_1.7.0/plugins/com.st.stm32cube.common.mx_6.3.0.202107141111//db//plugins/mcufinder/images/boards/stm32u575i-ev_small.jpg
2021-11-01 01:03:53,841 [INFO] ApiDb:251 - Load user favorites file /home/dedushka-mazay/.stm32cubeide/favorites.boards.txt: 0 item(s)
2021-11-01 01:03:53,841 [INFO] ApiDb:255 - User favorites Boards=[]
2021-11-01 01:03:53,841 [INFO] DbBoards:206 - Set 0 / 0 favorites Boards
2021-11-01 01:05:04,944 [ERROR] LogOutputStream:74 - [STDERR_REDIRECT] Exception in thread "AWT-EventQueue-0" org.eclipse.swt.SWTException: Device is disposed
2021-11-01 01:05:04,948 [ERROR] LogOutputStream:74 - [STDERR_REDIRECT] 	at org.eclipse.swt.SWT.error(SWT.java:4889)
2021-11-01 01:05:04,948 [ERROR] LogOutputStream:74 - [STDERR_REDIRECT] 	at org.eclipse.swt.SWT.error(SWT.java:4804)
2021-11-01 01:05:04,949 [ERROR] LogOutputStream:74 - [STDERR_REDIRECT] 	at org.eclipse.swt.SWT.error(SWT.java:4775)
2021-11-01 01:05:04,949 [ERROR] LogOutputStream:74 - [STDERR_REDIRECT] 	at org.eclipse.swt.widgets.Display.error(Display.java:1490)
2021-11-01 01:05:04,949 [ERROR] LogOutputStream:74 - [STDERR_REDIRECT] 	at org.eclipse.swt.widgets.Display.asyncExec(Display.java:919)
2021-11-01 01:05:04,950 [ERROR] LogOutputStream:74 - [STDERR_REDIRECT] 	at com.st.stm32cube.common.mx.oss.core.awtswtbridge.AwtEnvironment$2.run(AwtEnvironment.java:168)
2021-11-01 01:05:04,950 [ERROR] LogOutputStream:74 - [STDERR_REDIRECT] 	at java.desktop/java.awt.event.InvocationEvent.dispatch(InvocationEvent.java:313)
2021-11-01 01:05:04,951 [ERROR] LogOutputStream:74 - [STDERR_REDIRECT] 	at java.desktop/java.awt.EventQueue.dispatchEventImpl(EventQueue.java:770)
2021-11-01 01:05:04,951 [ERROR] LogOutputStream:74 - [STDERR_REDIRECT] 	at java.desktop/java.awt.EventQueue$4.run(EventQueue.java:721)
2021-11-01 01:05:04,951 [ERROR] LogOutputStream:74 - [STDERR_REDIRECT] 	at java.desktop/java.awt.EventQueue$4.run(EventQueue.java:715)
2021-11-01 01:05:04,951 [ERROR] LogOutputStream:74 - [STDERR_REDIRECT] 	at java.base/java.security.AccessController.doPrivileged(Native Method)
2021-11-01 01:05:04,952 [ERROR] LogOutputStream:74 - [STDERR_REDIRECT] 	at java.base/java.security.ProtectionDomain$JavaSecurityAccessImpl.doIntersectionPrivilege(ProtectionDomain.java:85)
2021-11-01 01:05:04,952 [ERROR] LogOutputStream:74 - [STDERR_REDIRECT] 	at java.desktop/java.awt.EventQueue.dispatchEvent(EventQueue.java:740)
2021-11-01 01:05:04,952 [ERROR] LogOutputStream:74 - [STDERR_REDIRECT] 	at java.desktop/java.awt.EventDispatchThread.pumpOneEventForFilters(EventDispatchThread.java:203)
2021-11-01 01:05:04,953 [ERROR] LogOutputStream:74 - [STDERR_REDIRECT] 	at java.desktop/java.awt.EventDispatchThread.pumpEventsForFilter(EventDispatchThread.java:124)
2021-11-01 01:05:04,953 [ERROR] LogOutputStream:74 - [STDERR_REDIRECT] 	at java.desktop/java.awt.EventDispatchThread.pumpEventsForHierarchy(EventDispatchThread.java:113)
2021-11-01 01:05:04,953 [ERROR] LogOutputStream:74 - [STDERR_REDIRECT] 	at java.desktop/java.awt.EventDispatchThread.pumpEvents(EventDispatchThread.java:109)
2021-11-01 01:05:04,954 [ERROR] LogOutputStream:74 - [STDERR_REDIRECT] 	at java.desktop/java.awt.EventDispatchThread.pumpEvents(EventDispatchThread.java:101)
2021-11-01 01:05:04,954 [ERROR] LogOutputStream:74 - [STDERR_REDIRECT] 	at java.desktop/java.awt.EventDispatchThread.run(EventDispatchThread.java:90)
2021-11-01 01:05:09,162 [INFO] Activator:177 - 


2021-11-01 01:05:09,163 [INFO] Activator:178 - !SESSION log4j initialized
2021-11-01 01:05:09,581 [ERROR] ApiDbMcu:1508 - Can't use Application install path:
2021-11-01 01:05:09,584 [WARN] RulesReader:59 - Compatibility file://mcu/compatibility.xml not found
2021-11-01 01:05:50,603 [INFO] RetryExec:97 - I/O exception (java.net.SocketException) caught when processing request to {s}->https://download.eclipse.org:443: Socket closed
2021-11-01 01:05:50,605 [INFO] RetryExec:113 - Retrying request to {s}->https://download.eclipse.org:443
2021-11-01 01:05:55,034 [INFO] Activator:177 - 


2021-11-01 01:05:55,036 [INFO] Activator:178 - !SESSION log4j initialized
2021-11-01 01:05:55,430 [ERROR] ApiDbMcu:1508 - Can't use Application install path:
2021-11-01 01:05:55,432 [WARN] RulesReader:59 - Compatibility file://mcu/compatibility.xml not found
2021-11-01 01:06:57,378 [INFO] Activator:177 - 


2021-11-01 01:06:57,380 [INFO] Activator:178 - !SESSION log4j initialized
2021-11-01 01:08:01,428 [INFO] McuFinderGlobals:39 - Set McuFinder mode to 2 (CubeIDE integrated)
2021-11-01 01:08:01,486 [INFO] ApplicationProperties:181 - Using Application install path: /opt/st/stm32cubeide_1.7.0/plugins/com.st.stm32cube.common.mx_6.3.0.202107141111
2021-11-01 01:08:01,493 [INFO] DbMcusXml:74 - Set database path to: /opt/st/stm32cubeide_1.7.0/plugins/com.st.stm32cube.common.mx_6.3.0.202107141111//db//mcu/
2021-11-01 01:08:01,496 [INFO] DbBoardsPdsc:56 - Set plugin database path to: /opt/st/stm32cubeide_1.7.0/plugins/com.st.stm32cube.common.mx_6.3.0.202107141111//db//plugins/boardmanager/
2021-11-01 01:08:01,496 [INFO] DbMcus:258 - Set plugin images path to: /opt/st/stm32cubeide_1.7.0/plugins/com.st.stm32cube.common.mx_6.3.0.202107141111//db//plugins/mcufinder/images/
2021-11-01 01:08:01,496 [INFO] DbBoards:264 - Set plugin images path to: /opt/st/stm32cubeide_1.7.0/plugins/com.st.stm32cube.common.mx_6.3.0.202107141111//db//plugins/mcufinder/images/
2021-11-01 01:08:01,498 [INFO] DbExamples:333 - Set plugin images path to: /opt/st/stm32cubeide_1.7.0/plugins/com.st.stm32cube.common.mx_6.3.0.202107141111//db//plugins/mcufinder/images/
2021-11-01 01:08:01,500 [INFO] DbMcusAds:119 - Set database path to: /home/dedushka-mazay/.stmcufinder/plugins/mcufinder//mcu/
2021-11-01 01:08:01,500 [INFO] DbMcusDocs:110 - Set database path to: /home/dedushka-mazay/.stmcufinder/plugins/mcufinder//mcu/
2021-11-01 01:08:01,501 [INFO] DbMcusJson:64 - Set database path to: /home/dedushka-mazay/.stmcufinder/plugins/mcufinder//mcu/
2021-11-01 01:08:01,502 [INFO] DbBoardsDocs:110 - Set database path to: /home/dedushka-mazay/.stmcufinder/plugins/mcufinder//mcu/
2021-11-01 01:08:01,503 [INFO] DbBoardsJson:57 - Set database path to: /home/dedushka-mazay/.stmcufinder/plugins/mcufinder//mcu/
2021-11-01 01:08:16,517 [INFO] CrossReferenceDbSqlite:196 - Set database path to: /home/dedushka-mazay/.stmcufinder/plugins/mcufinder//mcu/cs/
2021-11-01 01:08:16,527 [INFO] DbExamplesSqlite:767 - Set database path to: /home/dedushka-mazay/.stmcufinder/plugins/mcufinder//mcu/
2021-11-01 01:08:16,624 [INFO] RulesReader:57 - Compatibility file has been processed (242 Rules)
2021-11-01 01:08:16,673 [INFO] DbMcusXml:74 - Set database path to: /opt/st/stm32cubeide_1.7.0/plugins/com.st.stm32cube.common.mx_6.3.0.202107141111//db//mcu/
2021-11-01 01:08:16,674 [INFO] DbBoardsPdsc:56 - Set plugin database path to: /opt/st/stm32cubeide_1.7.0/plugins/com.st.stm32cube.common.mx_6.3.0.202107141111//db//plugins/boardmanager/
2021-11-01 01:08:16,674 [INFO] DbMcus:258 - Set plugin images path to: /opt/st/stm32cubeide_1.7.0/plugins/com.st.stm32cube.common.mx_6.3.0.202107141111//db//plugins/mcufinder/images/
2021-11-01 01:08:16,674 [INFO] DbBoards:264 - Set plugin images path to: /opt/st/stm32cubeide_1.7.0/plugins/com.st.stm32cube.common.mx_6.3.0.202107141111//db//plugins/mcufinder/images/
2021-11-01 01:08:16,675 [INFO] DbExamples:333 - Set plugin images path to: /opt/st/stm32cubeide_1.7.0/plugins/com.st.stm32cube.common.mx_6.3.0.202107141111//db//plugins/mcufinder/images/
2021-11-01 01:08:16,675 [WARN] DbFile:35 - Overriding database path with different value: /home/dedushka-mazay/.stmcufinder/plugins/mcufinder/ => /home/dedushka-mazay/.stmcufinder/plugins/mcufinder
2021-11-01 01:08:16,675 [INFO] DbMcusAds:119 - Set database path to: /home/dedushka-mazay/.stmcufinder/plugins/mcufinder//mcu/
2021-11-01 01:08:16,675 [WARN] DbFile:35 - Overriding database path with different value: /home/dedushka-mazay/.stmcufinder/plugins/mcufinder/ => /home/dedushka-mazay/.stmcufinder/plugins/mcufinder
2021-11-01 01:08:16,675 [INFO] DbMcusDocs:110 - Set database path to: /home/dedushka-mazay/.stmcufinder/plugins/mcufinder//mcu/
2021-11-01 01:08:16,675 [WARN] DbFile:35 - Overriding database path with different value: /home/dedushka-mazay/.stmcufinder/plugins/mcufinder/ => /home/dedushka-mazay/.stmcufinder/plugins/mcufinder
2021-11-01 01:08:16,676 [INFO] DbMcusJson:64 - Set database path to: /home/dedushka-mazay/.stmcufinder/plugins/mcufinder//mcu/
2021-11-01 01:08:16,676 [WARN] DbFile:35 - Overriding database path with different value: /home/dedushka-mazay/.stmcufinder/plugins/mcufinder/ => /home/dedushka-mazay/.stmcufinder/plugins/mcufinder
2021-11-01 01:08:16,676 [INFO] DbBoardsDocs:110 - Set database path to: /home/dedushka-mazay/.stmcufinder/plugins/mcufinder//mcu/
2021-11-01 01:08:16,676 [WARN] DbFile:35 - Overriding database path with different value: /home/dedushka-mazay/.stmcufinder/plugins/mcufinder/ => /home/dedushka-mazay/.stmcufinder/plugins/mcufinder
2021-11-01 01:08:16,676 [INFO] DbBoardsJson:57 - Set database path to: /home/dedushka-mazay/.stmcufinder/plugins/mcufinder//mcu/
2021-11-01 01:08:16,676 [WARN] DbFile:35 - Overriding database path with different value: /home/dedushka-mazay/.stmcufinder/plugins/mcufinder/ => /home/dedushka-mazay/.stmcufinder/plugins/mcufinder
2021-11-01 01:08:16,677 [WARN] DbFile:35 - Overriding database path with different value: /home/dedushka-mazay/.stmcufinder/plugins/mcufinder/ => /home/dedushka-mazay/.stmcufinder/plugins/mcufinder
2021-11-01 01:08:16,677 [INFO] CrossReferenceDbSqlite:196 - Set database path to: /home/dedushka-mazay/.stmcufinder/plugins/mcufinder//mcu/cs/
2021-11-01 01:08:16,677 [WARN] DbFile:35 - Overriding database path with different value: /home/dedushka-mazay/.stmcufinder/plugins/mcufinder/ => /home/dedushka-mazay/.stmcufinder/plugins/mcufinder
2021-11-01 01:08:16,677 [INFO] DbExamplesSqlite:767 - Set database path to: /home/dedushka-mazay/.stmcufinder/plugins/mcufinder//mcu/
2021-11-01 01:08:16,734 [INFO] MainPanel:214 - HeapMemory: 268435456
2021-11-01 01:08:16,805 [INFO] DbMcusXml:74 - Set database path to: /opt/st/stm32cubeide_1.7.0/plugins/com.st.stm32cube.common.mx_6.3.0.202107141111//db//mcu/
2021-11-01 01:08:16,805 [INFO] DbBoardsPdsc:56 - Set plugin database path to: /opt/st/stm32cubeide_1.7.0/plugins/com.st.stm32cube.common.mx_6.3.0.202107141111//db//plugins/boardmanager/
2021-11-01 01:08:16,806 [INFO] DbMcus:258 - Set plugin images path to: /opt/st/stm32cubeide_1.7.0/plugins/com.st.stm32cube.common.mx_6.3.0.202107141111//db//plugins/mcufinder/images/
2021-11-01 01:08:16,806 [INFO] DbBoards:264 - Set plugin images path to: /opt/st/stm32cubeide_1.7.0/plugins/com.st.stm32cube.common.mx_6.3.0.202107141111//db//plugins/mcufinder/images/
2021-11-01 01:08:16,806 [INFO] DbExamples:333 - Set plugin images path to: /opt/st/stm32cubeide_1.7.0/plugins/com.st.stm32cube.common.mx_6.3.0.202107141111//db//plugins/mcufinder/images/
2021-11-01 01:08:16,806 [WARN] DbFile:35 - Overriding database path with different value: /home/dedushka-mazay/.stmcufinder/plugins/mcufinder/ => /home/dedushka-mazay/.stmcufinder/plugins/mcufinder
2021-11-01 01:08:16,807 [INFO] DbMcusAds:119 - Set database path to: /home/dedushka-mazay/.stmcufinder/plugins/mcufinder//mcu/
2021-11-01 01:08:16,807 [WARN] DbFile:35 - Overriding database path with different value: /home/dedushka-mazay/.stmcufinder/plugins/mcufinder/ => /home/dedushka-mazay/.stmcufinder/plugins/mcufinder
2021-11-01 01:08:16,807 [INFO] DbMcusDocs:110 - Set database path to: /home/dedushka-mazay/.stmcufinder/plugins/mcufinder//mcu/
2021-11-01 01:08:16,807 [WARN] DbFile:35 - Overriding database path with different value: /home/dedushka-mazay/.stmcufinder/plugins/mcufinder/ => /home/dedushka-mazay/.stmcufinder/plugins/mcufinder
2021-11-01 01:08:16,807 [INFO] DbMcusJson:64 - Set database path to: /home/dedushka-mazay/.stmcufinder/plugins/mcufinder//mcu/
2021-11-01 01:08:16,807 [WARN] DbFile:35 - Overriding database path with different value: /home/dedushka-mazay/.stmcufinder/plugins/mcufinder/ => /home/dedushka-mazay/.stmcufinder/plugins/mcufinder
2021-11-01 01:08:16,807 [INFO] DbBoardsDocs:110 - Set database path to: /home/dedushka-mazay/.stmcufinder/plugins/mcufinder//mcu/
2021-11-01 01:08:16,807 [WARN] DbFile:35 - Overriding database path with different value: /home/dedushka-mazay/.stmcufinder/plugins/mcufinder/ => /home/dedushka-mazay/.stmcufinder/plugins/mcufinder
2021-11-01 01:08:16,807 [INFO] DbBoardsJson:57 - Set database path to: /home/dedushka-mazay/.stmcufinder/plugins/mcufinder//mcu/
2021-11-01 01:08:16,808 [WARN] DbFile:35 - Overriding database path with different value: /home/dedushka-mazay/.stmcufinder/plugins/mcufinder/ => /home/dedushka-mazay/.stmcufinder/plugins/mcufinder
2021-11-01 01:08:16,808 [WARN] DbFile:35 - Overriding database path with different value: /home/dedushka-mazay/.stmcufinder/plugins/mcufinder/ => /home/dedushka-mazay/.stmcufinder/plugins/mcufinder
2021-11-01 01:08:16,808 [INFO] CrossReferenceDbSqlite:196 - Set database path to: /home/dedushka-mazay/.stmcufinder/plugins/mcufinder//mcu/cs/
2021-11-01 01:08:16,808 [WARN] DbFile:35 - Overriding database path with different value: /home/dedushka-mazay/.stmcufinder/plugins/mcufinder/ => /home/dedushka-mazay/.stmcufinder/plugins/mcufinder
2021-11-01 01:08:16,808 [INFO] DbExamplesSqlite:767 - Set database path to: /home/dedushka-mazay/.stmcufinder/plugins/mcufinder//mcu/
2021-11-01 01:08:16,821 [INFO] ApplicationProperties:181 - Using Application install path: /opt/st/stm32cubeide_1.7.0/plugins/com.st.stm32cube.common.mx_6.3.0.202107141111
2021-11-01 01:08:16,822 [INFO] PluginManage:188 - Search for loadable plugins [exclusion list=, ]
2021-11-01 01:08:16,823 [INFO] PluginManage:302 - Check plugin analytics
2021-11-01 01:08:16,943 [INFO] AnalyticsPlugin:257 - Accepted Software Licenses: 
2021-11-01 01:08:16,943 [INFO] AnalyticsPlugin:259 - Accepted CMSIS Pack Licenses: 
2021-11-01 01:08:16,943 [INFO] AnalyticsPlugin:261 - Accepted Firmware Licenses: 
2021-11-01 01:08:16,944 [INFO] PluginManage:352 - Loaded plugin analytics (category:tool,tabindex:-1)
2021-11-01 01:08:16,944 [INFO] PluginManage:302 - Check plugin clock
2021-11-01 01:08:16,954 [INFO] PluginManage:352 - Loaded plugin clock (category:base,tabindex:2)
2021-11-01 01:08:16,954 [INFO] PluginManage:302 - Check plugin ddr
2021-11-01 01:08:16,956 [INFO] PluginManage:352 - Loaded plugin ddr (category:tool,tabindex:6)
2021-11-01 01:08:16,956 [INFO] PluginManage:302 - Check plugin filemanager
2021-11-01 01:08:17,093 [INFO] PluginManage:352 - Loaded plugin filemanager (category:base,tabindex:10)
2021-11-01 01:08:17,093 [INFO] PluginManage:302 - Check plugin ipmanager
2021-11-01 01:08:17,098 [INFO] PluginManage:352 - Loaded plugin ipmanager (category:base,tabindex:5)
2021-11-01 01:08:17,099 [INFO] PluginManage:302 - Check plugin pinoutandconfiguration
2021-11-01 01:08:17,104 [INFO] PluginManage:352 - Loaded plugin pinoutandconfiguration (category:base,tabindex:1)
2021-11-01 01:08:17,105 [INFO] PluginManage:302 - Check plugin pinoutconfig
2021-11-01 01:08:17,124 [INFO] PluginManage:352 - Loaded plugin pinoutconfig (category:base,tabindex:0)
2021-11-01 01:08:17,124 [INFO] PluginManage:302 - Check plugin power
2021-11-01 01:08:17,131 [INFO] PluginManage:352 - Loaded plugin power (category:power,tabindex:4)
2021-11-01 01:08:17,131 [INFO] PluginManage:302 - Check plugin projectmanager
2021-11-01 01:08:17,144 [INFO] PluginManage:352 - Loaded plugin projectmanager (category:projectmanager,tabindex:3)
2021-11-01 01:08:17,144 [INFO] PluginManage:302 - Check plugin thirdparty
2021-11-01 01:08:17,226 [WARN] IntegrityCheckThread:78 - waiting for thirdparty lock release [integrity check]
2021-11-01 01:08:17,227 [INFO] IntegrityCheckThread:80 - entering critical section [integrity check]
2021-11-01 01:08:17,227 [INFO] PluginManage:352 - Loaded plugin thirdparty (category:base,tabindex:-1)
2021-11-01 01:08:17,227 [INFO] ThirdPartyUpdaterWithRetryManager:66 - Updater plugin not ready yet. [1/15]
2021-11-01 01:08:17,228 [INFO] PluginManage:302 - Check plugin tools
2021-11-01 01:08:17,229 [INFO] PluginManage:352 - Loaded plugin tools (category:base,tabindex:7)
2021-11-01 01:08:17,229 [INFO] PluginManage:302 - Check plugin tutovideos
2021-11-01 01:08:17,362 [INFO] PluginManage:352 - Loaded plugin tutovideos (category:base,tabindex:-1)
2021-11-01 01:08:17,362 [INFO] PluginManage:302 - Check plugin updater
2021-11-01 01:08:17,372 [INFO] PluginManage:352 - Loaded plugin updater (category:base,tabindex:12)
2021-11-01 01:08:17,372 [INFO] PluginManage:275 - PluginManage : Loaded plugins [13]
2021-11-01 01:08:17,523 [INFO] PinOutPanel:1463 - setPackage(No Configuration,No Configuration)
2021-11-01 01:08:17,570 [INFO] IPUIPlugin:74 - create IPUIPlugin
2021-11-01 01:08:17,571 [INFO] PluginManager:213 - loadIPPluginJar : add i2s
2021-11-01 01:08:17,576 [INFO] IPUIPlugin:74 - create IPUIPlugin
2021-11-01 01:08:17,576 [INFO] PluginManager:213 - loadIPPluginJar : add linkedlist
2021-11-01 01:08:17,579 [INFO] IPUIPlugin:74 - create IPUIPlugin
2021-11-01 01:08:17,579 [INFO] PluginManager:213 - loadIPPluginJar : add ipddr
2021-11-01 01:08:17,585 [INFO] IPUIPlugin:74 - create IPUIPlugin
2021-11-01 01:08:17,586 [INFO] PluginManager:213 - loadIPPluginJar : add adc
2021-11-01 01:08:17,587 [INFO] IPUIPlugin:74 - create IPUIPlugin
2021-11-01 01:08:17,588 [INFO] PluginManager:213 - loadIPPluginJar : add pdm2pcm
2021-11-01 01:08:17,589 [INFO] IPUIPlugin:74 - create IPUIPlugin
2021-11-01 01:08:17,589 [INFO] PluginManager:213 - loadIPPluginJar : add dma3
2021-11-01 01:08:17,593 [INFO] IPUIPlugin:74 - create IPUIPlugin
2021-11-01 01:08:17,593 [INFO] PluginManager:213 - loadIPPluginJar : add gic
2021-11-01 01:08:17,595 [INFO] IPUIPlugin:74 - create IPUIPlugin
2021-11-01 01:08:17,595 [INFO] PluginManager:213 - loadIPPluginJar : add openamp
2021-11-01 01:08:17,597 [INFO] IPUIPlugin:74 - create IPUIPlugin
2021-11-01 01:08:17,597 [INFO] PluginManager:213 - loadIPPluginJar : add i2c
2021-11-01 01:08:17,599 [INFO] IPUIPlugin:74 - create IPUIPlugin
2021-11-01 01:08:17,599 [INFO] PluginManager:213 - loadIPPluginJar : add gfxmmu
2021-11-01 01:08:17,601 [INFO] IPUIPlugin:74 - create IPUIPlugin
2021-11-01 01:08:17,601 [INFO] PluginManager:213 - loadIPPluginJar : add ucpd
2021-11-01 01:08:17,603 [INFO] IPUIPlugin:74 - create IPUIPlugin
2021-11-01 01:08:17,603 [INFO] PluginManager:213 - loadIPPluginJar : add hash
2021-11-01 01:08:17,604 [INFO] IPUIPlugin:74 - create IPUIPlugin
2021-11-01 01:08:17,604 [INFO] PluginManager:213 - loadIPPluginJar : add quadspi
2021-11-01 01:08:17,608 [INFO] IPUIPlugin:74 - create IPUIPlugin
2021-11-01 01:08:17,609 [INFO] PluginManager:213 - loadIPPluginJar : add freertos
2021-11-01 01:08:17,610 [INFO] IPUIPlugin:74 - create IPUIPlugin
2021-11-01 01:08:17,610 [INFO] PluginManager:213 - loadIPPluginJar : add tim
2021-11-01 01:08:17,612 [INFO] IPUIPlugin:74 - create IPUIPlugin
2021-11-01 01:08:17,612 [INFO] PluginManager:213 - loadIPPluginJar : add lorawan
2021-11-01 01:08:17,614 [INFO] IPUIPlugin:74 - create IPUIPlugin
2021-11-01 01:08:17,614 [INFO] PluginManager:213 - loadIPPluginJar : add spi
2021-11-01 01:08:17,618 [INFO] IPUIPlugin:74 - create IPUIPlugin
2021-11-01 01:08:17,618 [INFO] PluginManager:213 - loadIPPluginJar : add stm32_wpan
2021-11-01 01:08:17,620 [INFO] IPUIPlugin:74 - create IPUIPlugin
2021-11-01 01:08:17,620 [INFO] PluginManager:213 - loadIPPluginJar : add usart
2021-11-01 01:08:17,622 [INFO] IPUIPlugin:74 - create IPUIPlugin
2021-11-01 01:08:17,622 [INFO] PluginManager:213 - loadIPPluginJar : add cryp
2021-11-01 01:08:17,626 [INFO] IPUIPlugin:74 - create IPUIPlugin
2021-11-01 01:08:17,627 [INFO] PluginManager:213 - loadIPPluginJar : add dma
2021-11-01 01:08:17,628 [INFO] IPUIPlugin:74 - create IPUIPlugin
2021-11-01 01:08:17,629 [INFO] PluginManager:213 - loadIPPluginJar : add gtzc
2021-11-01 01:08:17,633 [INFO] IPUIPlugin:74 - create IPUIPlugin
2021-11-01 01:08:17,636 [INFO] PluginManager:213 - loadIPPluginJar : add plateformsettings
2021-11-01 01:08:17,638 [INFO] IPUIPlugin:74 - create IPUIPlugin
2021-11-01 01:08:17,639 [INFO] PluginManager:213 - loadIPPluginJar : add fmc
2021-11-01 01:08:17,640 [INFO] IPUIPlugin:74 - create IPUIPlugin
2021-11-01 01:08:17,640 [INFO] PluginManager:213 - loadIPPluginJar : add fatfs
2021-11-01 01:08:17,641 [INFO] IPUIPlugin:74 - create IPUIPlugin
2021-11-01 01:08:17,641 [INFO] PluginManager:213 - loadIPPluginJar : add tracer_emb
2021-11-01 01:08:17,642 [INFO] IPUIPlugin:74 - create IPUIPlugin
2021-11-01 01:08:17,642 [INFO] PluginManager:213 - loadIPPluginJar : add tsc
2021-11-01 01:08:17,644 [INFO] IPUIPlugin:74 - create IPUIPlugin
2021-11-01 01:08:17,644 [INFO] PluginManager:213 - loadIPPluginJar : add can
2021-11-01 01:08:17,645 [INFO] IPUIPlugin:74 - create IPUIPlugin
2021-11-01 01:08:17,645 [INFO] PluginManager:213 - loadIPPluginJar : add ts
2021-11-01 01:08:17,647 [INFO] IPUIPlugin:74 - create IPUIPlugin
2021-11-01 01:08:17,647 [INFO] PluginManager:213 - loadIPPluginJar : add dfsdm
2021-11-01 01:08:17,649 [INFO] IPUIPlugin:74 - create IPUIPlugin
2021-11-01 01:08:17,649 [INFO] PluginManager:213 - loadIPPluginJar : add sai
2021-11-01 01:08:17,652 [INFO] IPUIPlugin:74 - create IPUIPlugin
2021-11-01 01:08:17,652 [INFO] PluginManager:213 - loadIPPluginJar : add nvic
2021-11-01 01:08:17,655 [INFO] IPUIPlugin:74 - create IPUIPlugin
2021-11-01 01:08:17,655 [INFO] PluginManager:213 - loadIPPluginJar : add mdma
2021-11-01 01:08:17,658 [INFO] IPUIPlugin:74 - create IPUIPlugin
2021-11-01 01:08:17,659 [INFO] PluginManager:213 - loadIPPluginJar : add gpio
2021-11-01 01:08:17,660 [INFO] IPUIPlugin:74 - create IPUIPlugin
2021-11-01 01:08:17,660 [INFO] PluginManager:213 - loadIPPluginJar : add comp
2021-11-01 01:08:17,661 [INFO] IPUIPlugin:74 - create IPUIPlugin
2021-11-01 01:08:17,661 [INFO] PluginManager:213 - loadIPPluginJar : add ltdc
2021-11-01 01:08:17,663 [INFO] IPUIPlugin:74 - create IPUIPlugin
2021-11-01 01:08:17,663 [INFO] PluginManager:213 - loadIPPluginJar : add usbx
2021-11-01 01:08:17,664 [INFO] IPUIPlugin:74 - create IPUIPlugin
2021-11-01 01:08:17,664 [INFO] PluginManager:213 - loadIPPluginJar : add genericplugin
2021-11-01 01:08:17,666 [INFO] IPUIPlugin:74 - create IPUIPlugin
2021-11-01 01:08:17,667 [INFO] PluginManager:213 - loadIPPluginJar : add opamp
2021-11-01 01:08:17,668 [INFO] IPUIPlugin:74 - create IPUIPlugin
2021-11-01 01:08:17,669 [INFO] PluginManager:213 - loadIPPluginJar : add aes
2021-11-01 01:08:17,671 [INFO] IPUIPlugin:74 - create IPUIPlugin
2021-11-01 01:08:17,671 [INFO] PluginManager:213 - loadIPPluginJar : add resmgrutility
2021-11-01 01:08:17,673 [INFO] IPUIPlugin:74 - create IPUIPlugin
2021-11-01 01:08:17,673 [INFO] PluginManager:213 - loadIPPluginJar : add touchsensing
2021-11-01 01:08:18,061 [FATAL] Updater:294 - Updater called before beeing initialized
2021-11-01 01:08:18,125 [FATAL] Updater:294 - Updater called before beeing initialized
2021-11-01 01:08:18,129 [INFO] DbMcusAds:47 - JSON generation date=Thu Sep 30 09:56:37 EEST 2021 (1632984997303)
2021-11-01 01:08:18,129 [FATAL] Updater:294 - Updater called before beeing initialized
2021-11-01 01:08:18,154 [WARN] DetailPanel:314 - Failed to get advertising image, set to default
2021-11-01 01:08:18,213 [FATAL] Updater:294 - Updater called before beeing initialized
2021-11-01 01:08:18,214 [FATAL] Updater:294 - Updater called before beeing initialized
2021-11-01 01:08:18,214 [FATAL] Updater:294 - Updater called before beeing initialized
2021-11-01 01:08:18,214 [WARN] DetailPanel:314 - Failed to get advertising image, set to default
2021-11-01 01:08:18,215 [FATAL] Updater:294 - Updater called before beeing initialized
2021-11-01 01:08:18,241 [ERROR] Updater:1075 - MainUpdater not yet initialized. External WinMGr cannot be set.
2021-11-01 01:08:18,243 [INFO] Updater:1012 - Updater Version found : 6.3.0
2021-11-01 01:08:18,254 [INFO] ApplicationProperties:181 - Using Application install path: /opt/st/stm32cubeide_1.7.0/plugins/com.st.stm32cube.common.mx_6.3.0.202107141111
2021-11-01 01:08:19,463 [INFO] MainUpdater:2671 - connection check result : 10
2021-11-01 01:08:19,465 [INFO] MainUpdater:265 - Updater Check For Update Now.
2021-11-01 01:08:19,465 [INFO] MicroXplorer:478 - Change Database Version : DB.6.0.30
2021-11-01 01:08:19,628 [INFO] CheckServerUpdateThread:112 - End of CheckServer Thread
2021-11-01 01:08:19,677 [INFO] MainUpdater:2671 - connection check result : 10
2021-11-01 01:08:19,731 [INFO] MainUpdater:2671 - connection check result : 10
2021-11-01 01:08:19,867 [INFO] McuFinderGlobals:52 - Set McuFinderConnectedMode to false
2021-11-01 01:08:19,918 [INFO] CrossSelectorPresenter:1330 - Cross Selector saved comparison directory: /home/dedushka-mazay/.stmcufinder/plugins/mcufinder/mcu/cs_comparisons_mx
2021-11-01 01:08:19,923 [INFO] MultiScanPanel:197 - Auto-refresh data requested => check proxy status ongoing
2021-11-01 01:08:19,923 [INFO] MultiScanPanel:201 - Proxy status is invalid
2021-11-01 01:08:19,925 [INFO] FinderPluginLoader:87 - Searching for filters in installed packs
2021-11-01 01:08:19,926 [INFO] DbMcusXml:100 - Load MCU database from /opt/st/stm32cubeide_1.7.0/plugins/com.st.stm32cube.common.mx_6.3.0.202107141111//db//mcu/families.xml
2021-11-01 01:08:20,343 [WARN] PackLoader:238 - Cannot read IP mode file for STMicroelectronics.X-CUBE-BLE1.6.2.1
2021-11-01 01:08:20,349 [WARN] PackLoader:238 - Cannot read IP mode file for STMicroelectronics.X-CUBE-BLE2.3.2.2
2021-11-01 01:08:20,357 [WARN] PackLoader:238 - Cannot read IP mode file for STMicroelectronics.X-CUBE-NFC4.2.0.3
2021-11-01 01:08:20,361 [WARN] PackLoader:238 - Cannot read IP mode file for wolfSSL.I-CUBE-wolfSSL.4.8.0
2021-11-01 01:08:20,370 [WARN] PackLoader:238 - Cannot read IP mode file for STMicroelectronics.X-CUBE-SFXS2LP1.3.1.0
2021-11-01 01:08:20,445 [WARN] PackLoader:238 - Cannot read IP mode file for STMicroelectronics.X-CUBE-AZRTOS-F4.1.0.0
2021-11-01 01:08:20,469 [WARN] PackLoader:238 - Cannot read IP mode file for STMicroelectronics.X-CUBE-TOF1.2.0.0
2021-11-01 01:08:20,490 [WARN] PackLoader:238 - Cannot read IP mode file for STMicroelectronics.X-CUBE-SUBG2.4.2.0
2021-11-01 01:08:20,516 [WARN] PackLoader:238 - Cannot read IP mode file for STMicroelectronics.X-CUBE-ALGOBUILD.1.2.1
2021-11-01 01:08:20,522 [WARN] PackLoader:238 - Cannot read IP mode file for STMicroelectronics.X-CUBE-DISPLAY.1.0.0
2021-11-01 01:08:20,525 [WARN] PackLoader:238 - Cannot read IP mode file for STMicroelectronics.X-CUBE-TOUCHGFX.4.18.0
2021-11-01 01:08:20,547 [WARN] PackLoader:238 - Cannot read IP mode file for RoweBots.I-CUBE-UNISONRTOS.5.5.0-4
2021-11-01 01:08:20,649 [WARN] PackLoader:238 - Cannot read IP mode file for STMicroelectronics.X-CUBE-MEMS1.9.0.0
2021-11-01 01:08:20,806 [WARN] PackLoader:238 - Cannot read IP mode file for SEGGER.I-CUBE-embOS.1.2.0
2021-11-01 01:08:20,872 [WARN] PackLoader:238 - Cannot read IP mode file for STMicroelectronics.X-CUBE-TOUCHGFX.4.17.0
2021-11-01 01:08:20,910 [WARN] PackLoader:238 - Cannot read IP mode file for STMicroelectronics.X-CUBE-AZRTOS-H7.2.0.0
2021-11-01 01:08:20,965 [WARN] PackLoader:238 - Cannot read IP mode file for STMicroelectronics.X-CUBE-AZRTOS-L4.1.0.0
2021-11-01 01:08:20,997 [WARN] PackLoader:238 - Cannot read IP mode file for STMicroelectronics.X-CUBE-ALS.1.0.1
2021-11-01 01:08:21,002 [WARN] PackLoader:238 - Cannot read IP mode file for STMicroelectronics.X-CUBE-AI.7.0.0
2021-11-01 01:08:21,005 [WARN] PackLoader:238 - Cannot read IP mode file for STMicroelectronics.X-CUBE-EEPRMA1.3.1.0
2021-11-01 01:08:21,010 [WARN] PackLoader:238 - Cannot read IP mode file for STMicroelectronics.X-CUBE-GNSS1.5.2.0
2021-11-01 01:08:21,015 [WARN] PackLoader:238 - Cannot read IP mode file for STMicroelectronics.X-CUBE-DISPLAY.2.0.0
2021-11-01 01:08:21,016 [INFO] ThirdParty:915 - Integrity check success = true
2021-11-01 01:08:21,016 [INFO] IntegrityCheckThread:94 - exiting critical section [integrity check]
2021-11-01 01:08:21,016 [INFO] IntegrityCheckThread:97 - End integrity checks thread
2021-11-01 01:08:21,048 [INFO] DbMcusJson:93 - JSON generation date=Fri Oct 29 10:56:29 EEST 2021 (1635494189)
2021-11-01 01:08:21,888 [INFO] DbMcus:175 - Found 1951 MCUs (1903 are supported by CubeMX, 1905 are visible in CubeMX)
2021-11-01 01:08:21,889 [INFO] ApiDb:251 - Load user favorites file /home/dedushka-mazay/.stm32cubeide/favorites.mcus.txt: 1 item(s)
2021-11-01 01:08:21,889 [INFO] ApiDb:255 - User favorites MCUs=[STM32F407VGTx]
2021-11-01 01:08:21,889 [INFO] DbMcus:187 - Set 1 / 1 favorites MCUs
2021-11-01 01:08:22,345 [INFO] DetailPanel:309 - Set advertising image to /home/dedushka-mazay/STM32Cube/Repository//en.Prom_NBSTM32U50921.jpg
2021-11-01 01:08:22,704 [INFO] DbBoardsPdsc:90 - Found 9 items
2021-11-01 01:08:22,705 [INFO] DbBoardsPdsc:90 - Found 5 items
2021-11-01 01:08:22,706 [INFO] DbBoardsPdsc:90 - Found 2 items
2021-11-01 01:08:22,707 [INFO] DbBoardsPdsc:90 - Found 1 items
2021-11-01 01:08:22,709 [INFO] DbBoardsPdsc:90 - Found 25 items
2021-11-01 01:08:22,713 [INFO] DbBoardsPdsc:90 - Found 48 items
2021-11-01 01:08:22,715 [INFO] DbBoardsPdsc:90 - Found 33 items
2021-11-01 01:08:22,720 [INFO] DbBoardsPdsc:90 - Found 43 items
2021-11-01 01:08:22,723 [WARN] DbBoardsPdsc:254 - Board STM32H7B3I-DK: unknown feature type=Audio, name=, username=Audio stereo codec with Headphone Amp (CS42L51-CNZ), n=1
2021-11-01 01:08:22,723 [WARN] DbBoardsPdsc:254 - Board STM32H735G-DK: unknown feature type=Audio, name=, username=Audio stereo codec with Headphone Amp (WM8994ECS/R), n=1
2021-11-01 01:08:22,725 [WARN] DbBoardsPdsc:254 - Board STM32H7B3I-EVAL: unknown feature type=Audio, name=, username=Multi-Channel Audio Codec (CS42L51-CNZ), n=1
2021-11-01 01:08:22,726 [WARN] DbBoardsPdsc:254 - Board STM32H7B3I-EVAL: unknown feature type=Meter, name=, username=Power-metering and Temperature-monitoring with sigma-delta modulators, n=1
2021-11-01 01:08:22,726 [WARN] DbBoardsPdsc:254 - Board STM32H7B3I-EVAL: unknown feature type=Motor, name=, username=Motor Control, n=1
2021-11-01 01:08:22,726 [WARN] DbBoardsPdsc:254 - Board STM32U575I-EV: unknown feature type=joystick, name=, username=4-direction joystick with selection button, n=1
2021-11-01 01:08:22,738 [INFO] DbBoardsJson:86 - JSON generation date=Fri Oct 29 10:56:29 EEST 2021 (1635494189)
2021-11-01 01:08:22,742 [INFO] DbBoards:117 - Found 167 boards (163 are supported by CubeMX)
2021-11-01 01:08:22,744 [INFO] DbBoardsDocs:143 - JSON generation date=Fri Oct 29 10:56:29 EEST 2021 (1635494189)
2021-11-01 01:08:22,747 [INFO] DbBoardsDocs:79 - Found 209 boards documents
2021-11-01 01:08:22,748 [WARN] DbBoards:127 - board B-L475E-IOT01A2 has no document id list !
2021-11-01 01:08:22,749 [WARN] DbBoards:127 - board NUCLEO-H743ZI has no document id list !
2021-11-01 01:08:22,750 [WARN] DbBoards:127 - board NUCLEO-WL55JC2 has no document id list !
2021-11-01 01:08:22,750 [WARN] DbBoards:127 - board P-NUCLEO-WB55-Nucleo has no document id list !
2021-11-01 01:08:22,750 [WARN] DbBoards:127 - board P-NUCLEO-WB55-USBDongle has no document id list !
2021-11-01 01:08:22,750 [WARN] DbBoards:127 - board STEVAL-BFA001V1B has no document id list !
2021-11-01 01:08:22,750 [WARN] DbBoards:127 - board STEVAL-BFA001V2B has no document id list !
2021-11-01 01:08:22,750 [WARN] DbBoards:127 - board STEVAL-IDP005V1 has no document id list !
2021-11-01 01:08:22,750 [WARN] DbBoards:127 - board STEVAL-IDP005V2 has no document id list !
2021-11-01 01:08:22,750 [WARN] DbBoards:127 - board STEVAL-MKSBOX1V1 has no document id list !
2021-11-01 01:08:22,750 [WARN] DbBoards:127 - board STEVAL-STWINKT1 has no document id list !
2021-11-01 01:08:22,750 [WARN] DbBoards:127 - board STEVAL-STWINKT1B has no document id list !
2021-11-01 01:08:22,750 [WARN] DbBoards:127 - board STM32439I-EVAL2 has no document id list !
2021-11-01 01:08:22,751 [WARN] DbBoards:127 - board STM32F401C-DISCO has no document id list !
2021-11-01 01:08:22,751 [WARN] DbBoards:127 - board STM32F769I-DISC1 has no document id list !
2021-11-01 01:08:22,751 [WARN] DbBoards:127 - board STM32G474E-EVAL1 has no document id list !
2021-11-01 01:08:22,751 [WARN] DbBoards:127 - board STM32H743I-EVAL2 has no document id list !
2021-11-01 01:08:22,752 [WARN] DbBoards:127 - board STM32H747I-DISC1 has no document id list !
2021-11-01 01:08:22,752 [WARN] DbBoards:127 - board STM32H753I-EVAL2 has no document id list !
2021-11-01 01:08:22,752 [WARN] DbBoards:127 - board STM32L-DISCOVERY has no document id list !
2021-11-01 01:08:22,890 [ERROR] DbBoards:189 - Image file not found for board B-U585I-IOT02A: /opt/st/stm32cubeide_1.7.0/plugins/com.st.stm32cube.common.mx_6.3.0.202107141111//db//plugins/mcufinder/images/boards/B-U585I-IOT02A_small.jpg
2021-11-01 01:08:23,816 [ERROR] DbBoards:189 - Image file not found for board STM32U575I-EV: /opt/st/stm32cubeide_1.7.0/plugins/com.st.stm32cube.common.mx_6.3.0.202107141111//db//plugins/mcufinder/images/boards/stm32u575i-ev_small.jpg
2021-11-01 01:08:23,859 [INFO] ApiDb:251 - Load user favorites file /home/dedushka-mazay/.stm32cubeide/favorites.boards.txt: 0 item(s)
2021-11-01 01:08:23,859 [INFO] ApiDb:255 - User favorites Boards=[]
2021-11-01 01:08:23,859 [INFO] DbBoards:206 - Set 0 / 0 favorites Boards
2021-11-01 01:08:29,265 [INFO] McuFinderGlobals:52 - Set McuFinderConnectedMode to false
2021-11-01 01:08:29,278 [INFO] CrossSelectorPresenter:1330 - Cross Selector saved comparison directory: /home/dedushka-mazay/.stmcufinder/plugins/mcufinder/mcu/cs_comparisons_mx
2021-11-01 01:08:29,279 [INFO] MultiScanPanel:197 - Auto-refresh data requested => check proxy status ongoing
2021-11-01 01:08:29,279 [INFO] MultiScanPanel:201 - Proxy status is invalid
2021-11-01 01:08:29,279 [INFO] FinderPluginLoader:87 - Searching for filters in installed packs
2021-11-01 01:08:29,519 [INFO] DetailPanel:309 - Set advertising image to /home/dedushka-mazay/STM32Cube/Repository//en.Prom_NBSTM32U50921.jpg
2021-11-01 01:08:41,496 [INFO] MainUpdater:2671 - connection check result : 10
2021-11-01 01:08:41,497 [INFO] MainUpdater:2671 - connection check result : 10
2021-11-01 01:08:41,549 [INFO] MicroXplorer:448 - Change Database Path : 
2021-11-01 01:08:41,549 [INFO] MicroXplorer:478 - Change Database Version : DB.6.0.30
2021-11-01 01:08:41,550 [WARN] ThirdParty:813 - waiting for thirdparty lock release [close project]
2021-11-01 01:08:41,550 [INFO] ThirdParty:815 - entering critical section [close project]
2021-11-01 01:08:41,551 [INFO] ThirdParty:825 - exiting critical section [close project]
2021-11-01 01:08:41,553 [INFO] PinOutPanel:1463 - setPackage(No Configuration,No Configuration)
2021-11-01 01:08:41,554 [INFO] UtilMem:74 - Begin LoadConfig() Used Memory: 301225488 Bytes (517996544)
2021-11-01 01:08:41,555 [INFO] MicroXplorer:448 - Change Database Path : 
2021-11-01 01:08:41,556 [INFO] MicroXplorer:478 - Change Database Version : DB.6.0.30
2021-11-01 01:08:41,556 [INFO] OpenFileManager:313 - Change cursor
2021-11-01 01:08:42,823 [INFO] Context:592 - Trying to add GPIOservice into a context  which must be forbidden
2021-11-01 01:08:43,314 [WARN] ApiManager:304 - Cannot register API 'Board Extension:S2868A1' from pack STMicroelectronics.X-CUBE-SFXS2LP1.3.1.0: no header file found
2021-11-01 01:08:43,315 [WARN] ApiManager:304 - Cannot register API 'Board Extension:S2868A2' from pack STMicroelectronics.X-CUBE-SFXS2LP1.3.1.0: no header file found
2021-11-01 01:08:43,315 [WARN] ApiManager:304 - Cannot register API 'Board Extension:S2915A1' from pack STMicroelectronics.X-CUBE-SFXS2LP1.3.1.0: no header file found
2021-11-01 01:08:43,329 [WARN] ModelIntegratedComponent:60 - No mode defined for component null
2021-11-01 01:08:43,329 [WARN] ModelIntegratedComponent:60 - No mode defined for component null
2021-11-01 01:08:43,329 [WARN] ModelIntegratedComponent:60 - No mode defined for component null
2021-11-01 01:08:43,329 [WARN] ModelIntegratedComponent:60 - No mode defined for component null
2021-11-01 01:08:43,329 [WARN] ModelIntegratedComponent:60 - No mode defined for component null
2021-11-01 01:08:43,330 [WARN] ModelIntegratedComponent:60 - No mode defined for component null
2021-11-01 01:08:43,330 [WARN] ModelIntegratedComponent:60 - No mode defined for component null
2021-11-01 01:08:43,330 [WARN] ModelIntegratedComponent:60 - No mode defined for component null
2021-11-01 01:08:43,330 [WARN] ModelIntegratedComponent:60 - No mode defined for component null
2021-11-01 01:08:43,330 [WARN] ModelIntegratedComponent:60 - No mode defined for component null
2021-11-01 01:08:43,330 [WARN] ModelIntegratedComponent:60 - No mode defined for component null
2021-11-01 01:08:43,330 [WARN] ModelIntegratedComponent:60 - No mode defined for component null
2021-11-01 01:08:43,330 [WARN] ModelIntegratedComponent:60 - No mode defined for component null
2021-11-01 01:08:43,330 [WARN] ModelIntegratedComponent:60 - No mode defined for component null
2021-11-01 01:08:43,330 [WARN] ModelIntegratedComponent:60 - No mode defined for component null
2021-11-01 01:08:43,330 [WARN] ModelIntegratedComponent:60 - No mode defined for component null
2021-11-01 01:08:43,330 [WARN] ModelIntegratedComponent:60 - No mode defined for component null
2021-11-01 01:08:43,331 [WARN] ModelIntegratedComponent:60 - No mode defined for component null
2021-11-01 01:08:43,331 [WARN] ModelIntegratedComponent:60 - No mode defined for component null
2021-11-01 01:08:43,331 [WARN] ModelIntegratedComponent:60 - No mode defined for component null
2021-11-01 01:08:43,331 [WARN] ModelIntegratedComponent:60 - No mode defined for component null
2021-11-01 01:08:43,331 [WARN] ModelIntegratedComponent:60 - No mode defined for component null
2021-11-01 01:08:43,331 [WARN] ModelIntegratedComponent:60 - No mode defined for component null
2021-11-01 01:08:43,331 [WARN] ModelIntegratedComponent:60 - No mode defined for component null
2021-11-01 01:08:43,331 [WARN] ModelIntegratedComponent:60 - No mode defined for component null
2021-11-01 01:08:43,331 [WARN] ModelIntegratedComponent:60 - No mode defined for component null
2021-11-01 01:08:43,331 [WARN] ModelIntegratedComponent:60 - No mode defined for component null
2021-11-01 01:08:43,331 [WARN] ModelIntegratedComponent:60 - No mode defined for component null
2021-11-01 01:08:43,331 [WARN] ModelIntegratedComponent:60 - No mode defined for component null
2021-11-01 01:08:43,332 [WARN] ModelIntegratedComponent:60 - No mode defined for component null
2021-11-01 01:08:43,332 [WARN] ModelIntegratedComponent:60 - No mode defined for component null
2021-11-01 01:08:43,458 [WARN] ApiManager:304 - Cannot register API 'Board Extension:IKS01A3' from pack STMicroelectronics.X-CUBE-MEMS1.9.0.0: no header file found
2021-11-01 01:08:43,458 [WARN] ApiManager:304 - Cannot register API 'Board Extension:IKS01A2' from pack STMicroelectronics.X-CUBE-MEMS1.9.0.0: no header file found
2021-11-01 01:08:43,458 [WARN] ApiManager:304 - Cannot register API 'Board Extension:IKS02A1' from pack STMicroelectronics.X-CUBE-MEMS1.9.0.0: no header file found
2021-11-01 01:08:43,471 [WARN] ApiManager:304 - Cannot register API 'Board Extension:S2868A1' from pack STMicroelectronics.X-CUBE-SUBG2.4.2.0: no header file found
2021-11-01 01:08:43,471 [WARN] ApiManager:304 - Cannot register API 'Board Extension:S2868A2' from pack STMicroelectronics.X-CUBE-SUBG2.4.2.0: no header file found
2021-11-01 01:08:43,471 [WARN] ApiManager:304 - Cannot register API 'Board Extension:S2915A1' from pack STMicroelectronics.X-CUBE-SUBG2.4.2.0: no header file found
2021-11-01 01:08:43,475 [INFO] RtosManager:484 - Registered RTOS mode: class=CMSIS, group=RTOS, mode=CMSIS_V1, owner=FREERTOS
2021-11-01 01:08:43,475 [INFO] RtosManager:484 - Registered RTOS mode: class=CMSIS, group=RTOS2, mode=CMSIS_V2, owner=FREERTOS
2021-11-01 01:08:43,475 [INFO] RtosManager:484 - Registered RTOS mode: class=RTOS, group=Core, mode=CMSIS_V1, owner=FREERTOS
2021-11-01 01:08:43,475 [INFO] RtosManager:484 - Registered RTOS mode: class=RTOS, group=Core, mode=CMSIS_V2, owner=FREERTOS
2021-11-01 01:08:43,475 [WARN] ModelIntegratedComponent:181 - Missing modes for component STMicroelectronics:FreeRTOS:0.0.1:STMicroelectronics:RTOS:FreeRTOS:Core:::10.2.0:
2021-11-01 01:08:43,481 [WARN] ApiManager:304 - Cannot register API 'Board Extension:EEPRMA1' from pack STMicroelectronics.X-CUBE-EEPRMA1.3.1.0: no header file found
2021-11-01 01:08:43,481 [WARN] ApiManager:304 - Cannot register API 'Board Extension:EEPRMA2' from pack STMicroelectronics.X-CUBE-EEPRMA1.3.1.0: no header file found
2021-11-01 01:08:43,482 [WARN] ApiManager:304 - Cannot register API 'Board Extension:GNSS1A1' from pack STMicroelectronics.X-CUBE-GNSS1.5.2.0: no header file found
2021-11-01 01:08:43,482 [WARN] ApiManager:304 - Cannot register API 'Board Support:Custom' from pack STMicroelectronics.X-CUBE-GNSS1.5.2.0: no header file found
2021-11-01 01:08:43,482 [WARN] ApiManager:304 - Cannot register API 'Data Exchange:lib_gnss' from pack STMicroelectronics.X-CUBE-GNSS1.5.2.0: no header file found
2021-11-01 01:08:43,483 [WARN] ApiManager:304 - Cannot register API 'Wireless:BlueNRG-MS' from pack STMicroelectronics.X-CUBE-BLE1.6.2.1: no header file found
2021-11-01 01:08:43,483 [WARN] ApiManager:304 - Cannot register API 'Wireless:BlueNRG-2' from pack STMicroelectronics.X-CUBE-BLE2.3.2.2: no header file found
2021-11-01 01:08:43,485 [WARN] ApiManager:304 - Cannot register API 'Board Extension:NFC04A1' from pack STMicroelectronics.X-CUBE-NFC4.2.0.3: no header file found
2021-11-01 01:08:43,848 [INFO] UtilMem:74 - End LoadConfig() Used Memory: 394347152 Bytes (517996544)
2021-11-01 01:08:43,850 [WARN] ThirdParty:779 - waiting for thirdparty lock release [change project]
2021-11-01 01:08:43,850 [INFO] ThirdParty:781 - entering critical section [change project]
2021-11-01 01:08:43,850 [INFO] ThirdParty:967 - CMSIS Pack Vendor :STMicroelectronics X-CUBE-SFXS2LP1 3.1.0
2021-11-01 01:08:43,850 [INFO] ThirdParty:967 - CMSIS Pack Vendor :RoweBots I-CUBE-UNISONRTOS 5.5.0-4
2021-11-01 01:08:43,850 [INFO] ThirdParty:967 - CMSIS Pack Vendor :STMicroelectronics X-CUBE-AZRTOS-F4 1.0.0
2021-11-01 01:08:43,850 [INFO] ThirdParty:967 - CMSIS Pack Vendor :STMicroelectronics USB_HOST 2.0.0
2021-11-01 01:08:43,850 [INFO] ThirdParty:967 - CMSIS Pack Vendor :STMicroelectronics X-CUBE-AZRTOS-H7 2.0.0
2021-11-01 01:08:43,850 [INFO] ThirdParty:967 - CMSIS Pack Vendor :STMicroelectronics X-CUBE-AZRTOS-L4 1.0.0
2021-11-01 01:08:43,851 [INFO] ThirdParty:967 - CMSIS Pack Vendor :STMicroelectronics USB_DEVICE 3.0.0
2021-11-01 01:08:43,851 [INFO] ThirdParty:967 - CMSIS Pack Vendor :STMicroelectronics X-CUBE-TOF1 2.0.0
2021-11-01 01:08:43,851 [INFO] ThirdParty:967 - CMSIS Pack Vendor :STMicroelectronics HAL Drivers 0.0.0
2021-11-01 01:08:43,851 [INFO] ThirdParty:967 - CMSIS Pack Vendor :STMicroelectronics MBEDTLS 2.16.2
2021-11-01 01:08:43,851 [INFO] ThirdParty:967 - CMSIS Pack Vendor :STMicroelectronics MBEDTLS 2.14.1
2021-11-01 01:08:43,851 [INFO] ThirdParty:967 - CMSIS Pack Vendor :STMicroelectronics X-CUBE-MEMS1 9.0.0
2021-11-01 01:08:43,851 [INFO] ThirdParty:967 - CMSIS Pack Vendor :STMicroelectronics X-CUBE-SUBG2 4.2.0
2021-11-01 01:08:43,851 [INFO] ThirdParty:967 - CMSIS Pack Vendor :STMicroelectronics X-CUBE-ALS 1.0.1
2021-11-01 01:08:43,851 [INFO] ThirdParty:967 - CMSIS Pack Vendor :STMicroelectronics USB_DEVICE 2.0.0
2021-11-01 01:08:43,851 [INFO] ThirdParty:967 - CMSIS Pack Vendor :STMicroelectronics X-CUBE-AI 7.0.0
2021-11-01 01:08:43,851 [INFO] ThirdParty:967 - CMSIS Pack Vendor :STMicroelectronics X-CUBE-ALGOBUILD 1.2.1
2021-11-01 01:08:43,851 [INFO] ThirdParty:967 - CMSIS Pack Vendor :STMicroelectronics X-CUBE-DISPLAY 1.0.0
2021-11-01 01:08:43,851 [INFO] ThirdParty:967 - CMSIS Pack Vendor :STMicroelectronics FreeRTOS 0.0.1
2021-11-01 01:08:43,851 [INFO] ThirdParty:967 - CMSIS Pack Vendor :STMicroelectronics USB_DEVICE 1.0.0
2021-11-01 01:08:43,851 [INFO] ThirdParty:967 - CMSIS Pack Vendor :SEGGER I-CUBE-embOS 1.2.0
2021-11-01 01:08:43,851 [INFO] ThirdParty:967 - CMSIS Pack Vendor :STMicroelectronics X-CUBE-EEPRMA1 3.1.0
2021-11-01 01:08:43,851 [INFO] ThirdParty:967 - CMSIS Pack Vendor :STMicroelectronics X-CUBE-GNSS1 5.2.0
2021-11-01 01:08:43,851 [INFO] ThirdParty:967 - CMSIS Pack Vendor :STMicroelectronics ThreadX 0.0.2
2021-11-01 01:08:43,851 [INFO] ThirdParty:967 - CMSIS Pack Vendor :STMicroelectronics lwIP 2.0.3
2021-11-01 01:08:43,851 [INFO] ThirdParty:967 - CMSIS Pack Vendor :STMicroelectronics lwIP 2.1.2
2021-11-01 01:08:43,851 [INFO] ThirdParty:967 - CMSIS Pack Vendor :STMicroelectronics X-CUBE-BLE1 6.2.1
2021-11-01 01:08:43,851 [INFO] ThirdParty:967 - CMSIS Pack Vendor :STMicroelectronics X-CUBE-BLE2 3.2.2
2021-11-01 01:08:43,851 [INFO] ThirdParty:967 - CMSIS Pack Vendor :STMicroelectronics X-CUBE-DISPLAY 2.0.0
2021-11-01 01:08:43,851 [INFO] ThirdParty:967 - CMSIS Pack Vendor :STMicroelectronics USB_HOST 1.0.0
2021-11-01 01:08:43,851 [INFO] ThirdParty:967 - CMSIS Pack Vendor :STMicroelectronics X-CUBE-NFC4 2.0.3
2021-11-01 01:08:43,852 [INFO] ThirdParty:967 - CMSIS Pack Vendor :wolfSSL I-CUBE-wolfSSL 4.8.0
2021-11-01 01:08:43,852 [INFO] ThirdParty:967 - CMSIS Pack Vendor :STMicroelectronics X-CUBE-TOUCHGFX 4.17.0
2021-11-01 01:08:43,852 [INFO] ThirdParty:967 - CMSIS Pack Vendor :STMicroelectronics PDM2PCM 3.1.0
2021-11-01 01:08:43,852 [INFO] ThirdParty:967 - CMSIS Pack Vendor :STMicroelectronics PDM2PCM 3.2.0
2021-11-01 01:08:43,852 [INFO] ThirdParty:967 - CMSIS Pack Vendor :STMicroelectronics PDM2PCM 3.3.0
2021-11-01 01:08:43,852 [INFO] ThirdParty:967 - CMSIS Pack Vendor :STMicroelectronics X-CUBE-TOUCHGFX 4.18.0
2021-11-01 01:08:43,852 [INFO] ThirdParty:787 - exiting critical section [change project]
2021-11-01 01:08:44,214 [INFO] PinOutPanel:1463 - setPackage(No Configuration,No Configuration)
2021-11-01 01:08:44,215 [INFO] PinOutPanel:1463 - setPackage(STM32F407VGTx,LQFP100)
2021-11-01 01:08:44,563 [INFO] UtilMem:74 - Before build in PCC Used Memory: 392735128 Bytes (517996544)
2021-11-01 01:08:45,029 [INFO] UtilMem:74 - After build in PCC Used Memory: 294096168 Bytes (517996544)
2021-11-01 01:08:45,071 [INFO] IPUIPlugin:74 - create IPUIPlugin
2021-11-01 01:08:45,072 [INFO] IPUIPlugin:74 - create IPUIPlugin
2021-11-01 01:08:45,072 [INFO] IPUIPlugin:74 - create IPUIPlugin
2021-11-01 01:08:45,072 [INFO] IPUIPlugin:74 - create IPUIPlugin
2021-11-01 01:08:45,072 [INFO] IPUIPlugin:74 - create IPUIPlugin
2021-11-01 01:08:45,072 [INFO] IPUIPlugin:74 - create IPUIPlugin
2021-11-01 01:08:45,073 [INFO] IPUIPlugin:74 - create IPUIPlugin
2021-11-01 01:08:45,073 [INFO] IPUIPlugin:74 - create IPUIPlugin
2021-11-01 01:08:45,073 [INFO] IPUIPlugin:74 - create IPUIPlugin
2021-11-01 01:08:45,073 [INFO] IPUIPlugin:74 - create IPUIPlugin
2021-11-01 01:08:45,073 [INFO] IPUIPlugin:74 - create IPUIPlugin
2021-11-01 01:08:45,073 [INFO] IPUIPlugin:74 - create IPUIPlugin
2021-11-01 01:08:45,074 [INFO] IPUIPlugin:74 - create IPUIPlugin
2021-11-01 01:08:45,074 [INFO] IPUIPlugin:74 - create IPUIPlugin
2021-11-01 01:08:45,074 [INFO] IPUIPlugin:74 - create IPUIPlugin
2021-11-01 01:08:45,074 [INFO] IPUIPlugin:74 - create IPUIPlugin
2021-11-01 01:08:45,074 [INFO] IPUIPlugin:74 - create IPUIPlugin
2021-11-01 01:08:45,074 [INFO] IPUIPlugin:74 - create IPUIPlugin
2021-11-01 01:08:45,074 [INFO] IPUIPlugin:74 - create IPUIPlugin
2021-11-01 01:08:45,075 [INFO] IPUIPlugin:74 - create IPUIPlugin
2021-11-01 01:08:45,075 [INFO] IPUIPlugin:74 - create IPUIPlugin
2021-11-01 01:08:45,075 [INFO] IPUIPlugin:74 - create IPUIPlugin
2021-11-01 01:08:45,075 [INFO] IPUIPlugin:74 - create IPUIPlugin
2021-11-01 01:08:45,075 [INFO] IPUIPlugin:74 - create IPUIPlugin
2021-11-01 01:08:45,076 [INFO] IPUIPlugin:74 - create IPUIPlugin
2021-11-01 01:08:45,076 [INFO] IPUIPlugin:74 - create IPUIPlugin
2021-11-01 01:08:45,076 [INFO] IPUIPlugin:74 - create IPUIPlugin
2021-11-01 01:08:45,076 [INFO] IPUIPlugin:74 - create IPUIPlugin
2021-11-01 01:08:45,077 [INFO] IPUIPlugin:74 - create IPUIPlugin
2021-11-01 01:08:45,077 [INFO] IPUIPlugin:74 - create IPUIPlugin
2021-11-01 01:08:45,077 [INFO] IPUIPlugin:74 - create IPUIPlugin
2021-11-01 01:08:45,077 [INFO] IPUIPlugin:74 - create IPUIPlugin
2021-11-01 01:08:45,077 [INFO] IPUIPlugin:74 - create IPUIPlugin
2021-11-01 01:08:45,078 [INFO] IPUIPlugin:74 - create IPUIPlugin
2021-11-01 01:08:45,078 [INFO] IPUIPlugin:74 - create IPUIPlugin
2021-11-01 01:08:45,078 [INFO] IPUIPlugin:74 - create IPUIPlugin
2021-11-01 01:08:45,078 [INFO] IPUIPlugin:74 - create IPUIPlugin
2021-11-01 01:08:45,078 [INFO] IPUIPlugin:74 - create IPUIPlugin
2021-11-01 01:08:45,079 [INFO] IPUIPlugin:74 - create IPUIPlugin
2021-11-01 01:08:45,079 [INFO] IPUIPlugin:74 - create IPUIPlugin
2021-11-01 01:08:45,079 [INFO] IPUIPlugin:74 - create IPUIPlugin
2021-11-01 01:08:45,079 [INFO] IPUIPlugin:74 - create IPUIPlugin
2021-11-01 01:08:45,079 [INFO] IPUIPlugin:74 - create IPUIPlugin
2021-11-01 01:08:45,079 [INFO] IPUIPlugin:74 - create IPUIPlugin
2021-11-01 01:08:45,080 [INFO] IPUIPlugin:74 - create IPUIPlugin
2021-11-01 01:08:45,080 [INFO] IPUIPlugin:74 - create IPUIPlugin
2021-11-01 01:08:45,080 [INFO] IPUIPlugin:74 - create IPUIPlugin
2021-11-01 01:08:45,080 [INFO] IPUIPlugin:74 - create IPUIPlugin
2021-11-01 01:08:45,080 [INFO] IPUIPlugin:74 - create IPUIPlugin
2021-11-01 01:08:45,081 [INFO] IPUIPlugin:74 - create IPUIPlugin
2021-11-01 01:08:45,081 [INFO] IPUIPlugin:74 - create IPUIPlugin
2021-11-01 01:08:45,081 [INFO] IPUIPlugin:74 - create IPUIPlugin
2021-11-01 01:08:45,081 [INFO] IPUIPlugin:74 - create IPUIPlugin
2021-11-01 01:08:45,082 [INFO] IPUIPlugin:74 - create IPUIPlugin
2021-11-01 01:08:45,082 [INFO] IPUIPlugin:74 - create IPUIPlugin
2021-11-01 01:08:45,083 [INFO] IPUIPlugin:74 - create IPUIPlugin
2021-11-01 01:08:45,083 [INFO] IPUIPlugin:74 - create IPUIPlugin
2021-11-01 01:08:45,084 [INFO] IPUIPlugin:74 - create IPUIPlugin
2021-11-01 01:08:45,121 [INFO] ApiDbMcu:468 - Load IP Config File for PDM2PCM
2021-11-01 01:08:45,226 [INFO] OpenFileManager:333 - Restore cursor
2021-11-01 01:08:45,491 [INFO] UtilMem:74 - End SaveConfig() Used Memory: 417571808 Bytes (517996544)
2021-11-01 01:08:45,529 [INFO] UtilMem:74 - End SaveConfig() Used Memory: 435919840 Bytes (517996544)
2021-11-01 01:08:45,992 [INFO] BlockDiagram:2740 - set Specific Code input for plugin: SYS
2021-11-01 01:08:45,992 [INFO] BlockDiagram:2740 - set Specific Code input for plugin: RCC
2021-11-01 01:08:45,992 [INFO] BlockDiagram:2740 - set Specific Code input for plugin: NVIC
2021-11-01 01:08:45,993 [INFO] BlockDiagram:2740 - set Specific Code input for plugin: GPIO
2021-11-01 01:08:45,993 [INFO] CodeGenerator:663 - code generatio: config db path: /opt/st/stm32cubeide_1.7.0/plugins/com.st.stm32cube.common.mx_6.3.0.202107141111//db/
2021-11-01 01:08:46,412 [INFO] CodeEngine:239 - oldGeneratedFile, /home/dedushka-mazay/GIT/RMuravka_C-Embedded_BaseCamp/mySecondProject/LedAndButtons/LedAndButtons/MXTmpFiles/license.tmp_save
2021-11-01 01:08:46,750 [INFO] CodeEngine:257 - Generated code: /home/dedushka-mazay/GIT/RMuravka_C-Embedded_BaseCamp/mySecondProject/LedAndButtons/LedAndButtons/MXTmpFiles/license.tmp
2021-11-01 01:08:46,811 [INFO] CodeEngine:239 - oldGeneratedFile, /home/dedushka-mazay/GIT/RMuravka_C-Embedded_BaseCamp/mySecondProject/LedAndButtons/LedAndButtons/MXTmpFiles/gpio.tmp_save
2021-11-01 01:08:46,919 [INFO] CodeEngine:257 - Generated code: /home/dedushka-mazay/GIT/RMuravka_C-Embedded_BaseCamp/mySecondProject/LedAndButtons/LedAndButtons/MXTmpFiles/gpio.tmp
2021-11-01 01:08:46,962 [INFO] CodeEngine:239 - oldGeneratedFile, /home/dedushka-mazay/GIT/RMuravka_C-Embedded_BaseCamp/mySecondProject/LedAndButtons/LedAndButtons/Core/Src/stm32f4xx_it.c_save
2021-11-01 01:08:47,059 [INFO] CodeEngine:257 - Generated code: /home/dedushka-mazay/GIT/RMuravka_C-Embedded_BaseCamp/mySecondProject/LedAndButtons/LedAndButtons/Core/Src/stm32f4xx_it.c
2021-11-01 01:08:47,060 [INFO] CodeEngine:239 - oldGeneratedFile, /home/dedushka-mazay/GIT/RMuravka_C-Embedded_BaseCamp/mySecondProject/LedAndButtons/LedAndButtons/Core/Inc/stm32f4xx_it.h_save
2021-11-01 01:08:47,135 [INFO] CodeEngine:257 - Generated code: /home/dedushka-mazay/GIT/RMuravka_C-Embedded_BaseCamp/mySecondProject/LedAndButtons/LedAndButtons/Core/Inc/stm32f4xx_it.h
2021-11-01 01:08:47,139 [INFO] CodeEngine:239 - oldGeneratedFile, /home/dedushka-mazay/GIT/RMuravka_C-Embedded_BaseCamp/mySecondProject/LedAndButtons/LedAndButtons/Core/Src/stm32f4xx_hal_msp.c_save
2021-11-01 01:08:47,264 [INFO] CodeEngine:257 - Generated code: /home/dedushka-mazay/GIT/RMuravka_C-Embedded_BaseCamp/mySecondProject/LedAndButtons/LedAndButtons/Core/Src/stm32f4xx_hal_msp.c
2021-11-01 01:08:47,265 [INFO] CodeEngine:239 - oldGeneratedFile, /home/dedushka-mazay/GIT/RMuravka_C-Embedded_BaseCamp/mySecondProject/LedAndButtons/LedAndButtons/MXTmpFiles/system.tmp_save
2021-11-01 01:08:47,338 [INFO] CodeEngine:257 - Generated code: /home/dedushka-mazay/GIT/RMuravka_C-Embedded_BaseCamp/mySecondProject/LedAndButtons/LedAndButtons/MXTmpFiles/system.tmp
2021-11-01 01:08:47,341 [INFO] CodeEngine:239 - oldGeneratedFile, /home/dedushka-mazay/GIT/RMuravka_C-Embedded_BaseCamp/mySecondProject/LedAndButtons/LedAndButtons/Core/Inc/stm32f4xx_hal_conf.h_save
2021-11-01 01:08:47,419 [INFO] CodeEngine:257 - Generated code: /home/dedushka-mazay/GIT/RMuravka_C-Embedded_BaseCamp/mySecondProject/LedAndButtons/LedAndButtons/Core/Inc/stm32f4xx_hal_conf.h
2021-11-01 01:08:47,491 [INFO] CodeEngine:239 - oldGeneratedFile, /home/dedushka-mazay/GIT/RMuravka_C-Embedded_BaseCamp/mySecondProject/LedAndButtons/LedAndButtons/Core/Inc/main.h_save
2021-11-01 01:08:47,568 [INFO] CodeEngine:257 - Generated code: /home/dedushka-mazay/GIT/RMuravka_C-Embedded_BaseCamp/mySecondProject/LedAndButtons/LedAndButtons/Core/Inc/main.h
2021-11-01 01:08:47,569 [INFO] CodeEngine:239 - oldGeneratedFile, /home/dedushka-mazay/GIT/RMuravka_C-Embedded_BaseCamp/mySecondProject/LedAndButtons/LedAndButtons/Core/Src/main.c_save
2021-11-01 01:08:47,671 [INFO] CodeEngine:257 - Generated code: /home/dedushka-mazay/GIT/RMuravka_C-Embedded_BaseCamp/mySecondProject/LedAndButtons/LedAndButtons/Core/Src/main.c
2021-11-01 01:08:48,353 [INFO] ProjectBuilder:2578 - Time for Copy HAL[1] : 8mS.
2021-11-01 01:08:48,357 [INFO] ProjectBuilder:3622 - Project Generator version: 3.14.1
2021-11-01 01:08:48,712 [INFO] ConfigFileManager:1271 - The Die is : DIE413
2021-11-01 01:08:48,722 [INFO] ApiDbMcu:468 - Load IP Config File for FATFS
2021-11-01 01:08:48,743 [INFO] ApiDbMcu:468 - Load IP Config File for FREERTOS
2021-11-01 01:08:48,746 [INFO] ApiDbMcu:468 - Load IP Config File for LIBJPEG
2021-11-01 01:08:48,796 [INFO] ApiDbMcu:468 - Load IP Config File for LWIP
2021-11-01 01:08:48,822 [INFO] ApiDbMcu:468 - Load IP Config File for MBEDTLS
2021-11-01 01:08:48,874 [INFO] ApiDbMcu:468 - Load IP Config File for USB_DEVICE
2021-11-01 01:08:48,881 [INFO] ApiDbMcu:468 - Load IP Config File for USB_HOST
2021-11-01 01:08:51,481 [INFO] ProjectBuilder:3789 - Time for Generating toolchain IDE Files: 3124mS.
2021-11-01 01:08:51,481 [INFO] ProjectBuilder:2457 - Time for Copy CMSIS : 0mS.
2021-11-01 01:08:51,482 [INFO] ProjectBuilder:2457 - Time for Copy CMSIS : 0mS.
2021-11-01 01:08:51,666 [INFO] McuFinderGlobals:52 - Set McuFinderConnectedMode to true
2021-11-01 01:08:51,667 [INFO] ApiDb:276 - Save user favorites file /home/dedushka-mazay/.stm32cubeide/favorites.mcus.txt: 1 item(s)
2021-11-01 01:08:51,668 [INFO] ApiDb:280 - User favorites MCUs=[STM32F407VGTx]
2021-11-01 01:09:20,948 [INFO] RetryExec:97 - I/O exception (java.net.SocketException) caught when processing request to {}->http://sw-center.st.com:80: Connection reset
2021-11-01 01:09:20,950 [INFO] RetryExec:113 - Retrying request to {}->http://sw-center.st.com:80
2021-11-01 01:11:53,762 [INFO] DmaTabbedPanel:198 - Cannot restore the selected Tab for DMA
2021-11-01 01:11:54,206 [INFO] Gpio:254 - dependency for GPIO []
2021-11-01 01:11:54,997 [INFO] NvicIntPanel:96 - NVIC parent = com.st.microxplorer.plugins.ip.nvic.MultiNvicIntPanel[,2,26,494x613,layout=javax.swing.BoxLayout,alignmentX=0.0,alignmentY=0.0,border=,flags=9,maximumSize=,minimumSize=,preferredSize=]
2021-11-01 01:12:32,256 [INFO] UtilMem:74 - End SaveConfig() Used Memory: 647774256 Bytes (793772032)
2021-11-01 01:12:33,277 [INFO] UtilMem:74 - End SaveConfig() Used Memory: 671891504 Bytes (793772032)
2021-11-01 01:12:34,746 [INFO] UtilMem:74 - End SaveConfig() Used Memory: 661163576 Bytes (793772032)
2021-11-01 01:12:34,890 [INFO] BlockDiagram:2740 - set Specific Code input for plugin: SYS
2021-11-01 01:12:34,890 [INFO] BlockDiagram:2740 - set Specific Code input for plugin: RCC
2021-11-01 01:12:34,891 [INFO] BlockDiagram:2740 - set Specific Code input for plugin: NVIC
2021-11-01 01:12:34,891 [INFO] BlockDiagram:2740 - set Specific Code input for plugin: GPIO
2021-11-01 01:12:34,891 [INFO] CodeGenerator:663 - code generatio: config db path: /opt/st/stm32cubeide_1.7.0/plugins/com.st.stm32cube.common.mx_6.3.0.202107141111//db/
2021-11-01 01:12:35,064 [INFO] CodeEngine:239 - oldGeneratedFile, /home/dedushka-mazay/GIT/RMuravka_C-Embedded_BaseCamp/mySecondProject/LedAndButtons/LedAndButtons/MXTmpFiles/license.tmp_save
2021-11-01 01:12:35,157 [INFO] CodeEngine:257 - Generated code: /home/dedushka-mazay/GIT/RMuravka_C-Embedded_BaseCamp/mySecondProject/LedAndButtons/LedAndButtons/MXTmpFiles/license.tmp
2021-11-01 01:12:35,176 [INFO] CodeEngine:239 - oldGeneratedFile, /home/dedushka-mazay/GIT/RMuravka_C-Embedded_BaseCamp/mySecondProject/LedAndButtons/LedAndButtons/MXTmpFiles/gpio.tmp_save
2021-11-01 01:12:35,244 [INFO] CodeEngine:257 - Generated code: /home/dedushka-mazay/GIT/RMuravka_C-Embedded_BaseCamp/mySecondProject/LedAndButtons/LedAndButtons/MXTmpFiles/gpio.tmp
2021-11-01 01:12:35,267 [INFO] CodeEngine:239 - oldGeneratedFile, /home/dedushka-mazay/GIT/RMuravka_C-Embedded_BaseCamp/mySecondProject/LedAndButtons/LedAndButtons/Core/Src/stm32f4xx_it.c_save
2021-11-01 01:12:35,350 [INFO] CodeEngine:257 - Generated code: /home/dedushka-mazay/GIT/RMuravka_C-Embedded_BaseCamp/mySecondProject/LedAndButtons/LedAndButtons/Core/Src/stm32f4xx_it.c
2021-11-01 01:12:35,351 [INFO] CodeEngine:239 - oldGeneratedFile, /home/dedushka-mazay/GIT/RMuravka_C-Embedded_BaseCamp/mySecondProject/LedAndButtons/LedAndButtons/Core/Inc/stm32f4xx_it.h_save
2021-11-01 01:12:35,439 [INFO] CodeEngine:257 - Generated code: /home/dedushka-mazay/GIT/RMuravka_C-Embedded_BaseCamp/mySecondProject/LedAndButtons/LedAndButtons/Core/Inc/stm32f4xx_it.h
2021-11-01 01:12:35,470 [INFO] CodeEngine:239 - oldGeneratedFile, /home/dedushka-mazay/GIT/RMuravka_C-Embedded_BaseCamp/mySecondProject/LedAndButtons/LedAndButtons/Core/Src/stm32f4xx_hal_msp.c_save
2021-11-01 01:12:35,542 [INFO] CodeEngine:257 - Generated code: /home/dedushka-mazay/GIT/RMuravka_C-Embedded_BaseCamp/mySecondProject/LedAndButtons/LedAndButtons/Core/Src/stm32f4xx_hal_msp.c
2021-11-01 01:12:35,543 [INFO] CodeEngine:239 - oldGeneratedFile, /home/dedushka-mazay/GIT/RMuravka_C-Embedded_BaseCamp/mySecondProject/LedAndButtons/LedAndButtons/MXTmpFiles/system.tmp_save
2021-11-01 01:12:35,587 [INFO] CodeEngine:257 - Generated code: /home/dedushka-mazay/GIT/RMuravka_C-Embedded_BaseCamp/mySecondProject/LedAndButtons/LedAndButtons/MXTmpFiles/system.tmp
2021-11-01 01:12:35,588 [INFO] CodeEngine:239 - oldGeneratedFile, /home/dedushka-mazay/GIT/RMuravka_C-Embedded_BaseCamp/mySecondProject/LedAndButtons/LedAndButtons/Core/Inc/stm32f4xx_hal_conf.h_save
2021-11-01 01:12:35,641 [INFO] CodeEngine:257 - Generated code: /home/dedushka-mazay/GIT/RMuravka_C-Embedded_BaseCamp/mySecondProject/LedAndButtons/LedAndButtons/Core/Inc/stm32f4xx_hal_conf.h
2021-11-01 01:12:35,661 [INFO] CodeEngine:239 - oldGeneratedFile, /home/dedushka-mazay/GIT/RMuravka_C-Embedded_BaseCamp/mySecondProject/LedAndButtons/LedAndButtons/Core/Inc/main.h_save
2021-11-01 01:12:35,710 [INFO] CodeEngine:257 - Generated code: /home/dedushka-mazay/GIT/RMuravka_C-Embedded_BaseCamp/mySecondProject/LedAndButtons/LedAndButtons/Core/Inc/main.h
2021-11-01 01:12:35,710 [INFO] CodeEngine:239 - oldGeneratedFile, /home/dedushka-mazay/GIT/RMuravka_C-Embedded_BaseCamp/mySecondProject/LedAndButtons/LedAndButtons/Core/Src/main.c_save
2021-11-01 01:12:35,805 [INFO] CodeEngine:257 - Generated code: /home/dedushka-mazay/GIT/RMuravka_C-Embedded_BaseCamp/mySecondProject/LedAndButtons/LedAndButtons/Core/Src/main.c
2021-11-01 01:12:36,238 [INFO] ProjectBuilder:2578 - Time for Copy HAL[1] : 13mS.
2021-11-01 01:12:36,239 [INFO] ProjectBuilder:3622 - Project Generator version: 3.14.1
2021-11-01 01:12:36,467 [INFO] ConfigFileManager:1271 - The Die is : DIE413
2021-11-01 01:12:37,537 [INFO] ProjectBuilder:3789 - Time for Generating toolchain IDE Files: 1298mS.
2021-11-01 01:12:37,537 [INFO] ProjectBuilder:2457 - Time for Copy CMSIS : 0mS.
2021-11-01 01:12:37,538 [INFO] ProjectBuilder:2457 - Time for Copy CMSIS : 0mS.
2021-11-01 01:13:37,186 [ERROR] LogOutputStream:74 - [STDERR_REDIRECT] Exception in thread "AWT-EventQueue-0" org.eclipse.swt.SWTException: Device is disposed
2021-11-01 01:13:37,187 [ERROR] LogOutputStream:74 - [STDERR_REDIRECT] 	at org.eclipse.swt.SWT.error(SWT.java:4889)
2021-11-01 01:13:37,188 [ERROR] LogOutputStream:74 - [STDERR_REDIRECT] 	at org.eclipse.swt.SWT.error(SWT.java:4804)
2021-11-01 01:13:37,190 [ERROR] LogOutputStream:74 - [STDERR_REDIRECT] 	at org.eclipse.swt.SWT.error(SWT.java:4775)
2021-11-01 01:13:37,192 [ERROR] LogOutputStream:74 - [STDERR_REDIRECT] 	at org.eclipse.swt.widgets.Display.error(Display.java:1490)
2021-11-01 01:13:37,194 [ERROR] LogOutputStream:74 - [STDERR_REDIRECT] 	at org.eclipse.swt.widgets.Display.asyncExec(Display.java:919)
2021-11-01 01:13:37,196 [ERROR] LogOutputStream:74 - [STDERR_REDIRECT] 	at com.st.stm32cube.common.mx.oss.core.awtswtbridge.AwtEnvironment$2.run(AwtEnvironment.java:168)
2021-11-01 01:13:37,197 [ERROR] LogOutputStream:74 - [STDERR_REDIRECT] 	at java.desktop/java.awt.event.InvocationEvent.dispatch(InvocationEvent.java:313)
2021-11-01 01:13:37,199 [ERROR] LogOutputStream:74 - [STDERR_REDIRECT] 	at java.desktop/java.awt.EventQueue.dispatchEventImpl(EventQueue.java:770)
2021-11-01 01:13:37,200 [ERROR] LogOutputStream:74 - [STDERR_REDIRECT] 	at java.desktop/java.awt.EventQueue$4.run(EventQueue.java:721)
2021-11-01 01:13:37,202 [ERROR] LogOutputStream:74 - [STDERR_REDIRECT] 	at java.desktop/java.awt.EventQueue$4.run(EventQueue.java:715)
2021-11-01 01:13:37,204 [ERROR] LogOutputStream:74 - [STDERR_REDIRECT] 	at java.base/java.security.AccessController.doPrivileged(Native Method)
2021-11-01 01:13:37,208 [ERROR] LogOutputStream:74 - [STDERR_REDIRECT] 	at java.base/java.security.ProtectionDomain$JavaSecurityAccessImpl.doIntersectionPrivilege(ProtectionDomain.java:85)
2021-11-01 01:13:37,210 [ERROR] LogOutputStream:74 - [STDERR_REDIRECT] 	at java.desktop/java.awt.EventQueue.dispatchEvent(EventQueue.java:740)
2021-11-01 01:13:37,212 [ERROR] LogOutputStream:74 - [STDERR_REDIRECT] 	at java.desktop/java.awt.EventDispatchThread.pumpOneEventForFilters(EventDispatchThread.java:203)
2021-11-01 01:13:37,213 [ERROR] LogOutputStream:74 - [STDERR_REDIRECT] 	at java.desktop/java.awt.EventDispatchThread.pumpEventsForFilter(EventDispatchThread.java:124)
2021-11-01 01:13:37,215 [ERROR] LogOutputStream:74 - [STDERR_REDIRECT] 	at java.desktop/java.awt.EventDispatchThread.pumpEventsForHierarchy(EventDispatchThread.java:113)
2021-11-01 01:13:37,220 [ERROR] LogOutputStream:74 - [STDERR_REDIRECT] 	at java.desktop/java.awt.EventDispatchThread.pumpEvents(EventDispatchThread.java:109)
2021-11-01 01:13:37,222 [ERROR] LogOutputStream:74 - [STDERR_REDIRECT] 	at java.desktop/java.awt.EventDispatchThread.pumpEvents(EventDispatchThread.java:101)
2021-11-01 01:13:37,224 [ERROR] LogOutputStream:74 - [STDERR_REDIRECT] 	at java.desktop/java.awt.EventDispatchThread.run(EventDispatchThread.java:90)
2021-11-01 18:08:31,333 [INFO] Activator:177 - 


2021-11-01 18:08:31,335 [INFO] Activator:178 - !SESSION log4j initialized
2021-11-01 18:14:45,128 [INFO] Activator:177 - 


2021-11-01 18:14:45,130 [INFO] Activator:178 - !SESSION log4j initialized
