20:41:57 **** Incremental Build of configuration Debug for project PWM ****
make -j8 all 
arm-none-eabi-gcc "../Core/Src/main.c" -mcpu=cortex-m4 -std=gnu11 -g3 -DDEBUG -DUSE_HAL_DRIVER -DSTM32F407xx -c -I../Core/Inc -I../Drivers/STM32F4xx_HAL_Driver/Inc -I../Drivers/STM32F4xx_HAL_Driver/Inc/Legacy -I../Drivers/CMSIS/Device/ST/STM32F4xx/Include -I../Drivers/CMSIS/Include -O0 -ffunction-sections -fdata-sections -Wall -fstack-usage -MMD -MP -MF"Core/Src/main.d" -MT"Core/Src/main.o" --specs=nano.specs -mfpu=fpv4-sp-d16 -mfloat-abi=hard -mthumb -o "Core/Src/main.o"
../Core/Src/main.c: In function 'main':
../Core/Src/main.c:101:39: warning: implicit declaration of function 'getFrequency' [-Wimplicit-function-declaration]
  101 |    TIM4 -> PSC = ((MAX_IN_FREQUENCY / getFrequency()) / COUNT_PERIOD) - 1; //Увел. или умен. частоты
      |                                       ^~~~~~~~~~~~
../Core/Src/main.c:102:12: warning: implicit declaration of function 'getLeds' [-Wimplicit-function-declaration]
  102 |    switch (getLeds()) //Переключение светодиодов с увел. или с умен. рабочего цикла
      |            ^~~~~~~
../Core/Src/main.c:107:44: warning: implicit declaration of function 'getCycle' [-Wimplicit-function-declaration]
  107 |      TIM4 -> CCR1 = (COUNT_PERIOD / 100) * getCycle();
      |                                            ^~~~~~~~
arm-none-eabi-gcc -o "PWM.elf" @"objects.list"   -mcpu=cortex-m4 -T"/home/dedushka-mazay/GIT/RMuravka_C-Embedded_BaseCamp/myThirdProject/PWM/STM32F407VGTX_FLASH.ld" --specs=nosys.specs -Wl,-Map="PWM.map" -Wl,--gc-sections -static --specs=nano.specs -mfpu=fpv4-sp-d16 -mfloat-abi=hard -mthumb -Wl,--start-group -lc -lm -Wl,--end-group
Finished building target: PWM.elf
 
arm-none-eabi-size   PWM.elf 
arm-none-eabi-objdump -h -S  PWM.elf  > "PWM.list"
arm-none-eabi-objcopy  -O binary  PWM.elf  "PWM.bin"
   text	   data	    bss	    dec	    hex	filename
   9660	     44	   1644	  11348	   2c54	PWM.elf
Finished building: default.size.stdout
 
Finished building: PWM.bin
 
Finished building: PWM.list
 

20:41:57 Build Finished. 0 errors, 3 warnings. (took 373ms)

